Error: 210118 19:35:59Error en la conexion a WebService
	 java.net.ConnectException: Connection refused: connect
		org.apache.axis.AxisFault.makeFault(AxisFault.java:101)
		org.apache.axis.transport.http.HTTPSender.invoke(HTTPSender.java:154)
		org.apache.axis.strategies.InvocationStrategy.visit(InvocationStrategy.java:32)
		org.apache.axis.SimpleChain.doVisiting(SimpleChain.java:118)
		org.apache.axis.SimpleChain.invoke(SimpleChain.java:83)
		org.apache.axis.client.AxisClient.invoke(AxisClient.java:165)
		org.apache.axis.client.Call.invokeEngine(Call.java:2784)
		org.apache.axis.client.Call.invoke(Call.java:2767)
		org.apache.axis.client.Call.invoke(Call.java:2443)
		org.apache.axis.client.Call.invoke(Call.java:2366)
		org.apache.axis.client.Call.invoke(Call.java:1812)
		com.pos.Pos.PosWSPortBindingStubSinc.muestraEstadoSinc(PosWSPortBindingStubSinc.java:164)
		com.pos.apl.Exportador.run(Exportador.java:56)

Error: 210118 19:36:19Error en la conexion a WebService
	 java.net.ConnectException: Connection timed out: connect
		org.apache.axis.AxisFault.makeFault(AxisFault.java:101)
		org.apache.axis.transport.http.HTTPSender.invoke(HTTPSender.java:154)
		org.apache.axis.strategies.InvocationStrategy.visit(InvocationStrategy.java:32)
		org.apache.axis.SimpleChain.doVisiting(SimpleChain.java:118)
		org.apache.axis.SimpleChain.invoke(SimpleChain.java:83)
		org.apache.axis.client.AxisClient.invoke(AxisClient.java:165)
		org.apache.axis.client.Call.invokeEngine(Call.java:2784)
		org.apache.axis.client.Call.invoke(Call.java:2767)
		org.apache.axis.client.Call.invoke(Call.java:2443)
		org.apache.axis.client.Call.invoke(Call.java:2366)
		org.apache.axis.client.Call.invoke(Call.java:1812)
		com.pos.Pos.PosWSPortBindingStubSinc.muestraEstadoSinc(PosWSPortBindingStubSinc.java:164)
		com.pos.apl.Exportador.run(Exportador.java:56)

Error: 210118 19:36:38Error en la conexion a WebService
	 java.net.ConnectException: Connection timed out: connect
		org.apache.axis.AxisFault.makeFault(AxisFault.java:101)
		org.apache.axis.transport.http.HTTPSender.invoke(HTTPSender.java:154)
		org.apache.axis.strategies.InvocationStrategy.visit(InvocationStrategy.java:32)
		org.apache.axis.SimpleChain.doVisiting(SimpleChain.java:118)
		org.apache.axis.SimpleChain.invoke(SimpleChain.java:83)
		org.apache.axis.client.AxisClient.invoke(AxisClient.java:165)
		org.apache.axis.client.Call.invokeEngine(Call.java:2784)
		org.apache.axis.client.Call.invoke(Call.java:2767)
		org.apache.axis.client.Call.invoke(Call.java:2443)
		org.apache.axis.client.Call.invoke(Call.java:2366)
		org.apache.axis.client.Call.invoke(Call.java:1812)
		com.pos.Pos.PosWSPortBindingStubSinc.muestraEstadoSinc(PosWSPortBindingStubSinc.java:164)
		com.pos.apl.Exportador.run(Exportador.java:56)

Error: 210118 19:36:59Error en la conexion a WebService
	 java.net.ConnectException: Connection refused: connect
		org.apache.axis.AxisFault.makeFault(AxisFault.java:101)
		org.apache.axis.transport.http.HTTPSender.invoke(HTTPSender.java:154)
		org.apache.axis.strategies.InvocationStrategy.visit(InvocationStrategy.java:32)
		org.apache.axis.SimpleChain.doVisiting(SimpleChain.java:118)
		org.apache.axis.SimpleChain.invoke(SimpleChain.java:83)
		org.apache.axis.client.AxisClient.invoke(AxisClient.java:165)
		org.apache.axis.client.Call.invokeEngine(Call.java:2784)
		org.apache.axis.client.Call.invoke(Call.java:2767)
		org.apache.axis.client.Call.invoke(Call.java:2443)
		org.apache.axis.client.Call.invoke(Call.java:2366)
		org.apache.axis.client.Call.invoke(Call.java:1812)
		com.pos.Pos.PosWSPortBindingStubSinc.muestraEstadoSinc(PosWSPortBindingStubSinc.java:164)
		com.pos.apl.Exportador.run(Exportador.java:56)

Error: 210118 19:37:15Error en la conexion a WebService
	 java.net.ConnectException: Connection refused: connect
		org.apache.axis.AxisFault.makeFault(AxisFault.java:101)
		org.apache.axis.transport.http.HTTPSender.invoke(HTTPSender.java:154)
		org.apache.axis.strategies.InvocationStrategy.visit(InvocationStrategy.java:32)
		org.apache.axis.SimpleChain.doVisiting(SimpleChain.java:118)
		org.apache.axis.SimpleChain.invoke(SimpleChain.java:83)
		org.apache.axis.client.AxisClient.invoke(AxisClient.java:165)
		org.apache.axis.client.Call.invokeEngine(Call.java:2784)
		org.apache.axis.client.Call.invoke(Call.java:2767)
		org.apache.axis.client.Call.invoke(Call.java:2443)
		org.apache.axis.client.Call.invoke(Call.java:2366)
		org.apache.axis.client.Call.invoke(Call.java:1812)
		com.pos.Pos.PosWSPortBindingStubSinc.muestraEstadoSinc(PosWSPortBindingStubSinc.java:164)
		com.pos.apl.Exportador.run(Exportador.java:56)

Error: 210118 19:37:39Error en la conexion a WebService
	 java.net.ConnectException: Connection refused: connect
		org.apache.axis.AxisFault.makeFault(AxisFault.java:101)
		org.apache.axis.transport.http.HTTPSender.invoke(HTTPSender.java:154)
		org.apache.axis.strategies.InvocationStrategy.visit(InvocationStrategy.java:32)
		org.apache.axis.SimpleChain.doVisiting(SimpleChain.java:118)
		org.apache.axis.SimpleChain.invoke(SimpleChain.java:83)
		org.apache.axis.client.AxisClient.invoke(AxisClient.java:165)
		org.apache.axis.client.Call.invokeEngine(Call.java:2784)
		org.apache.axis.client.Call.invoke(Call.java:2767)
		org.apache.axis.client.Call.invoke(Call.java:2443)
		org.apache.axis.client.Call.invoke(Call.java:2366)
		org.apache.axis.client.Call.invoke(Call.java:1812)
		com.pos.Pos.PosWSPortBindingStubSinc.muestraEstadoSinc(PosWSPortBindingStubSinc.java:164)
		com.pos.apl.Exportador.run(Exportador.java:56)

Error: 210118 19:37:56Error en la conexion a WebService
	 java.net.ConnectException: Connection refused: connect
		org.apache.axis.AxisFault.makeFault(AxisFault.java:101)
		org.apache.axis.transport.http.HTTPSender.invoke(HTTPSender.java:154)
		org.apache.axis.strategies.InvocationStrategy.visit(InvocationStrategy.java:32)
		org.apache.axis.SimpleChain.doVisiting(SimpleChain.java:118)
		org.apache.axis.SimpleChain.invoke(SimpleChain.java:83)
		org.apache.axis.client.AxisClient.invoke(AxisClient.java:165)
		org.apache.axis.client.Call.invokeEngine(Call.java:2784)
		org.apache.axis.client.Call.invoke(Call.java:2767)
		org.apache.axis.client.Call.invoke(Call.java:2443)
		org.apache.axis.client.Call.invoke(Call.java:2366)
		org.apache.axis.client.Call.invoke(Call.java:1812)
		com.pos.Pos.PosWSPortBindingStubSinc.muestraEstadoSinc(PosWSPortBindingStubSinc.java:164)
		com.pos.apl.Exportador.run(Exportador.java:56)

Error: 210118 19:38:09Error en la conexion a WebService
	 java.net.ConnectException: Connection refused: connect
		org.apache.axis.AxisFault.makeFault(AxisFault.java:101)
		org.apache.axis.transport.http.HTTPSender.invoke(HTTPSender.java:154)
		org.apache.axis.strategies.InvocationStrategy.visit(InvocationStrategy.java:32)
		org.apache.axis.SimpleChain.doVisiting(SimpleChain.java:118)
		org.apache.axis.SimpleChain.invoke(SimpleChain.java:83)
		org.apache.axis.client.AxisClient.invoke(AxisClient.java:165)
		org.apache.axis.client.Call.invokeEngine(Call.java:2784)
		org.apache.axis.client.Call.invoke(Call.java:2767)
		org.apache.axis.client.Call.invoke(Call.java:2443)
		org.apache.axis.client.Call.invoke(Call.java:2366)
		org.apache.axis.client.Call.invoke(Call.java:1812)
		com.pos.Pos.PosWSPortBindingStubSinc.muestraEstadoSinc(PosWSPortBindingStubSinc.java:164)
		com.pos.apl.Exportador.run(Exportador.java:56)

Error: 210118 19:38:28Error en la conexion a WebService
	 java.net.ConnectException: Connection timed out: connect
		org.apache.axis.AxisFault.makeFault(AxisFault.java:101)
		org.apache.axis.transport.http.HTTPSender.invoke(HTTPSender.java:154)
		org.apache.axis.strategies.InvocationStrategy.visit(InvocationStrategy.java:32)
		org.apache.axis.SimpleChain.doVisiting(SimpleChain.java:118)
		org.apache.axis.SimpleChain.invoke(SimpleChain.java:83)
		org.apache.axis.client.AxisClient.invoke(AxisClient.java:165)
		org.apache.axis.client.Call.invokeEngine(Call.java:2784)
		org.apache.axis.client.Call.invoke(Call.java:2767)
		org.apache.axis.client.Call.invoke(Call.java:2443)
		org.apache.axis.client.Call.invoke(Call.java:2366)
		org.apache.axis.client.Call.invoke(Call.java:1812)
		com.pos.Pos.PosWSPortBindingStubSinc.muestraEstadoSinc(PosWSPortBindingStubSinc.java:164)
		com.pos.apl.Exportador.run(Exportador.java:56)

Error: 210118 19:38:42Error en la conexion a WebService
	 java.net.ConnectException: Connection refused: connect
		org.apache.axis.AxisFault.makeFault(AxisFault.java:101)
		org.apache.axis.transport.http.HTTPSender.invoke(HTTPSender.java:154)
		org.apache.axis.strategies.InvocationStrategy.visit(InvocationStrategy.java:32)
		org.apache.axis.SimpleChain.doVisiting(SimpleChain.java:118)
		org.apache.axis.SimpleChain.invoke(SimpleChain.java:83)
		org.apache.axis.client.AxisClient.invoke(AxisClient.java:165)
		org.apache.axis.client.Call.invokeEngine(Call.java:2784)
		org.apache.axis.client.Call.invoke(Call.java:2767)
		org.apache.axis.client.Call.invoke(Call.java:2443)
		org.apache.axis.client.Call.invoke(Call.java:2366)
		org.apache.axis.client.Call.invoke(Call.java:1812)
		com.pos.Pos.PosWSPortBindingStubSinc.muestraEstadoSinc(PosWSPortBindingStubSinc.java:164)
		com.pos.apl.Exportador.run(Exportador.java:56)

Error: 210118 19:38:56Error en la conexion a WebService
	 java.net.ConnectException: Connection refused: connect
		org.apache.axis.AxisFault.makeFault(AxisFault.java:101)
		org.apache.axis.transport.http.HTTPSender.invoke(HTTPSender.java:154)
		org.apache.axis.strategies.InvocationStrategy.visit(InvocationStrategy.java:32)
		org.apache.axis.SimpleChain.doVisiting(SimpleChain.java:118)
		org.apache.axis.SimpleChain.invoke(SimpleChain.java:83)
		org.apache.axis.client.AxisClient.invoke(AxisClient.java:165)
		org.apache.axis.client.Call.invokeEngine(Call.java:2784)
		org.apache.axis.client.Call.invoke(Call.java:2767)
		org.apache.axis.client.Call.invoke(Call.java:2443)
		org.apache.axis.client.Call.invoke(Call.java:2366)
		org.apache.axis.client.Call.invoke(Call.java:1812)
		com.pos.Pos.PosWSPortBindingStubSinc.muestraEstadoSinc(PosWSPortBindingStubSinc.java:164)
		com.pos.apl.Exportador.run(Exportador.java:56)

Error: 210118 19:39:11Error en la conexion a WebService
	 java.net.ConnectException: Connection refused: connect
		org.apache.axis.AxisFault.makeFault(AxisFault.java:101)
		org.apache.axis.transport.http.HTTPSender.invoke(HTTPSender.java:154)
		org.apache.axis.strategies.InvocationStrategy.visit(InvocationStrategy.java:32)
		org.apache.axis.SimpleChain.doVisiting(SimpleChain.java:118)
		org.apache.axis.SimpleChain.invoke(SimpleChain.java:83)
		org.apache.axis.client.AxisClient.invoke(AxisClient.java:165)
		org.apache.axis.client.Call.invokeEngine(Call.java:2784)
		org.apache.axis.client.Call.invoke(Call.java:2767)
		org.apache.axis.client.Call.invoke(Call.java:2443)
		org.apache.axis.client.Call.invoke(Call.java:2366)
		org.apache.axis.client.Call.invoke(Call.java:1812)
		com.pos.Pos.PosWSPortBindingStubSinc.muestraEstadoSinc(PosWSPortBindingStubSinc.java:164)
		com.pos.apl.Exportador.run(Exportador.java:56)

Error: 210118 19:39:24Error en la conexion a WebService
	 java.net.ConnectException: Connection refused: connect
		org.apache.axis.AxisFault.makeFault(AxisFault.java:101)
		org.apache.axis.transport.http.HTTPSender.invoke(HTTPSender.java:154)
		org.apache.axis.strategies.InvocationStrategy.visit(InvocationStrategy.java:32)
		org.apache.axis.SimpleChain.doVisiting(SimpleChain.java:118)
		org.apache.axis.SimpleChain.invoke(SimpleChain.java:83)
		org.apache.axis.client.AxisClient.invoke(AxisClient.java:165)
		org.apache.axis.client.Call.invokeEngine(Call.java:2784)
		org.apache.axis.client.Call.invoke(Call.java:2767)
		org.apache.axis.client.Call.invoke(Call.java:2443)
		org.apache.axis.client.Call.invoke(Call.java:2366)
		org.apache.axis.client.Call.invoke(Call.java:1812)
		com.pos.Pos.PosWSPortBindingStubSinc.muestraEstadoSinc(PosWSPortBindingStubSinc.java:164)
		com.pos.apl.Exportador.run(Exportador.java:56)

Error: 210118 19:39:39Error en la conexion a WebService
	 java.net.ConnectException: Connection refused: connect
		org.apache.axis.AxisFault.makeFault(AxisFault.java:101)
		org.apache.axis.transport.http.HTTPSender.invoke(HTTPSender.java:154)
		org.apache.axis.strategies.InvocationStrategy.visit(InvocationStrategy.java:32)
		org.apache.axis.SimpleChain.doVisiting(SimpleChain.java:118)
		org.apache.axis.SimpleChain.invoke(SimpleChain.java:83)
		org.apache.axis.client.AxisClient.invoke(AxisClient.java:165)
		org.apache.axis.client.Call.invokeEngine(Call.java:2784)
		org.apache.axis.client.Call.invoke(Call.java:2767)
		org.apache.axis.client.Call.invoke(Call.java:2443)
		org.apache.axis.client.Call.invoke(Call.java:2366)
		org.apache.axis.client.Call.invoke(Call.java:1812)
		com.pos.Pos.PosWSPortBindingStubSinc.muestraEstadoSinc(PosWSPortBindingStubSinc.java:164)
		com.pos.apl.Exportador.run(Exportador.java:56)

Error: 210118 19:39:58Error en la conexion a WebService
	 java.net.ConnectException: Connection timed out: connect
		org.apache.axis.AxisFault.makeFault(AxisFault.java:101)
		org.apache.axis.transport.http.HTTPSender.invoke(HTTPSender.java:154)
		org.apache.axis.strategies.InvocationStrategy.visit(InvocationStrategy.java:32)
		org.apache.axis.SimpleChain.doVisiting(SimpleChain.java:118)
		org.apache.axis.SimpleChain.invoke(SimpleChain.java:83)
		org.apache.axis.client.AxisClient.invoke(AxisClient.java:165)
		org.apache.axis.client.Call.invokeEngine(Call.java:2784)
		org.apache.axis.client.Call.invoke(Call.java:2767)
		org.apache.axis.client.Call.invoke(Call.java:2443)
		org.apache.axis.client.Call.invoke(Call.java:2366)
		org.apache.axis.client.Call.invoke(Call.java:1812)
		com.pos.Pos.PosWSPortBindingStubSinc.muestraEstadoSinc(PosWSPortBindingStubSinc.java:164)
		com.pos.apl.Exportador.run(Exportador.java:56)

Error: 210118 19:40:16Error en la conexion a WebService
	 java.net.ConnectException: Connection refused: connect
		org.apache.axis.AxisFault.makeFault(AxisFault.java:101)
		org.apache.axis.transport.http.HTTPSender.invoke(HTTPSender.java:154)
		org.apache.axis.strategies.InvocationStrategy.visit(InvocationStrategy.java:32)
		org.apache.axis.SimpleChain.doVisiting(SimpleChain.java:118)
		org.apache.axis.SimpleChain.invoke(SimpleChain.java:83)
		org.apache.axis.client.AxisClient.invoke(AxisClient.java:165)
		org.apache.axis.client.Call.invokeEngine(Call.java:2784)
		org.apache.axis.client.Call.invoke(Call.java:2767)
		org.apache.axis.client.Call.invoke(Call.java:2443)
		org.apache.axis.client.Call.invoke(Call.java:2366)
		org.apache.axis.client.Call.invoke(Call.java:1812)
		com.pos.Pos.PosWSPortBindingStubSinc.muestraEstadoSinc(PosWSPortBindingStubSinc.java:164)
		com.pos.apl.Exportador.run(Exportador.java:56)

Error: 210118 19:40:30Error en la conexion a WebService
	 java.net.ConnectException: Connection refused: connect
		org.apache.axis.AxisFault.makeFault(AxisFault.java:101)
		org.apache.axis.transport.http.HTTPSender.invoke(HTTPSender.java:154)
		org.apache.axis.strategies.InvocationStrategy.visit(InvocationStrategy.java:32)
		org.apache.axis.SimpleChain.doVisiting(SimpleChain.java:118)
		org.apache.axis.SimpleChain.invoke(SimpleChain.java:83)
		org.apache.axis.client.AxisClient.invoke(AxisClient.java:165)
		org.apache.axis.client.Call.invokeEngine(Call.java:2784)
		org.apache.axis.client.Call.invoke(Call.java:2767)
		org.apache.axis.client.Call.invoke(Call.java:2443)
		org.apache.axis.client.Call.invoke(Call.java:2366)
		org.apache.axis.client.Call.invoke(Call.java:1812)
		com.pos.Pos.PosWSPortBindingStubSinc.muestraEstadoSinc(PosWSPortBindingStubSinc.java:164)
		com.pos.apl.Exportador.run(Exportador.java:56)

Error: 210118 19:40:44Error en la conexion a WebService
	 java.net.ConnectException: Connection refused: connect
		org.apache.axis.AxisFault.makeFault(AxisFault.java:101)
		org.apache.axis.transport.http.HTTPSender.invoke(HTTPSender.java:154)
		org.apache.axis.strategies.InvocationStrategy.visit(InvocationStrategy.java:32)
		org.apache.axis.SimpleChain.doVisiting(SimpleChain.java:118)
		org.apache.axis.SimpleChain.invoke(SimpleChain.java:83)
		org.apache.axis.client.AxisClient.invoke(AxisClient.java:165)
		org.apache.axis.client.Call.invokeEngine(Call.java:2784)
		org.apache.axis.client.Call.invoke(Call.java:2767)
		org.apache.axis.client.Call.invoke(Call.java:2443)
		org.apache.axis.client.Call.invoke(Call.java:2366)
		org.apache.axis.client.Call.invoke(Call.java:1812)
		com.pos.Pos.PosWSPortBindingStubSinc.muestraEstadoSinc(PosWSPortBindingStubSinc.java:164)
		com.pos.apl.Exportador.run(Exportador.java:56)

Error: 210118 19:41:00Error en la conexion a WebService
	 java.net.ConnectException: Connection refused: connect
		org.apache.axis.AxisFault.makeFault(AxisFault.java:101)
		org.apache.axis.transport.http.HTTPSender.invoke(HTTPSender.java:154)
		org.apache.axis.strategies.InvocationStrategy.visit(InvocationStrategy.java:32)
		org.apache.axis.SimpleChain.doVisiting(SimpleChain.java:118)
		org.apache.axis.SimpleChain.invoke(SimpleChain.java:83)
		org.apache.axis.client.AxisClient.invoke(AxisClient.java:165)
		org.apache.axis.client.Call.invokeEngine(Call.java:2784)
		org.apache.axis.client.Call.invoke(Call.java:2767)
		org.apache.axis.client.Call.invoke(Call.java:2443)
		org.apache.axis.client.Call.invoke(Call.java:2366)
		org.apache.axis.client.Call.invoke(Call.java:1812)
		com.pos.Pos.PosWSPortBindingStubSinc.muestraEstadoSinc(PosWSPortBindingStubSinc.java:164)
		com.pos.apl.Exportador.run(Exportador.java:56)

Error: 210118 19:41:22Error en la conexion a WebService
	 java.net.ConnectException: Connection refused: connect
		org.apache.axis.AxisFault.makeFault(AxisFault.java:101)
		org.apache.axis.transport.http.HTTPSender.invoke(HTTPSender.java:154)
		org.apache.axis.strategies.InvocationStrategy.visit(InvocationStrategy.java:32)
		org.apache.axis.SimpleChain.doVisiting(SimpleChain.java:118)
		org.apache.axis.SimpleChain.invoke(SimpleChain.java:83)
		org.apache.axis.client.AxisClient.invoke(AxisClient.java:165)
		org.apache.axis.client.Call.invokeEngine(Call.java:2784)
		org.apache.axis.client.Call.invoke(Call.java:2767)
		org.apache.axis.client.Call.invoke(Call.java:2443)
		org.apache.axis.client.Call.invoke(Call.java:2366)
		org.apache.axis.client.Call.invoke(Call.java:1812)
		com.pos.Pos.PosWSPortBindingStubSinc.muestraEstadoSinc(PosWSPortBindingStubSinc.java:164)
		com.pos.apl.Exportador.run(Exportador.java:56)

Error: 210118 19:41:39Error en la conexion a WebService
	 java.net.ConnectException: Connection refused: connect
		org.apache.axis.AxisFault.makeFault(AxisFault.java:101)
		org.apache.axis.transport.http.HTTPSender.invoke(HTTPSender.java:154)
		org.apache.axis.strategies.InvocationStrategy.visit(InvocationStrategy.java:32)
		org.apache.axis.SimpleChain.doVisiting(SimpleChain.java:118)
		org.apache.axis.SimpleChain.invoke(SimpleChain.java:83)
		org.apache.axis.client.AxisClient.invoke(AxisClient.java:165)
		org.apache.axis.client.Call.invokeEngine(Call.java:2784)
		org.apache.axis.client.Call.invoke(Call.java:2767)
		org.apache.axis.client.Call.invoke(Call.java:2443)
		org.apache.axis.client.Call.invoke(Call.java:2366)
		org.apache.axis.client.Call.invoke(Call.java:1812)
		com.pos.Pos.PosWSPortBindingStubSinc.muestraEstadoSinc(PosWSPortBindingStubSinc.java:164)
		com.pos.apl.Exportador.run(Exportador.java:56)

Error: 210118 19:42:00Error en la conexion a WebService
	 java.net.ConnectException: Connection refused: connect
		org.apache.axis.AxisFault.makeFault(AxisFault.java:101)
		org.apache.axis.transport.http.HTTPSender.invoke(HTTPSender.java:154)
		org.apache.axis.strategies.InvocationStrategy.visit(InvocationStrategy.java:32)
		org.apache.axis.SimpleChain.doVisiting(SimpleChain.java:118)
		org.apache.axis.SimpleChain.invoke(SimpleChain.java:83)
		org.apache.axis.client.AxisClient.invoke(AxisClient.java:165)
		org.apache.axis.client.Call.invokeEngine(Call.java:2784)
		org.apache.axis.client.Call.invoke(Call.java:2767)
		org.apache.axis.client.Call.invoke(Call.java:2443)
		org.apache.axis.client.Call.invoke(Call.java:2366)
		org.apache.axis.client.Call.invoke(Call.java:1812)
		com.pos.Pos.PosWSPortBindingStubSinc.muestraEstadoSinc(PosWSPortBindingStubSinc.java:164)
		com.pos.apl.Exportador.run(Exportador.java:56)

Error: 210118 19:44:02Error en la conexion a WebService
	 java.net.ConnectException: Connection timed out: connect
		org.apache.axis.AxisFault.makeFault(AxisFault.java:101)
		org.apache.axis.transport.http.HTTPSender.invoke(HTTPSender.java:154)
		org.apache.axis.strategies.InvocationStrategy.visit(InvocationStrategy.java:32)
		org.apache.axis.SimpleChain.doVisiting(SimpleChain.java:118)
		org.apache.axis.SimpleChain.invoke(SimpleChain.java:83)
		org.apache.axis.client.AxisClient.invoke(AxisClient.java:165)
		org.apache.axis.client.Call.invokeEngine(Call.java:2784)
		org.apache.axis.client.Call.invoke(Call.java:2767)
		org.apache.axis.client.Call.invoke(Call.java:2443)
		org.apache.axis.client.Call.invoke(Call.java:2366)
		org.apache.axis.client.Call.invoke(Call.java:1812)
		com.pos.Pos.PosWSPortBindingStubSinc.muestraEstadoSinc(PosWSPortBindingStubSinc.java:164)
		com.pos.apl.Exportador.run(Exportador.java:56)

Error: 210118 19:44:21Error en la conexion a WebService
	 java.net.ConnectException: Connection refused: connect
		org.apache.axis.AxisFault.makeFault(AxisFault.java:101)
		org.apache.axis.transport.http.HTTPSender.invoke(HTTPSender.java:154)
		org.apache.axis.strategies.InvocationStrategy.visit(InvocationStrategy.java:32)
		org.apache.axis.SimpleChain.doVisiting(SimpleChain.java:118)
		org.apache.axis.SimpleChain.invoke(SimpleChain.java:83)
		org.apache.axis.client.AxisClient.invoke(AxisClient.java:165)
		org.apache.axis.client.Call.invokeEngine(Call.java:2784)
		org.apache.axis.client.Call.invoke(Call.java:2767)
		org.apache.axis.client.Call.invoke(Call.java:2443)
		org.apache.axis.client.Call.invoke(Call.java:2366)
		org.apache.axis.client.Call.invoke(Call.java:1812)
		com.pos.Pos.PosWSPortBindingStubSinc.muestraEstadoSinc(PosWSPortBindingStubSinc.java:164)
		com.pos.apl.Exportador.run(Exportador.java:56)

Error: 210118 19:44:40Error en la conexion a WebService
	 java.net.ConnectException: Connection timed out: connect
		org.apache.axis.AxisFault.makeFault(AxisFault.java:101)
		org.apache.axis.transport.http.HTTPSender.invoke(HTTPSender.java:154)
		org.apache.axis.strategies.InvocationStrategy.visit(InvocationStrategy.java:32)
		org.apache.axis.SimpleChain.doVisiting(SimpleChain.java:118)
		org.apache.axis.SimpleChain.invoke(SimpleChain.java:83)
		org.apache.axis.client.AxisClient.invoke(AxisClient.java:165)
		org.apache.axis.client.Call.invokeEngine(Call.java:2784)
		org.apache.axis.client.Call.invoke(Call.java:2767)
		org.apache.axis.client.Call.invoke(Call.java:2443)
		org.apache.axis.client.Call.invoke(Call.java:2366)
		org.apache.axis.client.Call.invoke(Call.java:1812)
		com.pos.Pos.PosWSPortBindingStubSinc.muestraEstadoSinc(PosWSPortBindingStubSinc.java:164)
		com.pos.apl.Exportador.run(Exportador.java:56)

Error: 210118 19:44:54Error en la conexion a WebService
	 java.net.ConnectException: Connection refused: connect
		org.apache.axis.AxisFault.makeFault(AxisFault.java:101)
		org.apache.axis.transport.http.HTTPSender.invoke(HTTPSender.java:154)
		org.apache.axis.strategies.InvocationStrategy.visit(InvocationStrategy.java:32)
		org.apache.axis.SimpleChain.doVisiting(SimpleChain.java:118)
		org.apache.axis.SimpleChain.invoke(SimpleChain.java:83)
		org.apache.axis.client.AxisClient.invoke(AxisClient.java:165)
		org.apache.axis.client.Call.invokeEngine(Call.java:2784)
		org.apache.axis.client.Call.invoke(Call.java:2767)
		org.apache.axis.client.Call.invoke(Call.java:2443)
		org.apache.axis.client.Call.invoke(Call.java:2366)
		org.apache.axis.client.Call.invoke(Call.java:1812)
		com.pos.Pos.PosWSPortBindingStubSinc.muestraEstadoSinc(PosWSPortBindingStubSinc.java:164)
		com.pos.apl.Exportador.run(Exportador.java:56)

Error: 210118 19:45:08Error en la conexion a WebService
	 java.net.ConnectException: Connection refused: connect
		org.apache.axis.AxisFault.makeFault(AxisFault.java:101)
		org.apache.axis.transport.http.HTTPSender.invoke(HTTPSender.java:154)
		org.apache.axis.strategies.InvocationStrategy.visit(InvocationStrategy.java:32)
		org.apache.axis.SimpleChain.doVisiting(SimpleChain.java:118)
		org.apache.axis.SimpleChain.invoke(SimpleChain.java:83)
		org.apache.axis.client.AxisClient.invoke(AxisClient.java:165)
		org.apache.axis.client.Call.invokeEngine(Call.java:2784)
		org.apache.axis.client.Call.invoke(Call.java:2767)
		org.apache.axis.client.Call.invoke(Call.java:2443)
		org.apache.axis.client.Call.invoke(Call.java:2366)
		org.apache.axis.client.Call.invoke(Call.java:1812)
		com.pos.Pos.PosWSPortBindingStubSinc.muestraEstadoSinc(PosWSPortBindingStubSinc.java:164)
		com.pos.apl.Exportador.run(Exportador.java:56)

Error: 210118 19:45:26Error en la conexion a WebService
	 java.net.ConnectException: Connection refused: connect
		org.apache.axis.AxisFault.makeFault(AxisFault.java:101)
		org.apache.axis.transport.http.HTTPSender.invoke(HTTPSender.java:154)
		org.apache.axis.strategies.InvocationStrategy.visit(InvocationStrategy.java:32)
		org.apache.axis.SimpleChain.doVisiting(SimpleChain.java:118)
		org.apache.axis.SimpleChain.invoke(SimpleChain.java:83)
		org.apache.axis.client.AxisClient.invoke(AxisClient.java:165)
		org.apache.axis.client.Call.invokeEngine(Call.java:2784)
		org.apache.axis.client.Call.invoke(Call.java:2767)
		org.apache.axis.client.Call.invoke(Call.java:2443)
		org.apache.axis.client.Call.invoke(Call.java:2366)
		org.apache.axis.client.Call.invoke(Call.java:1812)
		com.pos.Pos.PosWSPortBindingStubSinc.muestraEstadoSinc(PosWSPortBindingStubSinc.java:164)
		com.pos.apl.Exportador.run(Exportador.java:56)

Error: 210118 19:45:41Error en la conexion a WebService
	 java.net.ConnectException: Connection refused: connect
		org.apache.axis.AxisFault.makeFault(AxisFault.java:101)
		org.apache.axis.transport.http.HTTPSender.invoke(HTTPSender.java:154)
		org.apache.axis.strategies.InvocationStrategy.visit(InvocationStrategy.java:32)
		org.apache.axis.SimpleChain.doVisiting(SimpleChain.java:118)
		org.apache.axis.SimpleChain.invoke(SimpleChain.java:83)
		org.apache.axis.client.AxisClient.invoke(AxisClient.java:165)
		org.apache.axis.client.Call.invokeEngine(Call.java:2784)
		org.apache.axis.client.Call.invoke(Call.java:2767)
		org.apache.axis.client.Call.invoke(Call.java:2443)
		org.apache.axis.client.Call.invoke(Call.java:2366)
		org.apache.axis.client.Call.invoke(Call.java:1812)
		com.pos.Pos.PosWSPortBindingStubSinc.muestraEstadoSinc(PosWSPortBindingStubSinc.java:164)
		com.pos.apl.Exportador.run(Exportador.java:56)

Error: 210118 19:45:55Error en la conexion a WebService
	 java.net.ConnectException: Connection refused: connect
		org.apache.axis.AxisFault.makeFault(AxisFault.java:101)
		org.apache.axis.transport.http.HTTPSender.invoke(HTTPSender.java:154)
		org.apache.axis.strategies.InvocationStrategy.visit(InvocationStrategy.java:32)
		org.apache.axis.SimpleChain.doVisiting(SimpleChain.java:118)
		org.apache.axis.SimpleChain.invoke(SimpleChain.java:83)
		org.apache.axis.client.AxisClient.invoke(AxisClient.java:165)
		org.apache.axis.client.Call.invokeEngine(Call.java:2784)
		org.apache.axis.client.Call.invoke(Call.java:2767)
		org.apache.axis.client.Call.invoke(Call.java:2443)
		org.apache.axis.client.Call.invoke(Call.java:2366)
		org.apache.axis.client.Call.invoke(Call.java:1812)
		com.pos.Pos.PosWSPortBindingStubSinc.muestraEstadoSinc(PosWSPortBindingStubSinc.java:164)
		com.pos.apl.Exportador.run(Exportador.java:56)

Error: 210118 19:46:16Error en la conexion a WebService
	 java.net.ConnectException: Connection refused: connect
		org.apache.axis.AxisFault.makeFault(AxisFault.java:101)
		org.apache.axis.transport.http.HTTPSender.invoke(HTTPSender.java:154)
		org.apache.axis.strategies.InvocationStrategy.visit(InvocationStrategy.java:32)
		org.apache.axis.SimpleChain.doVisiting(SimpleChain.java:118)
		org.apache.axis.SimpleChain.invoke(SimpleChain.java:83)
		org.apache.axis.client.AxisClient.invoke(AxisClient.java:165)
		org.apache.axis.client.Call.invokeEngine(Call.java:2784)
		org.apache.axis.client.Call.invoke(Call.java:2767)
		org.apache.axis.client.Call.invoke(Call.java:2443)
		org.apache.axis.client.Call.invoke(Call.java:2366)
		org.apache.axis.client.Call.invoke(Call.java:1812)
		com.pos.Pos.PosWSPortBindingStubSinc.muestraEstadoSinc(PosWSPortBindingStubSinc.java:164)
		com.pos.apl.Exportador.run(Exportador.java:56)

Error: 210118 19:46:29Error en la conexion a WebService
	 java.net.ConnectException: Connection refused: connect
		org.apache.axis.AxisFault.makeFault(AxisFault.java:101)
		org.apache.axis.transport.http.HTTPSender.invoke(HTTPSender.java:154)
		org.apache.axis.strategies.InvocationStrategy.visit(InvocationStrategy.java:32)
		org.apache.axis.SimpleChain.doVisiting(SimpleChain.java:118)
		org.apache.axis.SimpleChain.invoke(SimpleChain.java:83)
		org.apache.axis.client.AxisClient.invoke(AxisClient.java:165)
		org.apache.axis.client.Call.invokeEngine(Call.java:2784)
		org.apache.axis.client.Call.invoke(Call.java:2767)
		org.apache.axis.client.Call.invoke(Call.java:2443)
		org.apache.axis.client.Call.invoke(Call.java:2366)
		org.apache.axis.client.Call.invoke(Call.java:1812)
		com.pos.Pos.PosWSPortBindingStubSinc.muestraEstadoSinc(PosWSPortBindingStubSinc.java:164)
		com.pos.apl.Exportador.run(Exportador.java:56)

Error: 210118 19:46:42Error en la conexion a WebService
	 java.net.ConnectException: Connection refused: connect
		org.apache.axis.AxisFault.makeFault(AxisFault.java:101)
		org.apache.axis.transport.http.HTTPSender.invoke(HTTPSender.java:154)
		org.apache.axis.strategies.InvocationStrategy.visit(InvocationStrategy.java:32)
		org.apache.axis.SimpleChain.doVisiting(SimpleChain.java:118)
		org.apache.axis.SimpleChain.invoke(SimpleChain.java:83)
		org.apache.axis.client.AxisClient.invoke(AxisClient.java:165)
		org.apache.axis.client.Call.invokeEngine(Call.java:2784)
		org.apache.axis.client.Call.invoke(Call.java:2767)
		org.apache.axis.client.Call.invoke(Call.java:2443)
		org.apache.axis.client.Call.invoke(Call.java:2366)
		org.apache.axis.client.Call.invoke(Call.java:1812)
		com.pos.Pos.PosWSPortBindingStubSinc.muestraEstadoSinc(PosWSPortBindingStubSinc.java:164)
		com.pos.apl.Exportador.run(Exportador.java:56)

Error: 210118 19:46:57Error en la conexion a WebService
	 java.net.ConnectException: Connection refused: connect
		org.apache.axis.AxisFault.makeFault(AxisFault.java:101)
		org.apache.axis.transport.http.HTTPSender.invoke(HTTPSender.java:154)
		org.apache.axis.strategies.InvocationStrategy.visit(InvocationStrategy.java:32)
		org.apache.axis.SimpleChain.doVisiting(SimpleChain.java:118)
		org.apache.axis.SimpleChain.invoke(SimpleChain.java:83)
		org.apache.axis.client.AxisClient.invoke(AxisClient.java:165)
		org.apache.axis.client.Call.invokeEngine(Call.java:2784)
		org.apache.axis.client.Call.invoke(Call.java:2767)
		org.apache.axis.client.Call.invoke(Call.java:2443)
		org.apache.axis.client.Call.invoke(Call.java:2366)
		org.apache.axis.client.Call.invoke(Call.java:1812)
		com.pos.Pos.PosWSPortBindingStubSinc.muestraEstadoSinc(PosWSPortBindingStubSinc.java:164)
		com.pos.apl.Exportador.run(Exportador.java:56)

Error: 210118 19:47:18Error en la conexion a WebService
	 java.net.ConnectException: Connection refused: connect
		org.apache.axis.AxisFault.makeFault(AxisFault.java:101)
		org.apache.axis.transport.http.HTTPSender.invoke(HTTPSender.java:154)
		org.apache.axis.strategies.InvocationStrategy.visit(InvocationStrategy.java:32)
		org.apache.axis.SimpleChain.doVisiting(SimpleChain.java:118)
		org.apache.axis.SimpleChain.invoke(SimpleChain.java:83)
		org.apache.axis.client.AxisClient.invoke(AxisClient.java:165)
		org.apache.axis.client.Call.invokeEngine(Call.java:2784)
		org.apache.axis.client.Call.invoke(Call.java:2767)
		org.apache.axis.client.Call.invoke(Call.java:2443)
		org.apache.axis.client.Call.invoke(Call.java:2366)
		org.apache.axis.client.Call.invoke(Call.java:1812)
		com.pos.Pos.PosWSPortBindingStubSinc.muestraEstadoSinc(PosWSPortBindingStubSinc.java:164)
		com.pos.apl.Exportador.run(Exportador.java:56)

Error: 210118 19:47:32Error en la conexion a WebService
	 java.net.ConnectException: Connection refused: connect
		org.apache.axis.AxisFault.makeFault(AxisFault.java:101)
		org.apache.axis.transport.http.HTTPSender.invoke(HTTPSender.java:154)
		org.apache.axis.strategies.InvocationStrategy.visit(InvocationStrategy.java:32)
		org.apache.axis.SimpleChain.doVisiting(SimpleChain.java:118)
		org.apache.axis.SimpleChain.invoke(SimpleChain.java:83)
		org.apache.axis.client.AxisClient.invoke(AxisClient.java:165)
		org.apache.axis.client.Call.invokeEngine(Call.java:2784)
		org.apache.axis.client.Call.invoke(Call.java:2767)
		org.apache.axis.client.Call.invoke(Call.java:2443)
		org.apache.axis.client.Call.invoke(Call.java:2366)
		org.apache.axis.client.Call.invoke(Call.java:1812)
		com.pos.Pos.PosWSPortBindingStubSinc.muestraEstadoSinc(PosWSPortBindingStubSinc.java:164)
		com.pos.apl.Exportador.run(Exportador.java:56)

Error: 210118 19:47:46Error en la conexion a WebService
	 java.net.ConnectException: Connection refused: connect
		org.apache.axis.AxisFault.makeFault(AxisFault.java:101)
		org.apache.axis.transport.http.HTTPSender.invoke(HTTPSender.java:154)
		org.apache.axis.strategies.InvocationStrategy.visit(InvocationStrategy.java:32)
		org.apache.axis.SimpleChain.doVisiting(SimpleChain.java:118)
		org.apache.axis.SimpleChain.invoke(SimpleChain.java:83)
		org.apache.axis.client.AxisClient.invoke(AxisClient.java:165)
		org.apache.axis.client.Call.invokeEngine(Call.java:2784)
		org.apache.axis.client.Call.invoke(Call.java:2767)
		org.apache.axis.client.Call.invoke(Call.java:2443)
		org.apache.axis.client.Call.invoke(Call.java:2366)
		org.apache.axis.client.Call.invoke(Call.java:1812)
		com.pos.Pos.PosWSPortBindingStubSinc.muestraEstadoSinc(PosWSPortBindingStubSinc.java:164)
		com.pos.apl.Exportador.run(Exportador.java:56)

Error: 210118 19:47:59Error en la conexion a WebService
	 java.net.ConnectException: Connection refused: connect
		org.apache.axis.AxisFault.makeFault(AxisFault.java:101)
		org.apache.axis.transport.http.HTTPSender.invoke(HTTPSender.java:154)
		org.apache.axis.strategies.InvocationStrategy.visit(InvocationStrategy.java:32)
		org.apache.axis.SimpleChain.doVisiting(SimpleChain.java:118)
		org.apache.axis.SimpleChain.invoke(SimpleChain.java:83)
		org.apache.axis.client.AxisClient.invoke(AxisClient.java:165)
		org.apache.axis.client.Call.invokeEngine(Call.java:2784)
		org.apache.axis.client.Call.invoke(Call.java:2767)
		org.apache.axis.client.Call.invoke(Call.java:2443)
		org.apache.axis.client.Call.invoke(Call.java:2366)
		org.apache.axis.client.Call.invoke(Call.java:1812)
		com.pos.Pos.PosWSPortBindingStubSinc.muestraEstadoSinc(PosWSPortBindingStubSinc.java:164)
		com.pos.apl.Exportador.run(Exportador.java:56)

Error: 210118 19:48:17Error en la conexion a WebService
	 java.net.ConnectException: Connection refused: connect
		org.apache.axis.AxisFault.makeFault(AxisFault.java:101)
		org.apache.axis.transport.http.HTTPSender.invoke(HTTPSender.java:154)
		org.apache.axis.strategies.InvocationStrategy.visit(InvocationStrategy.java:32)
		org.apache.axis.SimpleChain.doVisiting(SimpleChain.java:118)
		org.apache.axis.SimpleChain.invoke(SimpleChain.java:83)
		org.apache.axis.client.AxisClient.invoke(AxisClient.java:165)
		org.apache.axis.client.Call.invokeEngine(Call.java:2784)
		org.apache.axis.client.Call.invoke(Call.java:2767)
		org.apache.axis.client.Call.invoke(Call.java:2443)
		org.apache.axis.client.Call.invoke(Call.java:2366)
		org.apache.axis.client.Call.invoke(Call.java:1812)
		com.pos.Pos.PosWSPortBindingStubSinc.muestraEstadoSinc(PosWSPortBindingStubSinc.java:164)
		com.pos.apl.Exportador.run(Exportador.java:56)

Error: 210118 19:48:32Error en la conexion a WebService
	 java.net.ConnectException: Connection refused: connect
		org.apache.axis.AxisFault.makeFault(AxisFault.java:101)
		org.apache.axis.transport.http.HTTPSender.invoke(HTTPSender.java:154)
		org.apache.axis.strategies.InvocationStrategy.visit(InvocationStrategy.java:32)
		org.apache.axis.SimpleChain.doVisiting(SimpleChain.java:118)
		org.apache.axis.SimpleChain.invoke(SimpleChain.java:83)
		org.apache.axis.client.AxisClient.invoke(AxisClient.java:165)
		org.apache.axis.client.Call.invokeEngine(Call.java:2784)
		org.apache.axis.client.Call.invoke(Call.java:2767)
		org.apache.axis.client.Call.invoke(Call.java:2443)
		org.apache.axis.client.Call.invoke(Call.java:2366)
		org.apache.axis.client.Call.invoke(Call.java:1812)
		com.pos.Pos.PosWSPortBindingStubSinc.muestraEstadoSinc(PosWSPortBindingStubSinc.java:164)
		com.pos.apl.Exportador.run(Exportador.java:56)

Error: 210118 19:48:45Error en la conexion a WebService
	 java.net.ConnectException: Connection refused: connect
		org.apache.axis.AxisFault.makeFault(AxisFault.java:101)
		org.apache.axis.transport.http.HTTPSender.invoke(HTTPSender.java:154)
		org.apache.axis.strategies.InvocationStrategy.visit(InvocationStrategy.java:32)
		org.apache.axis.SimpleChain.doVisiting(SimpleChain.java:118)
		org.apache.axis.SimpleChain.invoke(SimpleChain.java:83)
		org.apache.axis.client.AxisClient.invoke(AxisClient.java:165)
		org.apache.axis.client.Call.invokeEngine(Call.java:2784)
		org.apache.axis.client.Call.invoke(Call.java:2767)
		org.apache.axis.client.Call.invoke(Call.java:2443)
		org.apache.axis.client.Call.invoke(Call.java:2366)
		org.apache.axis.client.Call.invoke(Call.java:1812)
		com.pos.Pos.PosWSPortBindingStubSinc.muestraEstadoSinc(PosWSPortBindingStubSinc.java:164)
		com.pos.apl.Exportador.run(Exportador.java:56)

Error: 210118 19:49:06Error en la conexion a WebService
	 java.net.ConnectException: Connection refused: connect
		org.apache.axis.AxisFault.makeFault(AxisFault.java:101)
		org.apache.axis.transport.http.HTTPSender.invoke(HTTPSender.java:154)
		org.apache.axis.strategies.InvocationStrategy.visit(InvocationStrategy.java:32)
		org.apache.axis.SimpleChain.doVisiting(SimpleChain.java:118)
		org.apache.axis.SimpleChain.invoke(SimpleChain.java:83)
		org.apache.axis.client.AxisClient.invoke(AxisClient.java:165)
		org.apache.axis.client.Call.invokeEngine(Call.java:2784)
		org.apache.axis.client.Call.invoke(Call.java:2767)
		org.apache.axis.client.Call.invoke(Call.java:2443)
		org.apache.axis.client.Call.invoke(Call.java:2366)
		org.apache.axis.client.Call.invoke(Call.java:1812)
		com.pos.Pos.PosWSPortBindingStubSinc.muestraEstadoSinc(PosWSPortBindingStubSinc.java:164)
		com.pos.apl.Exportador.run(Exportador.java:56)

Error: 210118 19:49:24Error en la conexion a WebService
	 java.net.ConnectException: Connection refused: connect
		org.apache.axis.AxisFault.makeFault(AxisFault.java:101)
		org.apache.axis.transport.http.HTTPSender.invoke(HTTPSender.java:154)
		org.apache.axis.strategies.InvocationStrategy.visit(InvocationStrategy.java:32)
		org.apache.axis.SimpleChain.doVisiting(SimpleChain.java:118)
		org.apache.axis.SimpleChain.invoke(SimpleChain.java:83)
		org.apache.axis.client.AxisClient.invoke(AxisClient.java:165)
		org.apache.axis.client.Call.invokeEngine(Call.java:2784)
		org.apache.axis.client.Call.invoke(Call.java:2767)
		org.apache.axis.client.Call.invoke(Call.java:2443)
		org.apache.axis.client.Call.invoke(Call.java:2366)
		org.apache.axis.client.Call.invoke(Call.java:1812)
		com.pos.Pos.PosWSPortBindingStubSinc.muestraEstadoSinc(PosWSPortBindingStubSinc.java:164)
		com.pos.apl.Exportador.run(Exportador.java:56)

Error: 210118 19:49:41Error en la conexion a WebService
	 java.net.ConnectException: Connection refused: connect
		org.apache.axis.AxisFault.makeFault(AxisFault.java:101)
		org.apache.axis.transport.http.HTTPSender.invoke(HTTPSender.java:154)
		org.apache.axis.strategies.InvocationStrategy.visit(InvocationStrategy.java:32)
		org.apache.axis.SimpleChain.doVisiting(SimpleChain.java:118)
		org.apache.axis.SimpleChain.invoke(SimpleChain.java:83)
		org.apache.axis.client.AxisClient.invoke(AxisClient.java:165)
		org.apache.axis.client.Call.invokeEngine(Call.java:2784)
		org.apache.axis.client.Call.invoke(Call.java:2767)
		org.apache.axis.client.Call.invoke(Call.java:2443)
		org.apache.axis.client.Call.invoke(Call.java:2366)
		org.apache.axis.client.Call.invoke(Call.java:1812)
		com.pos.Pos.PosWSPortBindingStubSinc.muestraEstadoSinc(PosWSPortBindingStubSinc.java:164)
		com.pos.apl.Exportador.run(Exportador.java:56)

Error: 210118 19:50:07Error en la conexion a WebService
	 java.net.ConnectException: Connection timed out: connect
		org.apache.axis.AxisFault.makeFault(AxisFault.java:101)
		org.apache.axis.transport.http.HTTPSender.invoke(HTTPSender.java:154)
		org.apache.axis.strategies.InvocationStrategy.visit(InvocationStrategy.java:32)
		org.apache.axis.SimpleChain.doVisiting(SimpleChain.java:118)
		org.apache.axis.SimpleChain.invoke(SimpleChain.java:83)
		org.apache.axis.client.AxisClient.invoke(AxisClient.java:165)
		org.apache.axis.client.Call.invokeEngine(Call.java:2784)
		org.apache.axis.client.Call.invoke(Call.java:2767)
		org.apache.axis.client.Call.invoke(Call.java:2443)
		org.apache.axis.client.Call.invoke(Call.java:2366)
		org.apache.axis.client.Call.invoke(Call.java:1812)
		com.pos.Pos.PosWSPortBindingStubSinc.muestraEstadoSinc(PosWSPortBindingStubSinc.java:164)
		com.pos.apl.Exportador.run(Exportador.java:56)

Error: 210118 19:50:22Error en la conexion a WebService
	 java.net.ConnectException: Connection refused: connect
		org.apache.axis.AxisFault.makeFault(AxisFault.java:101)
		org.apache.axis.transport.http.HTTPSender.invoke(HTTPSender.java:154)
		org.apache.axis.strategies.InvocationStrategy.visit(InvocationStrategy.java:32)
		org.apache.axis.SimpleChain.doVisiting(SimpleChain.java:118)
		org.apache.axis.SimpleChain.invoke(SimpleChain.java:83)
		org.apache.axis.client.AxisClient.invoke(AxisClient.java:165)
		org.apache.axis.client.Call.invokeEngine(Call.java:2784)
		org.apache.axis.client.Call.invoke(Call.java:2767)
		org.apache.axis.client.Call.invoke(Call.java:2443)
		org.apache.axis.client.Call.invoke(Call.java:2366)
		org.apache.axis.client.Call.invoke(Call.java:1812)
		com.pos.Pos.PosWSPortBindingStubSinc.muestraEstadoSinc(PosWSPortBindingStubSinc.java:164)
		com.pos.apl.Exportador.run(Exportador.java:56)

Error: 210118 19:50:42Error en la conexion a WebService
	 java.net.ConnectException: Connection timed out: connect
		org.apache.axis.AxisFault.makeFault(AxisFault.java:101)
		org.apache.axis.transport.http.HTTPSender.invoke(HTTPSender.java:154)
		org.apache.axis.strategies.InvocationStrategy.visit(InvocationStrategy.java:32)
		org.apache.axis.SimpleChain.doVisiting(SimpleChain.java:118)
		org.apache.axis.SimpleChain.invoke(SimpleChain.java:83)
		org.apache.axis.client.AxisClient.invoke(AxisClient.java:165)
		org.apache.axis.client.Call.invokeEngine(Call.java:2784)
		org.apache.axis.client.Call.invoke(Call.java:2767)
		org.apache.axis.client.Call.invoke(Call.java:2443)
		org.apache.axis.client.Call.invoke(Call.java:2366)
		org.apache.axis.client.Call.invoke(Call.java:1812)
		com.pos.Pos.PosWSPortBindingStubSinc.muestraEstadoSinc(PosWSPortBindingStubSinc.java:164)
		com.pos.apl.Exportador.run(Exportador.java:56)

Error: 210118 19:51:01Error en la conexion a WebService
	 java.net.ConnectException: Connection refused: connect
		org.apache.axis.AxisFault.makeFault(AxisFault.java:101)
		org.apache.axis.transport.http.HTTPSender.invoke(HTTPSender.java:154)
		org.apache.axis.strategies.InvocationStrategy.visit(InvocationStrategy.java:32)
		org.apache.axis.SimpleChain.doVisiting(SimpleChain.java:118)
		org.apache.axis.SimpleChain.invoke(SimpleChain.java:83)
		org.apache.axis.client.AxisClient.invoke(AxisClient.java:165)
		org.apache.axis.client.Call.invokeEngine(Call.java:2784)
		org.apache.axis.client.Call.invoke(Call.java:2767)
		org.apache.axis.client.Call.invoke(Call.java:2443)
		org.apache.axis.client.Call.invoke(Call.java:2366)
		org.apache.axis.client.Call.invoke(Call.java:1812)
		com.pos.Pos.PosWSPortBindingStubSinc.muestraEstadoSinc(PosWSPortBindingStubSinc.java:164)
		com.pos.apl.Exportador.run(Exportador.java:56)

Error: 210118 19:51:18Error en la conexion a WebService
	 java.net.ConnectException: Connection refused: connect
		org.apache.axis.AxisFault.makeFault(AxisFault.java:101)
		org.apache.axis.transport.http.HTTPSender.invoke(HTTPSender.java:154)
		org.apache.axis.strategies.InvocationStrategy.visit(InvocationStrategy.java:32)
		org.apache.axis.SimpleChain.doVisiting(SimpleChain.java:118)
		org.apache.axis.SimpleChain.invoke(SimpleChain.java:83)
		org.apache.axis.client.AxisClient.invoke(AxisClient.java:165)
		org.apache.axis.client.Call.invokeEngine(Call.java:2784)
		org.apache.axis.client.Call.invoke(Call.java:2767)
		org.apache.axis.client.Call.invoke(Call.java:2443)
		org.apache.axis.client.Call.invoke(Call.java:2366)
		org.apache.axis.client.Call.invoke(Call.java:1812)
		com.pos.Pos.PosWSPortBindingStubSinc.muestraEstadoSinc(PosWSPortBindingStubSinc.java:164)
		com.pos.apl.Exportador.run(Exportador.java:56)

Error: 210118 19:51:32Error en la conexion a WebService
	 java.net.ConnectException: Connection refused: connect
		org.apache.axis.AxisFault.makeFault(AxisFault.java:101)
		org.apache.axis.transport.http.HTTPSender.invoke(HTTPSender.java:154)
		org.apache.axis.strategies.InvocationStrategy.visit(InvocationStrategy.java:32)
		org.apache.axis.SimpleChain.doVisiting(SimpleChain.java:118)
		org.apache.axis.SimpleChain.invoke(SimpleChain.java:83)
		org.apache.axis.client.AxisClient.invoke(AxisClient.java:165)
		org.apache.axis.client.Call.invokeEngine(Call.java:2784)
		org.apache.axis.client.Call.invoke(Call.java:2767)
		org.apache.axis.client.Call.invoke(Call.java:2443)
		org.apache.axis.client.Call.invoke(Call.java:2366)
		org.apache.axis.client.Call.invoke(Call.java:1812)
		com.pos.Pos.PosWSPortBindingStubSinc.muestraEstadoSinc(PosWSPortBindingStubSinc.java:164)
		com.pos.apl.Exportador.run(Exportador.java:56)

Error: 210118 19:51:55Error en la conexion a WebService
	 java.net.ConnectException: Connection timed out: connect
		org.apache.axis.AxisFault.makeFault(AxisFault.java:101)
		org.apache.axis.transport.http.HTTPSender.invoke(HTTPSender.java:154)
		org.apache.axis.strategies.InvocationStrategy.visit(InvocationStrategy.java:32)
		org.apache.axis.SimpleChain.doVisiting(SimpleChain.java:118)
		org.apache.axis.SimpleChain.invoke(SimpleChain.java:83)
		org.apache.axis.client.AxisClient.invoke(AxisClient.java:165)
		org.apache.axis.client.Call.invokeEngine(Call.java:2784)
		org.apache.axis.client.Call.invoke(Call.java:2767)
		org.apache.axis.client.Call.invoke(Call.java:2443)
		org.apache.axis.client.Call.invoke(Call.java:2366)
		org.apache.axis.client.Call.invoke(Call.java:1812)
		com.pos.Pos.PosWSPortBindingStubSinc.muestraEstadoSinc(PosWSPortBindingStubSinc.java:164)
		com.pos.apl.Exportador.run(Exportador.java:56)

Error: 210118 19:52:13Error en la conexion a WebService
	 java.net.ConnectException: Connection refused: connect
		org.apache.axis.AxisFault.makeFault(AxisFault.java:101)
		org.apache.axis.transport.http.HTTPSender.invoke(HTTPSender.java:154)
		org.apache.axis.strategies.InvocationStrategy.visit(InvocationStrategy.java:32)
		org.apache.axis.SimpleChain.doVisiting(SimpleChain.java:118)
		org.apache.axis.SimpleChain.invoke(SimpleChain.java:83)
		org.apache.axis.client.AxisClient.invoke(AxisClient.java:165)
		org.apache.axis.client.Call.invokeEngine(Call.java:2784)
		org.apache.axis.client.Call.invoke(Call.java:2767)
		org.apache.axis.client.Call.invoke(Call.java:2443)
		org.apache.axis.client.Call.invoke(Call.java:2366)
		org.apache.axis.client.Call.invoke(Call.java:1812)
		com.pos.Pos.PosWSPortBindingStubSinc.muestraEstadoSinc(PosWSPortBindingStubSinc.java:164)
		com.pos.apl.Exportador.run(Exportador.java:56)

Error: 210118 19:52:38Error en la conexion a WebService
	 java.net.ConnectException: Connection refused: connect
		org.apache.axis.AxisFault.makeFault(AxisFault.java:101)
		org.apache.axis.transport.http.HTTPSender.invoke(HTTPSender.java:154)
		org.apache.axis.strategies.InvocationStrategy.visit(InvocationStrategy.java:32)
		org.apache.axis.SimpleChain.doVisiting(SimpleChain.java:118)
		org.apache.axis.SimpleChain.invoke(SimpleChain.java:83)
		org.apache.axis.client.AxisClient.invoke(AxisClient.java:165)
		org.apache.axis.client.Call.invokeEngine(Call.java:2784)
		org.apache.axis.client.Call.invoke(Call.java:2767)
		org.apache.axis.client.Call.invoke(Call.java:2443)
		org.apache.axis.client.Call.invoke(Call.java:2366)
		org.apache.axis.client.Call.invoke(Call.java:1812)
		com.pos.Pos.PosWSPortBindingStubSinc.muestraEstadoSinc(PosWSPortBindingStubSinc.java:164)
		com.pos.apl.Exportador.run(Exportador.java:56)

Error: 210118 19:52:58Error en la conexion a WebService
	 java.net.ConnectException: Connection timed out: connect
		org.apache.axis.AxisFault.makeFault(AxisFault.java:101)
		org.apache.axis.transport.http.HTTPSender.invoke(HTTPSender.java:154)
		org.apache.axis.strategies.InvocationStrategy.visit(InvocationStrategy.java:32)
		org.apache.axis.SimpleChain.doVisiting(SimpleChain.java:118)
		org.apache.axis.SimpleChain.invoke(SimpleChain.java:83)
		org.apache.axis.client.AxisClient.invoke(AxisClient.java:165)
		org.apache.axis.client.Call.invokeEngine(Call.java:2784)
		org.apache.axis.client.Call.invoke(Call.java:2767)
		org.apache.axis.client.Call.invoke(Call.java:2443)
		org.apache.axis.client.Call.invoke(Call.java:2366)
		org.apache.axis.client.Call.invoke(Call.java:1812)
		com.pos.Pos.PosWSPortBindingStubSinc.muestraEstadoSinc(PosWSPortBindingStubSinc.java:164)
		com.pos.apl.Exportador.run(Exportador.java:56)

Error: 210118 19:53:12Error en la conexion a WebService
	 java.net.ConnectException: Connection refused: connect
		org.apache.axis.AxisFault.makeFault(AxisFault.java:101)
		org.apache.axis.transport.http.HTTPSender.invoke(HTTPSender.java:154)
		org.apache.axis.strategies.InvocationStrategy.visit(InvocationStrategy.java:32)
		org.apache.axis.SimpleChain.doVisiting(SimpleChain.java:118)
		org.apache.axis.SimpleChain.invoke(SimpleChain.java:83)
		org.apache.axis.client.AxisClient.invoke(AxisClient.java:165)
		org.apache.axis.client.Call.invokeEngine(Call.java:2784)
		org.apache.axis.client.Call.invoke(Call.java:2767)
		org.apache.axis.client.Call.invoke(Call.java:2443)
		org.apache.axis.client.Call.invoke(Call.java:2366)
		org.apache.axis.client.Call.invoke(Call.java:1812)
		com.pos.Pos.PosWSPortBindingStubSinc.muestraEstadoSinc(PosWSPortBindingStubSinc.java:164)
		com.pos.apl.Exportador.run(Exportador.java:56)

Error: 210118 19:53:39Error en la conexion a WebService
	 java.net.ConnectException: Connection timed out: connect
		org.apache.axis.AxisFault.makeFault(AxisFault.java:101)
		org.apache.axis.transport.http.HTTPSender.invoke(HTTPSender.java:154)
		org.apache.axis.strategies.InvocationStrategy.visit(InvocationStrategy.java:32)
		org.apache.axis.SimpleChain.doVisiting(SimpleChain.java:118)
		org.apache.axis.SimpleChain.invoke(SimpleChain.java:83)
		org.apache.axis.client.AxisClient.invoke(AxisClient.java:165)
		org.apache.axis.client.Call.invokeEngine(Call.java:2784)
		org.apache.axis.client.Call.invoke(Call.java:2767)
		org.apache.axis.client.Call.invoke(Call.java:2443)
		org.apache.axis.client.Call.invoke(Call.java:2366)
		org.apache.axis.client.Call.invoke(Call.java:1812)
		com.pos.Pos.PosWSPortBindingStubSinc.muestraEstadoSinc(PosWSPortBindingStubSinc.java:164)
		com.pos.apl.Exportador.run(Exportador.java:56)

Error: 210118 19:53:59Error en la conexion a WebService
	 java.net.ConnectException: Connection refused: connect
		org.apache.axis.AxisFault.makeFault(AxisFault.java:101)
		org.apache.axis.transport.http.HTTPSender.invoke(HTTPSender.java:154)
		org.apache.axis.strategies.InvocationStrategy.visit(InvocationStrategy.java:32)
		org.apache.axis.SimpleChain.doVisiting(SimpleChain.java:118)
		org.apache.axis.SimpleChain.invoke(SimpleChain.java:83)
		org.apache.axis.client.AxisClient.invoke(AxisClient.java:165)
		org.apache.axis.client.Call.invokeEngine(Call.java:2784)
		org.apache.axis.client.Call.invoke(Call.java:2767)
		org.apache.axis.client.Call.invoke(Call.java:2443)
		org.apache.axis.client.Call.invoke(Call.java:2366)
		org.apache.axis.client.Call.invoke(Call.java:1812)
		com.pos.Pos.PosWSPortBindingStubSinc.muestraEstadoSinc(PosWSPortBindingStubSinc.java:164)
		com.pos.apl.Exportador.run(Exportador.java:56)

Error: 210118 19:54:19Error en la conexion a WebService
	 java.net.ConnectException: Connection timed out: connect
		org.apache.axis.AxisFault.makeFault(AxisFault.java:101)
		org.apache.axis.transport.http.HTTPSender.invoke(HTTPSender.java:154)
		org.apache.axis.strategies.InvocationStrategy.visit(InvocationStrategy.java:32)
		org.apache.axis.SimpleChain.doVisiting(SimpleChain.java:118)
		org.apache.axis.SimpleChain.invoke(SimpleChain.java:83)
		org.apache.axis.client.AxisClient.invoke(AxisClient.java:165)
		org.apache.axis.client.Call.invokeEngine(Call.java:2784)
		org.apache.axis.client.Call.invoke(Call.java:2767)
		org.apache.axis.client.Call.invoke(Call.java:2443)
		org.apache.axis.client.Call.invoke(Call.java:2366)
		org.apache.axis.client.Call.invoke(Call.java:1812)
		com.pos.Pos.PosWSPortBindingStubSinc.muestraEstadoSinc(PosWSPortBindingStubSinc.java:164)
		com.pos.apl.Exportador.run(Exportador.java:56)

Error: 210118 19:54:35Error en la conexion a WebService
	 java.net.ConnectException: Connection refused: connect
		org.apache.axis.AxisFault.makeFault(AxisFault.java:101)
		org.apache.axis.transport.http.HTTPSender.invoke(HTTPSender.java:154)
		org.apache.axis.strategies.InvocationStrategy.visit(InvocationStrategy.java:32)
		org.apache.axis.SimpleChain.doVisiting(SimpleChain.java:118)
		org.apache.axis.SimpleChain.invoke(SimpleChain.java:83)
		org.apache.axis.client.AxisClient.invoke(AxisClient.java:165)
		org.apache.axis.client.Call.invokeEngine(Call.java:2784)
		org.apache.axis.client.Call.invoke(Call.java:2767)
		org.apache.axis.client.Call.invoke(Call.java:2443)
		org.apache.axis.client.Call.invoke(Call.java:2366)
		org.apache.axis.client.Call.invoke(Call.java:1812)
		com.pos.Pos.PosWSPortBindingStubSinc.muestraEstadoSinc(PosWSPortBindingStubSinc.java:164)
		com.pos.apl.Exportador.run(Exportador.java:56)

Error: 210118 19:54:48Error en la conexion a WebService
	 java.net.ConnectException: Connection refused: connect
		org.apache.axis.AxisFault.makeFault(AxisFault.java:101)
		org.apache.axis.transport.http.HTTPSender.invoke(HTTPSender.java:154)
		org.apache.axis.strategies.InvocationStrategy.visit(InvocationStrategy.java:32)
		org.apache.axis.SimpleChain.doVisiting(SimpleChain.java:118)
		org.apache.axis.SimpleChain.invoke(SimpleChain.java:83)
		org.apache.axis.client.AxisClient.invoke(AxisClient.java:165)
		org.apache.axis.client.Call.invokeEngine(Call.java:2784)
		org.apache.axis.client.Call.invoke(Call.java:2767)
		org.apache.axis.client.Call.invoke(Call.java:2443)
		org.apache.axis.client.Call.invoke(Call.java:2366)
		org.apache.axis.client.Call.invoke(Call.java:1812)
		com.pos.Pos.PosWSPortBindingStubSinc.muestraEstadoSinc(PosWSPortBindingStubSinc.java:164)
		com.pos.apl.Exportador.run(Exportador.java:56)

Error: 210118 19:55:02Error en la conexion a WebService
	 java.net.ConnectException: Connection refused: connect
		org.apache.axis.AxisFault.makeFault(AxisFault.java:101)
		org.apache.axis.transport.http.HTTPSender.invoke(HTTPSender.java:154)
		org.apache.axis.strategies.InvocationStrategy.visit(InvocationStrategy.java:32)
		org.apache.axis.SimpleChain.doVisiting(SimpleChain.java:118)
		org.apache.axis.SimpleChain.invoke(SimpleChain.java:83)
		org.apache.axis.client.AxisClient.invoke(AxisClient.java:165)
		org.apache.axis.client.Call.invokeEngine(Call.java:2784)
		org.apache.axis.client.Call.invoke(Call.java:2767)
		org.apache.axis.client.Call.invoke(Call.java:2443)
		org.apache.axis.client.Call.invoke(Call.java:2366)
		org.apache.axis.client.Call.invoke(Call.java:1812)
		com.pos.Pos.PosWSPortBindingStubSinc.muestraEstadoSinc(PosWSPortBindingStubSinc.java:164)
		com.pos.apl.Exportador.run(Exportador.java:56)

Error: 210118 19:55:23Error en la conexion a WebService
	 java.net.ConnectException: Connection refused: connect
		org.apache.axis.AxisFault.makeFault(AxisFault.java:101)
		org.apache.axis.transport.http.HTTPSender.invoke(HTTPSender.java:154)
		org.apache.axis.strategies.InvocationStrategy.visit(InvocationStrategy.java:32)
		org.apache.axis.SimpleChain.doVisiting(SimpleChain.java:118)
		org.apache.axis.SimpleChain.invoke(SimpleChain.java:83)
		org.apache.axis.client.AxisClient.invoke(AxisClient.java:165)
		org.apache.axis.client.Call.invokeEngine(Call.java:2784)
		org.apache.axis.client.Call.invoke(Call.java:2767)
		org.apache.axis.client.Call.invoke(Call.java:2443)
		org.apache.axis.client.Call.invoke(Call.java:2366)
		org.apache.axis.client.Call.invoke(Call.java:1812)
		com.pos.Pos.PosWSPortBindingStubSinc.muestraEstadoSinc(PosWSPortBindingStubSinc.java:164)
		com.pos.apl.Exportador.run(Exportador.java:56)

Error: 210118 19:55:42Error en la conexion a WebService
	 java.net.ConnectException: Connection timed out: connect
		org.apache.axis.AxisFault.makeFault(AxisFault.java:101)
		org.apache.axis.transport.http.HTTPSender.invoke(HTTPSender.java:154)
		org.apache.axis.strategies.InvocationStrategy.visit(InvocationStrategy.java:32)
		org.apache.axis.SimpleChain.doVisiting(SimpleChain.java:118)
		org.apache.axis.SimpleChain.invoke(SimpleChain.java:83)
		org.apache.axis.client.AxisClient.invoke(AxisClient.java:165)
		org.apache.axis.client.Call.invokeEngine(Call.java:2784)
		org.apache.axis.client.Call.invoke(Call.java:2767)
		org.apache.axis.client.Call.invoke(Call.java:2443)
		org.apache.axis.client.Call.invoke(Call.java:2366)
		org.apache.axis.client.Call.invoke(Call.java:1812)
		com.pos.Pos.PosWSPortBindingStubSinc.muestraEstadoSinc(PosWSPortBindingStubSinc.java:164)
		com.pos.apl.Exportador.run(Exportador.java:56)

Error: 210118 19:55:56Error en la conexion a WebService
	 java.net.ConnectException: Connection refused: connect
		org.apache.axis.AxisFault.makeFault(AxisFault.java:101)
		org.apache.axis.transport.http.HTTPSender.invoke(HTTPSender.java:154)
		org.apache.axis.strategies.InvocationStrategy.visit(InvocationStrategy.java:32)
		org.apache.axis.SimpleChain.doVisiting(SimpleChain.java:118)
		org.apache.axis.SimpleChain.invoke(SimpleChain.java:83)
		org.apache.axis.client.AxisClient.invoke(AxisClient.java:165)
		org.apache.axis.client.Call.invokeEngine(Call.java:2784)
		org.apache.axis.client.Call.invoke(Call.java:2767)
		org.apache.axis.client.Call.invoke(Call.java:2443)
		org.apache.axis.client.Call.invoke(Call.java:2366)
		org.apache.axis.client.Call.invoke(Call.java:1812)
		com.pos.Pos.PosWSPortBindingStubSinc.muestraEstadoSinc(PosWSPortBindingStubSinc.java:164)
		com.pos.apl.Exportador.run(Exportador.java:56)

Error: 210118 19:56:23Error en la conexion a WebService
	 java.net.ConnectException: Connection timed out: connect
		org.apache.axis.AxisFault.makeFault(AxisFault.java:101)
		org.apache.axis.transport.http.HTTPSender.invoke(HTTPSender.java:154)
		org.apache.axis.strategies.InvocationStrategy.visit(InvocationStrategy.java:32)
		org.apache.axis.SimpleChain.doVisiting(SimpleChain.java:118)
		org.apache.axis.SimpleChain.invoke(SimpleChain.java:83)
		org.apache.axis.client.AxisClient.invoke(AxisClient.java:165)
		org.apache.axis.client.Call.invokeEngine(Call.java:2784)
		org.apache.axis.client.Call.invoke(Call.java:2767)
		org.apache.axis.client.Call.invoke(Call.java:2443)
		org.apache.axis.client.Call.invoke(Call.java:2366)
		org.apache.axis.client.Call.invoke(Call.java:1812)
		com.pos.Pos.PosWSPortBindingStubSinc.muestraEstadoSinc(PosWSPortBindingStubSinc.java:164)
		com.pos.apl.Exportador.run(Exportador.java:56)

Error: 210118 19:56:42Error en la conexion a WebService
	 java.net.ConnectException: Connection timed out: connect
		org.apache.axis.AxisFault.makeFault(AxisFault.java:101)
		org.apache.axis.transport.http.HTTPSender.invoke(HTTPSender.java:154)
		org.apache.axis.strategies.InvocationStrategy.visit(InvocationStrategy.java:32)
		org.apache.axis.SimpleChain.doVisiting(SimpleChain.java:118)
		org.apache.axis.SimpleChain.invoke(SimpleChain.java:83)
		org.apache.axis.client.AxisClient.invoke(AxisClient.java:165)
		org.apache.axis.client.Call.invokeEngine(Call.java:2784)
		org.apache.axis.client.Call.invoke(Call.java:2767)
		org.apache.axis.client.Call.invoke(Call.java:2443)
		org.apache.axis.client.Call.invoke(Call.java:2366)
		org.apache.axis.client.Call.invoke(Call.java:1812)
		com.pos.Pos.PosWSPortBindingStubSinc.muestraEstadoSinc(PosWSPortBindingStubSinc.java:164)
		com.pos.apl.Exportador.run(Exportador.java:56)

Error: 210118 19:57:06Error en la conexion a WebService
	 java.net.ConnectException: Connection refused: connect
		org.apache.axis.AxisFault.makeFault(AxisFault.java:101)
		org.apache.axis.transport.http.HTTPSender.invoke(HTTPSender.java:154)
		org.apache.axis.strategies.InvocationStrategy.visit(InvocationStrategy.java:32)
		org.apache.axis.SimpleChain.doVisiting(SimpleChain.java:118)
		org.apache.axis.SimpleChain.invoke(SimpleChain.java:83)
		org.apache.axis.client.AxisClient.invoke(AxisClient.java:165)
		org.apache.axis.client.Call.invokeEngine(Call.java:2784)
		org.apache.axis.client.Call.invoke(Call.java:2767)
		org.apache.axis.client.Call.invoke(Call.java:2443)
		org.apache.axis.client.Call.invoke(Call.java:2366)
		org.apache.axis.client.Call.invoke(Call.java:1812)
		com.pos.Pos.PosWSPortBindingStubSinc.muestraEstadoSinc(PosWSPortBindingStubSinc.java:164)
		com.pos.apl.Exportador.run(Exportador.java:56)

Error: 210118 19:57:19Error en la conexion a WebService
	 java.net.ConnectException: Connection refused: connect
		org.apache.axis.AxisFault.makeFault(AxisFault.java:101)
		org.apache.axis.transport.http.HTTPSender.invoke(HTTPSender.java:154)
		org.apache.axis.strategies.InvocationStrategy.visit(InvocationStrategy.java:32)
		org.apache.axis.SimpleChain.doVisiting(SimpleChain.java:118)
		org.apache.axis.SimpleChain.invoke(SimpleChain.java:83)
		org.apache.axis.client.AxisClient.invoke(AxisClient.java:165)
		org.apache.axis.client.Call.invokeEngine(Call.java:2784)
		org.apache.axis.client.Call.invoke(Call.java:2767)
		org.apache.axis.client.Call.invoke(Call.java:2443)
		org.apache.axis.client.Call.invoke(Call.java:2366)
		org.apache.axis.client.Call.invoke(Call.java:1812)
		com.pos.Pos.PosWSPortBindingStubSinc.muestraEstadoSinc(PosWSPortBindingStubSinc.java:164)
		com.pos.apl.Exportador.run(Exportador.java:56)

Error: 210118 19:57:36Error en la conexion a WebService
	 java.net.ConnectException: Connection refused: connect
		org.apache.axis.AxisFault.makeFault(AxisFault.java:101)
		org.apache.axis.transport.http.HTTPSender.invoke(HTTPSender.java:154)
		org.apache.axis.strategies.InvocationStrategy.visit(InvocationStrategy.java:32)
		org.apache.axis.SimpleChain.doVisiting(SimpleChain.java:118)
		org.apache.axis.SimpleChain.invoke(SimpleChain.java:83)
		org.apache.axis.client.AxisClient.invoke(AxisClient.java:165)
		org.apache.axis.client.Call.invokeEngine(Call.java:2784)
		org.apache.axis.client.Call.invoke(Call.java:2767)
		org.apache.axis.client.Call.invoke(Call.java:2443)
		org.apache.axis.client.Call.invoke(Call.java:2366)
		org.apache.axis.client.Call.invoke(Call.java:1812)
		com.pos.Pos.PosWSPortBindingStubSinc.muestraEstadoSinc(PosWSPortBindingStubSinc.java:164)
		com.pos.apl.Exportador.run(Exportador.java:56)

Error: 210118 19:57:55Error en la conexion a WebService
	 java.net.ConnectException: Connection timed out: connect
		org.apache.axis.AxisFault.makeFault(AxisFault.java:101)
		org.apache.axis.transport.http.HTTPSender.invoke(HTTPSender.java:154)
		org.apache.axis.strategies.InvocationStrategy.visit(InvocationStrategy.java:32)
		org.apache.axis.SimpleChain.doVisiting(SimpleChain.java:118)
		org.apache.axis.SimpleChain.invoke(SimpleChain.java:83)
		org.apache.axis.client.AxisClient.invoke(AxisClient.java:165)
		org.apache.axis.client.Call.invokeEngine(Call.java:2784)
		org.apache.axis.client.Call.invoke(Call.java:2767)
		org.apache.axis.client.Call.invoke(Call.java:2443)
		org.apache.axis.client.Call.invoke(Call.java:2366)
		org.apache.axis.client.Call.invoke(Call.java:1812)
		com.pos.Pos.PosWSPortBindingStubSinc.muestraEstadoSinc(PosWSPortBindingStubSinc.java:164)
		com.pos.apl.Exportador.run(Exportador.java:56)

Error: 210118 19:58:10Error en la conexion a WebService
	 java.net.ConnectException: Connection refused: connect
		org.apache.axis.AxisFault.makeFault(AxisFault.java:101)
		org.apache.axis.transport.http.HTTPSender.invoke(HTTPSender.java:154)
		org.apache.axis.strategies.InvocationStrategy.visit(InvocationStrategy.java:32)
		org.apache.axis.SimpleChain.doVisiting(SimpleChain.java:118)
		org.apache.axis.SimpleChain.invoke(SimpleChain.java:83)
		org.apache.axis.client.AxisClient.invoke(AxisClient.java:165)
		org.apache.axis.client.Call.invokeEngine(Call.java:2784)
		org.apache.axis.client.Call.invoke(Call.java:2767)
		org.apache.axis.client.Call.invoke(Call.java:2443)
		org.apache.axis.client.Call.invoke(Call.java:2366)
		org.apache.axis.client.Call.invoke(Call.java:1812)
		com.pos.Pos.PosWSPortBindingStubSinc.muestraEstadoSinc(PosWSPortBindingStubSinc.java:164)
		com.pos.apl.Exportador.run(Exportador.java:56)

Error: 210118 19:58:31Error en la conexion a WebService
	 java.net.ConnectException: Connection refused: connect
		org.apache.axis.AxisFault.makeFault(AxisFault.java:101)
		org.apache.axis.transport.http.HTTPSender.invoke(HTTPSender.java:154)
		org.apache.axis.strategies.InvocationStrategy.visit(InvocationStrategy.java:32)
		org.apache.axis.SimpleChain.doVisiting(SimpleChain.java:118)
		org.apache.axis.SimpleChain.invoke(SimpleChain.java:83)
		org.apache.axis.client.AxisClient.invoke(AxisClient.java:165)
		org.apache.axis.client.Call.invokeEngine(Call.java:2784)
		org.apache.axis.client.Call.invoke(Call.java:2767)
		org.apache.axis.client.Call.invoke(Call.java:2443)
		org.apache.axis.client.Call.invoke(Call.java:2366)
		org.apache.axis.client.Call.invoke(Call.java:1812)
		com.pos.Pos.PosWSPortBindingStubSinc.muestraEstadoSinc(PosWSPortBindingStubSinc.java:164)
		com.pos.apl.Exportador.run(Exportador.java:56)

Error: 210118 19:58:58Error en la conexion a WebService
	 java.net.ConnectException: Connection timed out: connect
		org.apache.axis.AxisFault.makeFault(AxisFault.java:101)
		org.apache.axis.transport.http.HTTPSender.invoke(HTTPSender.java:154)
		org.apache.axis.strategies.InvocationStrategy.visit(InvocationStrategy.java:32)
		org.apache.axis.SimpleChain.doVisiting(SimpleChain.java:118)
		org.apache.axis.SimpleChain.invoke(SimpleChain.java:83)
		org.apache.axis.client.AxisClient.invoke(AxisClient.java:165)
		org.apache.axis.client.Call.invokeEngine(Call.java:2784)
		org.apache.axis.client.Call.invoke(Call.java:2767)
		org.apache.axis.client.Call.invoke(Call.java:2443)
		org.apache.axis.client.Call.invoke(Call.java:2366)
		org.apache.axis.client.Call.invoke(Call.java:1812)
		com.pos.Pos.PosWSPortBindingStubSinc.muestraEstadoSinc(PosWSPortBindingStubSinc.java:164)
		com.pos.apl.Exportador.run(Exportador.java:56)

Error: 210118 19:59:15Error en la conexion a WebService
	 java.net.ConnectException: Connection refused: connect
		org.apache.axis.AxisFault.makeFault(AxisFault.java:101)
		org.apache.axis.transport.http.HTTPSender.invoke(HTTPSender.java:154)
		org.apache.axis.strategies.InvocationStrategy.visit(InvocationStrategy.java:32)
		org.apache.axis.SimpleChain.doVisiting(SimpleChain.java:118)
		org.apache.axis.SimpleChain.invoke(SimpleChain.java:83)
		org.apache.axis.client.AxisClient.invoke(AxisClient.java:165)
		org.apache.axis.client.Call.invokeEngine(Call.java:2784)
		org.apache.axis.client.Call.invoke(Call.java:2767)
		org.apache.axis.client.Call.invoke(Call.java:2443)
		org.apache.axis.client.Call.invoke(Call.java:2366)
		org.apache.axis.client.Call.invoke(Call.java:1812)
		com.pos.Pos.PosWSPortBindingStubSinc.muestraEstadoSinc(PosWSPortBindingStubSinc.java:164)
		com.pos.apl.Exportador.run(Exportador.java:56)

Error: 210118 19:59:43Error en la conexion a WebService
	 java.net.ConnectException: Connection timed out: connect
		org.apache.axis.AxisFault.makeFault(AxisFault.java:101)
		org.apache.axis.transport.http.HTTPSender.invoke(HTTPSender.java:154)
		org.apache.axis.strategies.InvocationStrategy.visit(InvocationStrategy.java:32)
		org.apache.axis.SimpleChain.doVisiting(SimpleChain.java:118)
		org.apache.axis.SimpleChain.invoke(SimpleChain.java:83)
		org.apache.axis.client.AxisClient.invoke(AxisClient.java:165)
		org.apache.axis.client.Call.invokeEngine(Call.java:2784)
		org.apache.axis.client.Call.invoke(Call.java:2767)
		org.apache.axis.client.Call.invoke(Call.java:2443)
		org.apache.axis.client.Call.invoke(Call.java:2366)
		org.apache.axis.client.Call.invoke(Call.java:1812)
		com.pos.Pos.PosWSPortBindingStubSinc.muestraEstadoSinc(PosWSPortBindingStubSinc.java:164)
		com.pos.apl.Exportador.run(Exportador.java:56)

Error: 210118 19:59:58Error en la conexion a WebService
	 java.net.ConnectException: Connection refused: connect
		org.apache.axis.AxisFault.makeFault(AxisFault.java:101)
		org.apache.axis.transport.http.HTTPSender.invoke(HTTPSender.java:154)
		org.apache.axis.strategies.InvocationStrategy.visit(InvocationStrategy.java:32)
		org.apache.axis.SimpleChain.doVisiting(SimpleChain.java:118)
		org.apache.axis.SimpleChain.invoke(SimpleChain.java:83)
		org.apache.axis.client.AxisClient.invoke(AxisClient.java:165)
		org.apache.axis.client.Call.invokeEngine(Call.java:2784)
		org.apache.axis.client.Call.invoke(Call.java:2767)
		org.apache.axis.client.Call.invoke(Call.java:2443)
		org.apache.axis.client.Call.invoke(Call.java:2366)
		org.apache.axis.client.Call.invoke(Call.java:1812)
		com.pos.Pos.PosWSPortBindingStubSinc.muestraEstadoSinc(PosWSPortBindingStubSinc.java:164)
		com.pos.apl.Exportador.run(Exportador.java:56)

Error: 210118 20:00:12Error en la conexion a WebService
	 java.net.ConnectException: Connection refused: connect
		org.apache.axis.AxisFault.makeFault(AxisFault.java:101)
		org.apache.axis.transport.http.HTTPSender.invoke(HTTPSender.java:154)
		org.apache.axis.strategies.InvocationStrategy.visit(InvocationStrategy.java:32)
		org.apache.axis.SimpleChain.doVisiting(SimpleChain.java:118)
		org.apache.axis.SimpleChain.invoke(SimpleChain.java:83)
		org.apache.axis.client.AxisClient.invoke(AxisClient.java:165)
		org.apache.axis.client.Call.invokeEngine(Call.java:2784)
		org.apache.axis.client.Call.invoke(Call.java:2767)
		org.apache.axis.client.Call.invoke(Call.java:2443)
		org.apache.axis.client.Call.invoke(Call.java:2366)
		org.apache.axis.client.Call.invoke(Call.java:1812)
		com.pos.Pos.PosWSPortBindingStubSinc.muestraEstadoSinc(PosWSPortBindingStubSinc.java:164)
		com.pos.apl.Exportador.run(Exportador.java:56)

