Error: 210118 19:36:08Error en la conexion a WebService
	 java.net.ConnectException: Connection timed out: connect
		org.apache.axis.AxisFault.makeFault(AxisFault.java:101)
		org.apache.axis.transport.http.HTTPSender.invoke(HTTPSender.java:154)
		org.apache.axis.strategies.InvocationStrategy.visit(InvocationStrategy.java:32)
		org.apache.axis.SimpleChain.doVisiting(SimpleChain.java:118)
		org.apache.axis.SimpleChain.invoke(SimpleChain.java:83)
		org.apache.axis.client.AxisClient.invoke(AxisClient.java:165)
		org.apache.axis.client.Call.invokeEngine(Call.java:2784)
		org.apache.axis.client.Call.invoke(Call.java:2767)
		org.apache.axis.client.Call.invoke(Call.java:2443)
		org.apache.axis.client.Call.invoke(Call.java:2366)
		org.apache.axis.client.Call.invoke(Call.java:1812)
		com.pos.Pos.PosWSPortBindingStubSinc.muestraEstadoSinc(PosWSPortBindingStubSinc.java:164)
		com.pos.apl.SincronizacionGral.run(SincronizacionGral.java:52)

Error: 210118 19:36:22Error en la conexion a WebService
	 java.net.ConnectException: Connection refused: connect
		org.apache.axis.AxisFault.makeFault(AxisFault.java:101)
		org.apache.axis.transport.http.HTTPSender.invoke(HTTPSender.java:154)
		org.apache.axis.strategies.InvocationStrategy.visit(InvocationStrategy.java:32)
		org.apache.axis.SimpleChain.doVisiting(SimpleChain.java:118)
		org.apache.axis.SimpleChain.invoke(SimpleChain.java:83)
		org.apache.axis.client.AxisClient.invoke(AxisClient.java:165)
		org.apache.axis.client.Call.invokeEngine(Call.java:2784)
		org.apache.axis.client.Call.invoke(Call.java:2767)
		org.apache.axis.client.Call.invoke(Call.java:2443)
		org.apache.axis.client.Call.invoke(Call.java:2366)
		org.apache.axis.client.Call.invoke(Call.java:1812)
		com.pos.Pos.PosWSPortBindingStubSinc.muestraEstadoSinc(PosWSPortBindingStubSinc.java:164)
		com.pos.apl.SincronizacionGral.run(SincronizacionGral.java:52)

Error: 210118 19:36:47Error en la conexion a WebService
	 java.net.ConnectException: Connection refused: connect
		org.apache.axis.AxisFault.makeFault(AxisFault.java:101)
		org.apache.axis.transport.http.HTTPSender.invoke(HTTPSender.java:154)
		org.apache.axis.strategies.InvocationStrategy.visit(InvocationStrategy.java:32)
		org.apache.axis.SimpleChain.doVisiting(SimpleChain.java:118)
		org.apache.axis.SimpleChain.invoke(SimpleChain.java:83)
		org.apache.axis.client.AxisClient.invoke(AxisClient.java:165)
		org.apache.axis.client.Call.invokeEngine(Call.java:2784)
		org.apache.axis.client.Call.invoke(Call.java:2767)
		org.apache.axis.client.Call.invoke(Call.java:2443)
		org.apache.axis.client.Call.invoke(Call.java:2366)
		org.apache.axis.client.Call.invoke(Call.java:1812)
		com.pos.Pos.PosWSPortBindingStubSinc.muestraEstadoSinc(PosWSPortBindingStubSinc.java:164)
		com.pos.apl.SincronizacionGral.run(SincronizacionGral.java:52)

Error: 210118 19:37:00Error en la conexion a WebService
	 java.net.ConnectException: Connection refused: connect
		org.apache.axis.AxisFault.makeFault(AxisFault.java:101)
		org.apache.axis.transport.http.HTTPSender.invoke(HTTPSender.java:154)
		org.apache.axis.strategies.InvocationStrategy.visit(InvocationStrategy.java:32)
		org.apache.axis.SimpleChain.doVisiting(SimpleChain.java:118)
		org.apache.axis.SimpleChain.invoke(SimpleChain.java:83)
		org.apache.axis.client.AxisClient.invoke(AxisClient.java:165)
		org.apache.axis.client.Call.invokeEngine(Call.java:2784)
		org.apache.axis.client.Call.invoke(Call.java:2767)
		org.apache.axis.client.Call.invoke(Call.java:2443)
		org.apache.axis.client.Call.invoke(Call.java:2366)
		org.apache.axis.client.Call.invoke(Call.java:1812)
		com.pos.Pos.PosWSPortBindingStubSinc.muestraEstadoSinc(PosWSPortBindingStubSinc.java:164)
		com.pos.apl.SincronizacionGral.run(SincronizacionGral.java:52)

Error: 210118 19:37:14Error en la conexion a WebService
	 java.net.ConnectException: Connection refused: connect
		org.apache.axis.AxisFault.makeFault(AxisFault.java:101)
		org.apache.axis.transport.http.HTTPSender.invoke(HTTPSender.java:154)
		org.apache.axis.strategies.InvocationStrategy.visit(InvocationStrategy.java:32)
		org.apache.axis.SimpleChain.doVisiting(SimpleChain.java:118)
		org.apache.axis.SimpleChain.invoke(SimpleChain.java:83)
		org.apache.axis.client.AxisClient.invoke(AxisClient.java:165)
		org.apache.axis.client.Call.invokeEngine(Call.java:2784)
		org.apache.axis.client.Call.invoke(Call.java:2767)
		org.apache.axis.client.Call.invoke(Call.java:2443)
		org.apache.axis.client.Call.invoke(Call.java:2366)
		org.apache.axis.client.Call.invoke(Call.java:1812)
		com.pos.Pos.PosWSPortBindingStubSinc.muestraEstadoSinc(PosWSPortBindingStubSinc.java:164)
		com.pos.apl.SincronizacionGral.run(SincronizacionGral.java:52)

Error: 210118 19:37:27Error en la conexion a WebService
	 java.net.ConnectException: Connection refused: connect
		org.apache.axis.AxisFault.makeFault(AxisFault.java:101)
		org.apache.axis.transport.http.HTTPSender.invoke(HTTPSender.java:154)
		org.apache.axis.strategies.InvocationStrategy.visit(InvocationStrategy.java:32)
		org.apache.axis.SimpleChain.doVisiting(SimpleChain.java:118)
		org.apache.axis.SimpleChain.invoke(SimpleChain.java:83)
		org.apache.axis.client.AxisClient.invoke(AxisClient.java:165)
		org.apache.axis.client.Call.invokeEngine(Call.java:2784)
		org.apache.axis.client.Call.invoke(Call.java:2767)
		org.apache.axis.client.Call.invoke(Call.java:2443)
		org.apache.axis.client.Call.invoke(Call.java:2366)
		org.apache.axis.client.Call.invoke(Call.java:1812)
		com.pos.Pos.PosWSPortBindingStubSinc.muestraEstadoSinc(PosWSPortBindingStubSinc.java:164)
		com.pos.apl.SincronizacionGral.run(SincronizacionGral.java:52)

Error: 210118 19:37:47Error en la conexion a WebService
	 java.net.ConnectException: Connection timed out: connect
		org.apache.axis.AxisFault.makeFault(AxisFault.java:101)
		org.apache.axis.transport.http.HTTPSender.invoke(HTTPSender.java:154)
		org.apache.axis.strategies.InvocationStrategy.visit(InvocationStrategy.java:32)
		org.apache.axis.SimpleChain.doVisiting(SimpleChain.java:118)
		org.apache.axis.SimpleChain.invoke(SimpleChain.java:83)
		org.apache.axis.client.AxisClient.invoke(AxisClient.java:165)
		org.apache.axis.client.Call.invokeEngine(Call.java:2784)
		org.apache.axis.client.Call.invoke(Call.java:2767)
		org.apache.axis.client.Call.invoke(Call.java:2443)
		org.apache.axis.client.Call.invoke(Call.java:2366)
		org.apache.axis.client.Call.invoke(Call.java:1812)
		com.pos.Pos.PosWSPortBindingStubSinc.muestraEstadoSinc(PosWSPortBindingStubSinc.java:164)
		com.pos.apl.SincronizacionGral.run(SincronizacionGral.java:52)

Error: 210118 19:38:07Error en la conexion a WebService
	 java.net.ConnectException: Connection timed out: connect
		org.apache.axis.AxisFault.makeFault(AxisFault.java:101)
		org.apache.axis.transport.http.HTTPSender.invoke(HTTPSender.java:154)
		org.apache.axis.strategies.InvocationStrategy.visit(InvocationStrategy.java:32)
		org.apache.axis.SimpleChain.doVisiting(SimpleChain.java:118)
		org.apache.axis.SimpleChain.invoke(SimpleChain.java:83)
		org.apache.axis.client.AxisClient.invoke(AxisClient.java:165)
		org.apache.axis.client.Call.invokeEngine(Call.java:2784)
		org.apache.axis.client.Call.invoke(Call.java:2767)
		org.apache.axis.client.Call.invoke(Call.java:2443)
		org.apache.axis.client.Call.invoke(Call.java:2366)
		org.apache.axis.client.Call.invoke(Call.java:1812)
		com.pos.Pos.PosWSPortBindingStubSinc.muestraEstadoSinc(PosWSPortBindingStubSinc.java:164)
		com.pos.apl.SincronizacionGral.run(SincronizacionGral.java:52)

Error: 210118 19:38:28Error en la conexion a WebService
	 java.net.ConnectException: Connection refused: connect
		org.apache.axis.AxisFault.makeFault(AxisFault.java:101)
		org.apache.axis.transport.http.HTTPSender.invoke(HTTPSender.java:154)
		org.apache.axis.strategies.InvocationStrategy.visit(InvocationStrategy.java:32)
		org.apache.axis.SimpleChain.doVisiting(SimpleChain.java:118)
		org.apache.axis.SimpleChain.invoke(SimpleChain.java:83)
		org.apache.axis.client.AxisClient.invoke(AxisClient.java:165)
		org.apache.axis.client.Call.invokeEngine(Call.java:2784)
		org.apache.axis.client.Call.invoke(Call.java:2767)
		org.apache.axis.client.Call.invoke(Call.java:2443)
		org.apache.axis.client.Call.invoke(Call.java:2366)
		org.apache.axis.client.Call.invoke(Call.java:1812)
		com.pos.Pos.PosWSPortBindingStubSinc.muestraEstadoSinc(PosWSPortBindingStubSinc.java:164)
		com.pos.apl.SincronizacionGral.run(SincronizacionGral.java:52)

Error: 210118 19:38:41Error en la conexion a WebService
	 java.net.ConnectException: Connection refused: connect
		org.apache.axis.AxisFault.makeFault(AxisFault.java:101)
		org.apache.axis.transport.http.HTTPSender.invoke(HTTPSender.java:154)
		org.apache.axis.strategies.InvocationStrategy.visit(InvocationStrategy.java:32)
		org.apache.axis.SimpleChain.doVisiting(SimpleChain.java:118)
		org.apache.axis.SimpleChain.invoke(SimpleChain.java:83)
		org.apache.axis.client.AxisClient.invoke(AxisClient.java:165)
		org.apache.axis.client.Call.invokeEngine(Call.java:2784)
		org.apache.axis.client.Call.invoke(Call.java:2767)
		org.apache.axis.client.Call.invoke(Call.java:2443)
		org.apache.axis.client.Call.invoke(Call.java:2366)
		org.apache.axis.client.Call.invoke(Call.java:1812)
		com.pos.Pos.PosWSPortBindingStubSinc.muestraEstadoSinc(PosWSPortBindingStubSinc.java:164)
		com.pos.apl.SincronizacionGral.run(SincronizacionGral.java:52)

Error: 210118 19:38:55Error en la conexion a WebService
	 java.net.ConnectException: Connection refused: connect
		org.apache.axis.AxisFault.makeFault(AxisFault.java:101)
		org.apache.axis.transport.http.HTTPSender.invoke(HTTPSender.java:154)
		org.apache.axis.strategies.InvocationStrategy.visit(InvocationStrategy.java:32)
		org.apache.axis.SimpleChain.doVisiting(SimpleChain.java:118)
		org.apache.axis.SimpleChain.invoke(SimpleChain.java:83)
		org.apache.axis.client.AxisClient.invoke(AxisClient.java:165)
		org.apache.axis.client.Call.invokeEngine(Call.java:2784)
		org.apache.axis.client.Call.invoke(Call.java:2767)
		org.apache.axis.client.Call.invoke(Call.java:2443)
		org.apache.axis.client.Call.invoke(Call.java:2366)
		org.apache.axis.client.Call.invoke(Call.java:1812)
		com.pos.Pos.PosWSPortBindingStubSinc.muestraEstadoSinc(PosWSPortBindingStubSinc.java:164)
		com.pos.apl.SincronizacionGral.run(SincronizacionGral.java:52)

Error: 210118 19:39:08Error en la conexion a WebService
	 java.net.ConnectException: Connection refused: connect
		org.apache.axis.AxisFault.makeFault(AxisFault.java:101)
		org.apache.axis.transport.http.HTTPSender.invoke(HTTPSender.java:154)
		org.apache.axis.strategies.InvocationStrategy.visit(InvocationStrategy.java:32)
		org.apache.axis.SimpleChain.doVisiting(SimpleChain.java:118)
		org.apache.axis.SimpleChain.invoke(SimpleChain.java:83)
		org.apache.axis.client.AxisClient.invoke(AxisClient.java:165)
		org.apache.axis.client.Call.invokeEngine(Call.java:2784)
		org.apache.axis.client.Call.invoke(Call.java:2767)
		org.apache.axis.client.Call.invoke(Call.java:2443)
		org.apache.axis.client.Call.invoke(Call.java:2366)
		org.apache.axis.client.Call.invoke(Call.java:1812)
		com.pos.Pos.PosWSPortBindingStubSinc.muestraEstadoSinc(PosWSPortBindingStubSinc.java:164)
		com.pos.apl.SincronizacionGral.run(SincronizacionGral.java:52)

Error: 210118 19:39:22Error en la conexion a WebService
	 java.net.ConnectException: Connection refused: connect
		org.apache.axis.AxisFault.makeFault(AxisFault.java:101)
		org.apache.axis.transport.http.HTTPSender.invoke(HTTPSender.java:154)
		org.apache.axis.strategies.InvocationStrategy.visit(InvocationStrategy.java:32)
		org.apache.axis.SimpleChain.doVisiting(SimpleChain.java:118)
		org.apache.axis.SimpleChain.invoke(SimpleChain.java:83)
		org.apache.axis.client.AxisClient.invoke(AxisClient.java:165)
		org.apache.axis.client.Call.invokeEngine(Call.java:2784)
		org.apache.axis.client.Call.invoke(Call.java:2767)
		org.apache.axis.client.Call.invoke(Call.java:2443)
		org.apache.axis.client.Call.invoke(Call.java:2366)
		org.apache.axis.client.Call.invoke(Call.java:1812)
		com.pos.Pos.PosWSPortBindingStubSinc.muestraEstadoSinc(PosWSPortBindingStubSinc.java:164)
		com.pos.apl.SincronizacionGral.run(SincronizacionGral.java:52)

Error: 210118 19:39:53Error en la conexion a WebService
	 java.net.ConnectException: Connection timed out: connect
		org.apache.axis.AxisFault.makeFault(AxisFault.java:101)
		org.apache.axis.transport.http.HTTPSender.invoke(HTTPSender.java:154)
		org.apache.axis.strategies.InvocationStrategy.visit(InvocationStrategy.java:32)
		org.apache.axis.SimpleChain.doVisiting(SimpleChain.java:118)
		org.apache.axis.SimpleChain.invoke(SimpleChain.java:83)
		org.apache.axis.client.AxisClient.invoke(AxisClient.java:165)
		org.apache.axis.client.Call.invokeEngine(Call.java:2784)
		org.apache.axis.client.Call.invoke(Call.java:2767)
		org.apache.axis.client.Call.invoke(Call.java:2443)
		org.apache.axis.client.Call.invoke(Call.java:2366)
		org.apache.axis.client.Call.invoke(Call.java:1812)
		com.pos.Pos.PosWSPortBindingStubSinc.muestraEstadoSinc(PosWSPortBindingStubSinc.java:164)
		com.pos.apl.SincronizacionGral.run(SincronizacionGral.java:52)

Error: 210118 19:40:13Error en la conexion a WebService
	 java.net.ConnectException: Connection timed out: connect
		org.apache.axis.AxisFault.makeFault(AxisFault.java:101)
		org.apache.axis.transport.http.HTTPSender.invoke(HTTPSender.java:154)
		org.apache.axis.strategies.InvocationStrategy.visit(InvocationStrategy.java:32)
		org.apache.axis.SimpleChain.doVisiting(SimpleChain.java:118)
		org.apache.axis.SimpleChain.invoke(SimpleChain.java:83)
		org.apache.axis.client.AxisClient.invoke(AxisClient.java:165)
		org.apache.axis.client.Call.invokeEngine(Call.java:2784)
		org.apache.axis.client.Call.invoke(Call.java:2767)
		org.apache.axis.client.Call.invoke(Call.java:2443)
		org.apache.axis.client.Call.invoke(Call.java:2366)
		org.apache.axis.client.Call.invoke(Call.java:1812)
		com.pos.Pos.PosWSPortBindingStubSinc.muestraEstadoSinc(PosWSPortBindingStubSinc.java:164)
		com.pos.apl.SincronizacionGral.run(SincronizacionGral.java:52)

Error: 210118 19:40:28Error en la conexion a WebService
	 java.net.ConnectException: Connection refused: connect
		org.apache.axis.AxisFault.makeFault(AxisFault.java:101)
		org.apache.axis.transport.http.HTTPSender.invoke(HTTPSender.java:154)
		org.apache.axis.strategies.InvocationStrategy.visit(InvocationStrategy.java:32)
		org.apache.axis.SimpleChain.doVisiting(SimpleChain.java:118)
		org.apache.axis.SimpleChain.invoke(SimpleChain.java:83)
		org.apache.axis.client.AxisClient.invoke(AxisClient.java:165)
		org.apache.axis.client.Call.invokeEngine(Call.java:2784)
		org.apache.axis.client.Call.invoke(Call.java:2767)
		org.apache.axis.client.Call.invoke(Call.java:2443)
		org.apache.axis.client.Call.invoke(Call.java:2366)
		org.apache.axis.client.Call.invoke(Call.java:1812)
		com.pos.Pos.PosWSPortBindingStubSinc.muestraEstadoSinc(PosWSPortBindingStubSinc.java:164)
		com.pos.apl.SincronizacionGral.run(SincronizacionGral.java:52)

Error: 210118 19:40:42Error en la conexion a WebService
	 java.net.ConnectException: Connection refused: connect
		org.apache.axis.AxisFault.makeFault(AxisFault.java:101)
		org.apache.axis.transport.http.HTTPSender.invoke(HTTPSender.java:154)
		org.apache.axis.strategies.InvocationStrategy.visit(InvocationStrategy.java:32)
		org.apache.axis.SimpleChain.doVisiting(SimpleChain.java:118)
		org.apache.axis.SimpleChain.invoke(SimpleChain.java:83)
		org.apache.axis.client.AxisClient.invoke(AxisClient.java:165)
		org.apache.axis.client.Call.invokeEngine(Call.java:2784)
		org.apache.axis.client.Call.invoke(Call.java:2767)
		org.apache.axis.client.Call.invoke(Call.java:2443)
		org.apache.axis.client.Call.invoke(Call.java:2366)
		org.apache.axis.client.Call.invoke(Call.java:1812)
		com.pos.Pos.PosWSPortBindingStubSinc.muestraEstadoSinc(PosWSPortBindingStubSinc.java:164)
		com.pos.apl.SincronizacionGral.run(SincronizacionGral.java:52)

Error: 210118 19:40:55Error en la conexion a WebService
	 java.net.ConnectException: Connection refused: connect
		org.apache.axis.AxisFault.makeFault(AxisFault.java:101)
		org.apache.axis.transport.http.HTTPSender.invoke(HTTPSender.java:154)
		org.apache.axis.strategies.InvocationStrategy.visit(InvocationStrategy.java:32)
		org.apache.axis.SimpleChain.doVisiting(SimpleChain.java:118)
		org.apache.axis.SimpleChain.invoke(SimpleChain.java:83)
		org.apache.axis.client.AxisClient.invoke(AxisClient.java:165)
		org.apache.axis.client.Call.invokeEngine(Call.java:2784)
		org.apache.axis.client.Call.invoke(Call.java:2767)
		org.apache.axis.client.Call.invoke(Call.java:2443)
		org.apache.axis.client.Call.invoke(Call.java:2366)
		org.apache.axis.client.Call.invoke(Call.java:1812)
		com.pos.Pos.PosWSPortBindingStubSinc.muestraEstadoSinc(PosWSPortBindingStubSinc.java:164)
		com.pos.apl.SincronizacionGral.run(SincronizacionGral.java:52)

Error: 210118 19:41:08Error en la conexion a WebService
	 java.net.ConnectException: Connection refused: connect
		org.apache.axis.AxisFault.makeFault(AxisFault.java:101)
		org.apache.axis.transport.http.HTTPSender.invoke(HTTPSender.java:154)
		org.apache.axis.strategies.InvocationStrategy.visit(InvocationStrategy.java:32)
		org.apache.axis.SimpleChain.doVisiting(SimpleChain.java:118)
		org.apache.axis.SimpleChain.invoke(SimpleChain.java:83)
		org.apache.axis.client.AxisClient.invoke(AxisClient.java:165)
		org.apache.axis.client.Call.invokeEngine(Call.java:2784)
		org.apache.axis.client.Call.invoke(Call.java:2767)
		org.apache.axis.client.Call.invoke(Call.java:2443)
		org.apache.axis.client.Call.invoke(Call.java:2366)
		org.apache.axis.client.Call.invoke(Call.java:1812)
		com.pos.Pos.PosWSPortBindingStubSinc.muestraEstadoSinc(PosWSPortBindingStubSinc.java:164)
		com.pos.apl.SincronizacionGral.run(SincronizacionGral.java:52)

Error: 210118 19:41:22Error en la conexion a WebService
	 java.net.ConnectException: Connection refused: connect
		org.apache.axis.AxisFault.makeFault(AxisFault.java:101)
		org.apache.axis.transport.http.HTTPSender.invoke(HTTPSender.java:154)
		org.apache.axis.strategies.InvocationStrategy.visit(InvocationStrategy.java:32)
		org.apache.axis.SimpleChain.doVisiting(SimpleChain.java:118)
		org.apache.axis.SimpleChain.invoke(SimpleChain.java:83)
		org.apache.axis.client.AxisClient.invoke(AxisClient.java:165)
		org.apache.axis.client.Call.invokeEngine(Call.java:2784)
		org.apache.axis.client.Call.invoke(Call.java:2767)
		org.apache.axis.client.Call.invoke(Call.java:2443)
		org.apache.axis.client.Call.invoke(Call.java:2366)
		org.apache.axis.client.Call.invoke(Call.java:1812)
		com.pos.Pos.PosWSPortBindingStubSinc.muestraEstadoSinc(PosWSPortBindingStubSinc.java:164)
		com.pos.apl.SincronizacionGral.run(SincronizacionGral.java:52)

Error: 210118 19:41:39Error en la conexion a WebService
	 java.net.ConnectException: Connection refused: connect
		org.apache.axis.AxisFault.makeFault(AxisFault.java:101)
		org.apache.axis.transport.http.HTTPSender.invoke(HTTPSender.java:154)
		org.apache.axis.strategies.InvocationStrategy.visit(InvocationStrategy.java:32)
		org.apache.axis.SimpleChain.doVisiting(SimpleChain.java:118)
		org.apache.axis.SimpleChain.invoke(SimpleChain.java:83)
		org.apache.axis.client.AxisClient.invoke(AxisClient.java:165)
		org.apache.axis.client.Call.invokeEngine(Call.java:2784)
		org.apache.axis.client.Call.invoke(Call.java:2767)
		org.apache.axis.client.Call.invoke(Call.java:2443)
		org.apache.axis.client.Call.invoke(Call.java:2366)
		org.apache.axis.client.Call.invoke(Call.java:1812)
		com.pos.Pos.PosWSPortBindingStubSinc.muestraEstadoSinc(PosWSPortBindingStubSinc.java:164)
		com.pos.apl.SincronizacionGral.run(SincronizacionGral.java:52)

Error: 210118 19:42:00Error en la conexion a WebService
	 java.net.ConnectException: Connection refused: connect
		org.apache.axis.AxisFault.makeFault(AxisFault.java:101)
		org.apache.axis.transport.http.HTTPSender.invoke(HTTPSender.java:154)
		org.apache.axis.strategies.InvocationStrategy.visit(InvocationStrategy.java:32)
		org.apache.axis.SimpleChain.doVisiting(SimpleChain.java:118)
		org.apache.axis.SimpleChain.invoke(SimpleChain.java:83)
		org.apache.axis.client.AxisClient.invoke(AxisClient.java:165)
		org.apache.axis.client.Call.invokeEngine(Call.java:2784)
		org.apache.axis.client.Call.invoke(Call.java:2767)
		org.apache.axis.client.Call.invoke(Call.java:2443)
		org.apache.axis.client.Call.invoke(Call.java:2366)
		org.apache.axis.client.Call.invoke(Call.java:1812)
		com.pos.Pos.PosWSPortBindingStubSinc.muestraEstadoSinc(PosWSPortBindingStubSinc.java:164)
		com.pos.apl.SincronizacionGral.run(SincronizacionGral.java:52)

Error: 210118 19:43:56Error en la conexion a WebService
	 java.net.ConnectException: Connection refused: connect
		org.apache.axis.AxisFault.makeFault(AxisFault.java:101)
		org.apache.axis.transport.http.HTTPSender.invoke(HTTPSender.java:154)
		org.apache.axis.strategies.InvocationStrategy.visit(InvocationStrategy.java:32)
		org.apache.axis.SimpleChain.doVisiting(SimpleChain.java:118)
		org.apache.axis.SimpleChain.invoke(SimpleChain.java:83)
		org.apache.axis.client.AxisClient.invoke(AxisClient.java:165)
		org.apache.axis.client.Call.invokeEngine(Call.java:2784)
		org.apache.axis.client.Call.invoke(Call.java:2767)
		org.apache.axis.client.Call.invoke(Call.java:2443)
		org.apache.axis.client.Call.invoke(Call.java:2366)
		org.apache.axis.client.Call.invoke(Call.java:1812)
		com.pos.Pos.PosWSPortBindingStubSinc.muestraEstadoSinc(PosWSPortBindingStubSinc.java:164)
		com.pos.apl.SincronizacionGral.run(SincronizacionGral.java:52)

Error: 210118 19:44:20Error en la conexion a WebService
	 java.net.ConnectException: Connection timed out: connect
		org.apache.axis.AxisFault.makeFault(AxisFault.java:101)
		org.apache.axis.transport.http.HTTPSender.invoke(HTTPSender.java:154)
		org.apache.axis.strategies.InvocationStrategy.visit(InvocationStrategy.java:32)
		org.apache.axis.SimpleChain.doVisiting(SimpleChain.java:118)
		org.apache.axis.SimpleChain.invoke(SimpleChain.java:83)
		org.apache.axis.client.AxisClient.invoke(AxisClient.java:165)
		org.apache.axis.client.Call.invokeEngine(Call.java:2784)
		org.apache.axis.client.Call.invoke(Call.java:2767)
		org.apache.axis.client.Call.invoke(Call.java:2443)
		org.apache.axis.client.Call.invoke(Call.java:2366)
		org.apache.axis.client.Call.invoke(Call.java:1812)
		com.pos.Pos.PosWSPortBindingStubSinc.muestraEstadoSinc(PosWSPortBindingStubSinc.java:164)
		com.pos.apl.SincronizacionGral.run(SincronizacionGral.java:52)

Error: 210118 19:44:42Error en la conexion a WebService
	 java.net.ConnectException: Connection timed out: connect
		org.apache.axis.AxisFault.makeFault(AxisFault.java:101)
		org.apache.axis.transport.http.HTTPSender.invoke(HTTPSender.java:154)
		org.apache.axis.strategies.InvocationStrategy.visit(InvocationStrategy.java:32)
		org.apache.axis.SimpleChain.doVisiting(SimpleChain.java:118)
		org.apache.axis.SimpleChain.invoke(SimpleChain.java:83)
		org.apache.axis.client.AxisClient.invoke(AxisClient.java:165)
		org.apache.axis.client.Call.invokeEngine(Call.java:2784)
		org.apache.axis.client.Call.invoke(Call.java:2767)
		org.apache.axis.client.Call.invoke(Call.java:2443)
		org.apache.axis.client.Call.invoke(Call.java:2366)
		org.apache.axis.client.Call.invoke(Call.java:1812)
		com.pos.Pos.PosWSPortBindingStubSinc.muestraEstadoSinc(PosWSPortBindingStubSinc.java:164)
		com.pos.apl.SincronizacionGral.run(SincronizacionGral.java:52)

Error: 210118 19:44:57Error en la conexion a WebService
	 java.net.ConnectException: Connection refused: connect
		org.apache.axis.AxisFault.makeFault(AxisFault.java:101)
		org.apache.axis.transport.http.HTTPSender.invoke(HTTPSender.java:154)
		org.apache.axis.strategies.InvocationStrategy.visit(InvocationStrategy.java:32)
		org.apache.axis.SimpleChain.doVisiting(SimpleChain.java:118)
		org.apache.axis.SimpleChain.invoke(SimpleChain.java:83)
		org.apache.axis.client.AxisClient.invoke(AxisClient.java:165)
		org.apache.axis.client.Call.invokeEngine(Call.java:2784)
		org.apache.axis.client.Call.invoke(Call.java:2767)
		org.apache.axis.client.Call.invoke(Call.java:2443)
		org.apache.axis.client.Call.invoke(Call.java:2366)
		org.apache.axis.client.Call.invoke(Call.java:1812)
		com.pos.Pos.PosWSPortBindingStubSinc.muestraEstadoSinc(PosWSPortBindingStubSinc.java:164)
		com.pos.apl.SincronizacionGral.run(SincronizacionGral.java:52)

Error: 210118 19:45:10Error en la conexion a WebService
	 java.net.ConnectException: Connection refused: connect
		org.apache.axis.AxisFault.makeFault(AxisFault.java:101)
		org.apache.axis.transport.http.HTTPSender.invoke(HTTPSender.java:154)
		org.apache.axis.strategies.InvocationStrategy.visit(InvocationStrategy.java:32)
		org.apache.axis.SimpleChain.doVisiting(SimpleChain.java:118)
		org.apache.axis.SimpleChain.invoke(SimpleChain.java:83)
		org.apache.axis.client.AxisClient.invoke(AxisClient.java:165)
		org.apache.axis.client.Call.invokeEngine(Call.java:2784)
		org.apache.axis.client.Call.invoke(Call.java:2767)
		org.apache.axis.client.Call.invoke(Call.java:2443)
		org.apache.axis.client.Call.invoke(Call.java:2366)
		org.apache.axis.client.Call.invoke(Call.java:1812)
		com.pos.Pos.PosWSPortBindingStubSinc.muestraEstadoSinc(PosWSPortBindingStubSinc.java:164)
		com.pos.apl.SincronizacionGral.run(SincronizacionGral.java:52)

Error: 210118 19:45:24Error en la conexion a WebService
	 java.net.ConnectException: Connection refused: connect
		org.apache.axis.AxisFault.makeFault(AxisFault.java:101)
		org.apache.axis.transport.http.HTTPSender.invoke(HTTPSender.java:154)
		org.apache.axis.strategies.InvocationStrategy.visit(InvocationStrategy.java:32)
		org.apache.axis.SimpleChain.doVisiting(SimpleChain.java:118)
		org.apache.axis.SimpleChain.invoke(SimpleChain.java:83)
		org.apache.axis.client.AxisClient.invoke(AxisClient.java:165)
		org.apache.axis.client.Call.invokeEngine(Call.java:2784)
		org.apache.axis.client.Call.invoke(Call.java:2767)
		org.apache.axis.client.Call.invoke(Call.java:2443)
		org.apache.axis.client.Call.invoke(Call.java:2366)
		org.apache.axis.client.Call.invoke(Call.java:1812)
		com.pos.Pos.PosWSPortBindingStubSinc.muestraEstadoSinc(PosWSPortBindingStubSinc.java:164)
		com.pos.apl.SincronizacionGral.run(SincronizacionGral.java:52)

Error: 210118 19:45:46Error en la conexion a WebService
	 java.net.ConnectException: Connection refused: connect
		org.apache.axis.AxisFault.makeFault(AxisFault.java:101)
		org.apache.axis.transport.http.HTTPSender.invoke(HTTPSender.java:154)
		org.apache.axis.strategies.InvocationStrategy.visit(InvocationStrategy.java:32)
		org.apache.axis.SimpleChain.doVisiting(SimpleChain.java:118)
		org.apache.axis.SimpleChain.invoke(SimpleChain.java:83)
		org.apache.axis.client.AxisClient.invoke(AxisClient.java:165)
		org.apache.axis.client.Call.invokeEngine(Call.java:2784)
		org.apache.axis.client.Call.invoke(Call.java:2767)
		org.apache.axis.client.Call.invoke(Call.java:2443)
		org.apache.axis.client.Call.invoke(Call.java:2366)
		org.apache.axis.client.Call.invoke(Call.java:1812)
		com.pos.Pos.PosWSPortBindingStubSinc.muestraEstadoSinc(PosWSPortBindingStubSinc.java:164)
		com.pos.apl.SincronizacionGral.run(SincronizacionGral.java:52)

Error: 210118 19:46:07Error en la conexion a WebService
	 java.net.ConnectException: Connection refused: connect
		org.apache.axis.AxisFault.makeFault(AxisFault.java:101)
		org.apache.axis.transport.http.HTTPSender.invoke(HTTPSender.java:154)
		org.apache.axis.strategies.InvocationStrategy.visit(InvocationStrategy.java:32)
		org.apache.axis.SimpleChain.doVisiting(SimpleChain.java:118)
		org.apache.axis.SimpleChain.invoke(SimpleChain.java:83)
		org.apache.axis.client.AxisClient.invoke(AxisClient.java:165)
		org.apache.axis.client.Call.invokeEngine(Call.java:2784)
		org.apache.axis.client.Call.invoke(Call.java:2767)
		org.apache.axis.client.Call.invoke(Call.java:2443)
		org.apache.axis.client.Call.invoke(Call.java:2366)
		org.apache.axis.client.Call.invoke(Call.java:1812)
		com.pos.Pos.PosWSPortBindingStubSinc.muestraEstadoSinc(PosWSPortBindingStubSinc.java:164)
		com.pos.apl.SincronizacionGral.run(SincronizacionGral.java:52)

Error: 210118 19:46:29Error en la conexion a WebService
	 java.net.ConnectException: Connection refused: connect
		org.apache.axis.AxisFault.makeFault(AxisFault.java:101)
		org.apache.axis.transport.http.HTTPSender.invoke(HTTPSender.java:154)
		org.apache.axis.strategies.InvocationStrategy.visit(InvocationStrategy.java:32)
		org.apache.axis.SimpleChain.doVisiting(SimpleChain.java:118)
		org.apache.axis.SimpleChain.invoke(SimpleChain.java:83)
		org.apache.axis.client.AxisClient.invoke(AxisClient.java:165)
		org.apache.axis.client.Call.invokeEngine(Call.java:2784)
		org.apache.axis.client.Call.invoke(Call.java:2767)
		org.apache.axis.client.Call.invoke(Call.java:2443)
		org.apache.axis.client.Call.invoke(Call.java:2366)
		org.apache.axis.client.Call.invoke(Call.java:1812)
		com.pos.Pos.PosWSPortBindingStubSinc.muestraEstadoSinc(PosWSPortBindingStubSinc.java:164)
		com.pos.apl.SincronizacionGral.run(SincronizacionGral.java:52)

Error: 210118 19:46:46Error en la conexion a WebService
	 java.net.ConnectException: Connection refused: connect
		org.apache.axis.AxisFault.makeFault(AxisFault.java:101)
		org.apache.axis.transport.http.HTTPSender.invoke(HTTPSender.java:154)
		org.apache.axis.strategies.InvocationStrategy.visit(InvocationStrategy.java:32)
		org.apache.axis.SimpleChain.doVisiting(SimpleChain.java:118)
		org.apache.axis.SimpleChain.invoke(SimpleChain.java:83)
		org.apache.axis.client.AxisClient.invoke(AxisClient.java:165)
		org.apache.axis.client.Call.invokeEngine(Call.java:2784)
		org.apache.axis.client.Call.invoke(Call.java:2767)
		org.apache.axis.client.Call.invoke(Call.java:2443)
		org.apache.axis.client.Call.invoke(Call.java:2366)
		org.apache.axis.client.Call.invoke(Call.java:1812)
		com.pos.Pos.PosWSPortBindingStubSinc.muestraEstadoSinc(PosWSPortBindingStubSinc.java:164)
		com.pos.apl.SincronizacionGral.run(SincronizacionGral.java:52)

Error: 210118 19:47:03Error en la conexion a WebService
	 java.net.ConnectException: Connection refused: connect
		org.apache.axis.AxisFault.makeFault(AxisFault.java:101)
		org.apache.axis.transport.http.HTTPSender.invoke(HTTPSender.java:154)
		org.apache.axis.strategies.InvocationStrategy.visit(InvocationStrategy.java:32)
		org.apache.axis.SimpleChain.doVisiting(SimpleChain.java:118)
		org.apache.axis.SimpleChain.invoke(SimpleChain.java:83)
		org.apache.axis.client.AxisClient.invoke(AxisClient.java:165)
		org.apache.axis.client.Call.invokeEngine(Call.java:2784)
		org.apache.axis.client.Call.invoke(Call.java:2767)
		org.apache.axis.client.Call.invoke(Call.java:2443)
		org.apache.axis.client.Call.invoke(Call.java:2366)
		org.apache.axis.client.Call.invoke(Call.java:1812)
		com.pos.Pos.PosWSPortBindingStubSinc.muestraEstadoSinc(PosWSPortBindingStubSinc.java:164)
		com.pos.apl.SincronizacionGral.run(SincronizacionGral.java:52)

Error: 210118 19:47:27Error en la conexion a WebService
	 java.net.ConnectException: Connection refused: connect
		org.apache.axis.AxisFault.makeFault(AxisFault.java:101)
		org.apache.axis.transport.http.HTTPSender.invoke(HTTPSender.java:154)
		org.apache.axis.strategies.InvocationStrategy.visit(InvocationStrategy.java:32)
		org.apache.axis.SimpleChain.doVisiting(SimpleChain.java:118)
		org.apache.axis.SimpleChain.invoke(SimpleChain.java:83)
		org.apache.axis.client.AxisClient.invoke(AxisClient.java:165)
		org.apache.axis.client.Call.invokeEngine(Call.java:2784)
		org.apache.axis.client.Call.invoke(Call.java:2767)
		org.apache.axis.client.Call.invoke(Call.java:2443)
		org.apache.axis.client.Call.invoke(Call.java:2366)
		org.apache.axis.client.Call.invoke(Call.java:1812)
		com.pos.Pos.PosWSPortBindingStubSinc.muestraEstadoSinc(PosWSPortBindingStubSinc.java:164)
		com.pos.apl.SincronizacionGral.run(SincronizacionGral.java:52)

Error: 210118 19:47:44Error en la conexion a WebService
	 java.net.ConnectException: Connection refused: connect
		org.apache.axis.AxisFault.makeFault(AxisFault.java:101)
		org.apache.axis.transport.http.HTTPSender.invoke(HTTPSender.java:154)
		org.apache.axis.strategies.InvocationStrategy.visit(InvocationStrategy.java:32)
		org.apache.axis.SimpleChain.doVisiting(SimpleChain.java:118)
		org.apache.axis.SimpleChain.invoke(SimpleChain.java:83)
		org.apache.axis.client.AxisClient.invoke(AxisClient.java:165)
		org.apache.axis.client.Call.invokeEngine(Call.java:2784)
		org.apache.axis.client.Call.invoke(Call.java:2767)
		org.apache.axis.client.Call.invoke(Call.java:2443)
		org.apache.axis.client.Call.invoke(Call.java:2366)
		org.apache.axis.client.Call.invoke(Call.java:1812)
		com.pos.Pos.PosWSPortBindingStubSinc.muestraEstadoSinc(PosWSPortBindingStubSinc.java:164)
		com.pos.apl.SincronizacionGral.run(SincronizacionGral.java:52)

Error: 210118 19:47:58Error en la conexion a WebService
	 java.net.ConnectException: Connection refused: connect
		org.apache.axis.AxisFault.makeFault(AxisFault.java:101)
		org.apache.axis.transport.http.HTTPSender.invoke(HTTPSender.java:154)
		org.apache.axis.strategies.InvocationStrategy.visit(InvocationStrategy.java:32)
		org.apache.axis.SimpleChain.doVisiting(SimpleChain.java:118)
		org.apache.axis.SimpleChain.invoke(SimpleChain.java:83)
		org.apache.axis.client.AxisClient.invoke(AxisClient.java:165)
		org.apache.axis.client.Call.invokeEngine(Call.java:2784)
		org.apache.axis.client.Call.invoke(Call.java:2767)
		org.apache.axis.client.Call.invoke(Call.java:2443)
		org.apache.axis.client.Call.invoke(Call.java:2366)
		org.apache.axis.client.Call.invoke(Call.java:1812)
		com.pos.Pos.PosWSPortBindingStubSinc.muestraEstadoSinc(PosWSPortBindingStubSinc.java:164)
		com.pos.apl.SincronizacionGral.run(SincronizacionGral.java:52)

Error: 210118 19:48:15Error en la conexion a WebService
	 java.net.ConnectException: Connection refused: connect
		org.apache.axis.AxisFault.makeFault(AxisFault.java:101)
		org.apache.axis.transport.http.HTTPSender.invoke(HTTPSender.java:154)
		org.apache.axis.strategies.InvocationStrategy.visit(InvocationStrategy.java:32)
		org.apache.axis.SimpleChain.doVisiting(SimpleChain.java:118)
		org.apache.axis.SimpleChain.invoke(SimpleChain.java:83)
		org.apache.axis.client.AxisClient.invoke(AxisClient.java:165)
		org.apache.axis.client.Call.invokeEngine(Call.java:2784)
		org.apache.axis.client.Call.invoke(Call.java:2767)
		org.apache.axis.client.Call.invoke(Call.java:2443)
		org.apache.axis.client.Call.invoke(Call.java:2366)
		org.apache.axis.client.Call.invoke(Call.java:1812)
		com.pos.Pos.PosWSPortBindingStubSinc.muestraEstadoSinc(PosWSPortBindingStubSinc.java:164)
		com.pos.apl.SincronizacionGral.run(SincronizacionGral.java:52)

Error: 210118 19:48:34Error en la conexion a WebService
	 java.net.ConnectException: Connection timed out: connect
		org.apache.axis.AxisFault.makeFault(AxisFault.java:101)
		org.apache.axis.transport.http.HTTPSender.invoke(HTTPSender.java:154)
		org.apache.axis.strategies.InvocationStrategy.visit(InvocationStrategy.java:32)
		org.apache.axis.SimpleChain.doVisiting(SimpleChain.java:118)
		org.apache.axis.SimpleChain.invoke(SimpleChain.java:83)
		org.apache.axis.client.AxisClient.invoke(AxisClient.java:165)
		org.apache.axis.client.Call.invokeEngine(Call.java:2784)
		org.apache.axis.client.Call.invoke(Call.java:2767)
		org.apache.axis.client.Call.invoke(Call.java:2443)
		org.apache.axis.client.Call.invoke(Call.java:2366)
		org.apache.axis.client.Call.invoke(Call.java:1812)
		com.pos.Pos.PosWSPortBindingStubSinc.muestraEstadoSinc(PosWSPortBindingStubSinc.java:164)
		com.pos.apl.SincronizacionGral.run(SincronizacionGral.java:52)

Error: 210118 19:48:58Error en la conexion a WebService
	 java.net.ConnectException: Connection refused: connect
		org.apache.axis.AxisFault.makeFault(AxisFault.java:101)
		org.apache.axis.transport.http.HTTPSender.invoke(HTTPSender.java:154)
		org.apache.axis.strategies.InvocationStrategy.visit(InvocationStrategy.java:32)
		org.apache.axis.SimpleChain.doVisiting(SimpleChain.java:118)
		org.apache.axis.SimpleChain.invoke(SimpleChain.java:83)
		org.apache.axis.client.AxisClient.invoke(AxisClient.java:165)
		org.apache.axis.client.Call.invokeEngine(Call.java:2784)
		org.apache.axis.client.Call.invoke(Call.java:2767)
		org.apache.axis.client.Call.invoke(Call.java:2443)
		org.apache.axis.client.Call.invoke(Call.java:2366)
		org.apache.axis.client.Call.invoke(Call.java:1812)
		com.pos.Pos.PosWSPortBindingStubSinc.muestraEstadoSinc(PosWSPortBindingStubSinc.java:164)
		com.pos.apl.SincronizacionGral.run(SincronizacionGral.java:52)

Error: 210118 19:49:22Error en la conexion a WebService
	 java.net.ConnectException: Connection timed out: connect
		org.apache.axis.AxisFault.makeFault(AxisFault.java:101)
		org.apache.axis.transport.http.HTTPSender.invoke(HTTPSender.java:154)
		org.apache.axis.strategies.InvocationStrategy.visit(InvocationStrategy.java:32)
		org.apache.axis.SimpleChain.doVisiting(SimpleChain.java:118)
		org.apache.axis.SimpleChain.invoke(SimpleChain.java:83)
		org.apache.axis.client.AxisClient.invoke(AxisClient.java:165)
		org.apache.axis.client.Call.invokeEngine(Call.java:2784)
		org.apache.axis.client.Call.invoke(Call.java:2767)
		org.apache.axis.client.Call.invoke(Call.java:2443)
		org.apache.axis.client.Call.invoke(Call.java:2366)
		org.apache.axis.client.Call.invoke(Call.java:1812)
		com.pos.Pos.PosWSPortBindingStubSinc.muestraEstadoSinc(PosWSPortBindingStubSinc.java:164)
		com.pos.apl.SincronizacionGral.run(SincronizacionGral.java:52)

Error: 210118 19:49:39Error en la conexion a WebService
	 java.net.ConnectException: Connection refused: connect
		org.apache.axis.AxisFault.makeFault(AxisFault.java:101)
		org.apache.axis.transport.http.HTTPSender.invoke(HTTPSender.java:154)
		org.apache.axis.strategies.InvocationStrategy.visit(InvocationStrategy.java:32)
		org.apache.axis.SimpleChain.doVisiting(SimpleChain.java:118)
		org.apache.axis.SimpleChain.invoke(SimpleChain.java:83)
		org.apache.axis.client.AxisClient.invoke(AxisClient.java:165)
		org.apache.axis.client.Call.invokeEngine(Call.java:2784)
		org.apache.axis.client.Call.invoke(Call.java:2767)
		org.apache.axis.client.Call.invoke(Call.java:2443)
		org.apache.axis.client.Call.invoke(Call.java:2366)
		org.apache.axis.client.Call.invoke(Call.java:1812)
		com.pos.Pos.PosWSPortBindingStubSinc.muestraEstadoSinc(PosWSPortBindingStubSinc.java:164)
		com.pos.apl.SincronizacionGral.run(SincronizacionGral.java:52)

Error: 210118 19:49:59Error en la conexion a WebService
	 java.net.ConnectException: Connection timed out: connect
		org.apache.axis.AxisFault.makeFault(AxisFault.java:101)
		org.apache.axis.transport.http.HTTPSender.invoke(HTTPSender.java:154)
		org.apache.axis.strategies.InvocationStrategy.visit(InvocationStrategy.java:32)
		org.apache.axis.SimpleChain.doVisiting(SimpleChain.java:118)
		org.apache.axis.SimpleChain.invoke(SimpleChain.java:83)
		org.apache.axis.client.AxisClient.invoke(AxisClient.java:165)
		org.apache.axis.client.Call.invokeEngine(Call.java:2784)
		org.apache.axis.client.Call.invoke(Call.java:2767)
		org.apache.axis.client.Call.invoke(Call.java:2443)
		org.apache.axis.client.Call.invoke(Call.java:2366)
		org.apache.axis.client.Call.invoke(Call.java:1812)
		com.pos.Pos.PosWSPortBindingStubSinc.muestraEstadoSinc(PosWSPortBindingStubSinc.java:164)
		com.pos.apl.SincronizacionGral.run(SincronizacionGral.java:52)

Error: 210118 19:50:18Error en la conexion a WebService
	 java.net.ConnectException: Connection timed out: connect
		org.apache.axis.AxisFault.makeFault(AxisFault.java:101)
		org.apache.axis.transport.http.HTTPSender.invoke(HTTPSender.java:154)
		org.apache.axis.strategies.InvocationStrategy.visit(InvocationStrategy.java:32)
		org.apache.axis.SimpleChain.doVisiting(SimpleChain.java:118)
		org.apache.axis.SimpleChain.invoke(SimpleChain.java:83)
		org.apache.axis.client.AxisClient.invoke(AxisClient.java:165)
		org.apache.axis.client.Call.invokeEngine(Call.java:2784)
		org.apache.axis.client.Call.invoke(Call.java:2767)
		org.apache.axis.client.Call.invoke(Call.java:2443)
		org.apache.axis.client.Call.invoke(Call.java:2366)
		org.apache.axis.client.Call.invoke(Call.java:1812)
		com.pos.Pos.PosWSPortBindingStubSinc.muestraEstadoSinc(PosWSPortBindingStubSinc.java:164)
		com.pos.apl.SincronizacionGral.run(SincronizacionGral.java:52)

Error: 210118 19:50:31Error en la conexion a WebService
	 java.net.ConnectException: Connection refused: connect
		org.apache.axis.AxisFault.makeFault(AxisFault.java:101)
		org.apache.axis.transport.http.HTTPSender.invoke(HTTPSender.java:154)
		org.apache.axis.strategies.InvocationStrategy.visit(InvocationStrategy.java:32)
		org.apache.axis.SimpleChain.doVisiting(SimpleChain.java:118)
		org.apache.axis.SimpleChain.invoke(SimpleChain.java:83)
		org.apache.axis.client.AxisClient.invoke(AxisClient.java:165)
		org.apache.axis.client.Call.invokeEngine(Call.java:2784)
		org.apache.axis.client.Call.invoke(Call.java:2767)
		org.apache.axis.client.Call.invoke(Call.java:2443)
		org.apache.axis.client.Call.invoke(Call.java:2366)
		org.apache.axis.client.Call.invoke(Call.java:1812)
		com.pos.Pos.PosWSPortBindingStubSinc.muestraEstadoSinc(PosWSPortBindingStubSinc.java:164)
		com.pos.apl.SincronizacionGral.run(SincronizacionGral.java:52)

Error: 210118 19:50:53Error en la conexion a WebService
	 java.net.ConnectException: Connection refused: connect
		org.apache.axis.AxisFault.makeFault(AxisFault.java:101)
		org.apache.axis.transport.http.HTTPSender.invoke(HTTPSender.java:154)
		org.apache.axis.strategies.InvocationStrategy.visit(InvocationStrategy.java:32)
		org.apache.axis.SimpleChain.doVisiting(SimpleChain.java:118)
		org.apache.axis.SimpleChain.invoke(SimpleChain.java:83)
		org.apache.axis.client.AxisClient.invoke(AxisClient.java:165)
		org.apache.axis.client.Call.invokeEngine(Call.java:2784)
		org.apache.axis.client.Call.invoke(Call.java:2767)
		org.apache.axis.client.Call.invoke(Call.java:2443)
		org.apache.axis.client.Call.invoke(Call.java:2366)
		org.apache.axis.client.Call.invoke(Call.java:1812)
		com.pos.Pos.PosWSPortBindingStubSinc.muestraEstadoSinc(PosWSPortBindingStubSinc.java:164)
		com.pos.apl.SincronizacionGral.run(SincronizacionGral.java:52)

Error: 210118 19:51:08Error en la conexion a WebService
	 java.net.ConnectException: Connection refused: connect
		org.apache.axis.AxisFault.makeFault(AxisFault.java:101)
		org.apache.axis.transport.http.HTTPSender.invoke(HTTPSender.java:154)
		org.apache.axis.strategies.InvocationStrategy.visit(InvocationStrategy.java:32)
		org.apache.axis.SimpleChain.doVisiting(SimpleChain.java:118)
		org.apache.axis.SimpleChain.invoke(SimpleChain.java:83)
		org.apache.axis.client.AxisClient.invoke(AxisClient.java:165)
		org.apache.axis.client.Call.invokeEngine(Call.java:2784)
		org.apache.axis.client.Call.invoke(Call.java:2767)
		org.apache.axis.client.Call.invoke(Call.java:2443)
		org.apache.axis.client.Call.invoke(Call.java:2366)
		org.apache.axis.client.Call.invoke(Call.java:1812)
		com.pos.Pos.PosWSPortBindingStubSinc.muestraEstadoSinc(PosWSPortBindingStubSinc.java:164)
		com.pos.apl.SincronizacionGral.run(SincronizacionGral.java:52)

Error: 210118 19:51:29Error en la conexion a WebService
	 java.net.ConnectException: Connection refused: connect
		org.apache.axis.AxisFault.makeFault(AxisFault.java:101)
		org.apache.axis.transport.http.HTTPSender.invoke(HTTPSender.java:154)
		org.apache.axis.strategies.InvocationStrategy.visit(InvocationStrategy.java:32)
		org.apache.axis.SimpleChain.doVisiting(SimpleChain.java:118)
		org.apache.axis.SimpleChain.invoke(SimpleChain.java:83)
		org.apache.axis.client.AxisClient.invoke(AxisClient.java:165)
		org.apache.axis.client.Call.invokeEngine(Call.java:2784)
		org.apache.axis.client.Call.invoke(Call.java:2767)
		org.apache.axis.client.Call.invoke(Call.java:2443)
		org.apache.axis.client.Call.invoke(Call.java:2366)
		org.apache.axis.client.Call.invoke(Call.java:1812)
		com.pos.Pos.PosWSPortBindingStubSinc.muestraEstadoSinc(PosWSPortBindingStubSinc.java:164)
		com.pos.apl.SincronizacionGral.run(SincronizacionGral.java:52)

Error: 210118 19:51:43Error en la conexion a WebService
	 java.net.ConnectException: Connection refused: connect
		org.apache.axis.AxisFault.makeFault(AxisFault.java:101)
		org.apache.axis.transport.http.HTTPSender.invoke(HTTPSender.java:154)
		org.apache.axis.strategies.InvocationStrategy.visit(InvocationStrategy.java:32)
		org.apache.axis.SimpleChain.doVisiting(SimpleChain.java:118)
		org.apache.axis.SimpleChain.invoke(SimpleChain.java:83)
		org.apache.axis.client.AxisClient.invoke(AxisClient.java:165)
		org.apache.axis.client.Call.invokeEngine(Call.java:2784)
		org.apache.axis.client.Call.invoke(Call.java:2767)
		org.apache.axis.client.Call.invoke(Call.java:2443)
		org.apache.axis.client.Call.invoke(Call.java:2366)
		org.apache.axis.client.Call.invoke(Call.java:1812)
		com.pos.Pos.PosWSPortBindingStubSinc.muestraEstadoSinc(PosWSPortBindingStubSinc.java:164)
		com.pos.apl.SincronizacionGral.run(SincronizacionGral.java:52)

Error: 210118 19:52:04Error en la conexion a WebService
	 java.net.ConnectException: Connection timed out: connect
		org.apache.axis.AxisFault.makeFault(AxisFault.java:101)
		org.apache.axis.transport.http.HTTPSender.invoke(HTTPSender.java:154)
		org.apache.axis.strategies.InvocationStrategy.visit(InvocationStrategy.java:32)
		org.apache.axis.SimpleChain.doVisiting(SimpleChain.java:118)
		org.apache.axis.SimpleChain.invoke(SimpleChain.java:83)
		org.apache.axis.client.AxisClient.invoke(AxisClient.java:165)
		org.apache.axis.client.Call.invokeEngine(Call.java:2784)
		org.apache.axis.client.Call.invoke(Call.java:2767)
		org.apache.axis.client.Call.invoke(Call.java:2443)
		org.apache.axis.client.Call.invoke(Call.java:2366)
		org.apache.axis.client.Call.invoke(Call.java:1812)
		com.pos.Pos.PosWSPortBindingStubSinc.muestraEstadoSinc(PosWSPortBindingStubSinc.java:164)
		com.pos.apl.SincronizacionGral.run(SincronizacionGral.java:52)

Error: 210118 19:52:19Error en la conexion a WebService
	 java.net.ConnectException: Connection refused: connect
		org.apache.axis.AxisFault.makeFault(AxisFault.java:101)
		org.apache.axis.transport.http.HTTPSender.invoke(HTTPSender.java:154)
		org.apache.axis.strategies.InvocationStrategy.visit(InvocationStrategy.java:32)
		org.apache.axis.SimpleChain.doVisiting(SimpleChain.java:118)
		org.apache.axis.SimpleChain.invoke(SimpleChain.java:83)
		org.apache.axis.client.AxisClient.invoke(AxisClient.java:165)
		org.apache.axis.client.Call.invokeEngine(Call.java:2784)
		org.apache.axis.client.Call.invoke(Call.java:2767)
		org.apache.axis.client.Call.invoke(Call.java:2443)
		org.apache.axis.client.Call.invoke(Call.java:2366)
		org.apache.axis.client.Call.invoke(Call.java:1812)
		com.pos.Pos.PosWSPortBindingStubSinc.muestraEstadoSinc(PosWSPortBindingStubSinc.java:164)
		com.pos.apl.SincronizacionGral.run(SincronizacionGral.java:52)

Error: 210118 19:52:39Error en la conexion a WebService
	 java.net.ConnectException: Connection refused: connect
		org.apache.axis.AxisFault.makeFault(AxisFault.java:101)
		org.apache.axis.transport.http.HTTPSender.invoke(HTTPSender.java:154)
		org.apache.axis.strategies.InvocationStrategy.visit(InvocationStrategy.java:32)
		org.apache.axis.SimpleChain.doVisiting(SimpleChain.java:118)
		org.apache.axis.SimpleChain.invoke(SimpleChain.java:83)
		org.apache.axis.client.AxisClient.invoke(AxisClient.java:165)
		org.apache.axis.client.Call.invokeEngine(Call.java:2784)
		org.apache.axis.client.Call.invoke(Call.java:2767)
		org.apache.axis.client.Call.invoke(Call.java:2443)
		org.apache.axis.client.Call.invoke(Call.java:2366)
		org.apache.axis.client.Call.invoke(Call.java:1812)
		com.pos.Pos.PosWSPortBindingStubSinc.muestraEstadoSinc(PosWSPortBindingStubSinc.java:164)
		com.pos.apl.SincronizacionGral.run(SincronizacionGral.java:52)

Error: 210118 19:53:03Error en la conexion a WebService
	 java.net.ConnectException: Connection timed out: connect
		org.apache.axis.AxisFault.makeFault(AxisFault.java:101)
		org.apache.axis.transport.http.HTTPSender.invoke(HTTPSender.java:154)
		org.apache.axis.strategies.InvocationStrategy.visit(InvocationStrategy.java:32)
		org.apache.axis.SimpleChain.doVisiting(SimpleChain.java:118)
		org.apache.axis.SimpleChain.invoke(SimpleChain.java:83)
		org.apache.axis.client.AxisClient.invoke(AxisClient.java:165)
		org.apache.axis.client.Call.invokeEngine(Call.java:2784)
		org.apache.axis.client.Call.invoke(Call.java:2767)
		org.apache.axis.client.Call.invoke(Call.java:2443)
		org.apache.axis.client.Call.invoke(Call.java:2366)
		org.apache.axis.client.Call.invoke(Call.java:1812)
		com.pos.Pos.PosWSPortBindingStubSinc.muestraEstadoSinc(PosWSPortBindingStubSinc.java:164)
		com.pos.apl.SincronizacionGral.run(SincronizacionGral.java:52)

Error: 210118 19:53:25Error en la conexion a WebService
	 java.net.ConnectException: Connection refused: connect
		org.apache.axis.AxisFault.makeFault(AxisFault.java:101)
		org.apache.axis.transport.http.HTTPSender.invoke(HTTPSender.java:154)
		org.apache.axis.strategies.InvocationStrategy.visit(InvocationStrategy.java:32)
		org.apache.axis.SimpleChain.doVisiting(SimpleChain.java:118)
		org.apache.axis.SimpleChain.invoke(SimpleChain.java:83)
		org.apache.axis.client.AxisClient.invoke(AxisClient.java:165)
		org.apache.axis.client.Call.invokeEngine(Call.java:2784)
		org.apache.axis.client.Call.invoke(Call.java:2767)
		org.apache.axis.client.Call.invoke(Call.java:2443)
		org.apache.axis.client.Call.invoke(Call.java:2366)
		org.apache.axis.client.Call.invoke(Call.java:1812)
		com.pos.Pos.PosWSPortBindingStubSinc.muestraEstadoSinc(PosWSPortBindingStubSinc.java:164)
		com.pos.apl.SincronizacionGral.run(SincronizacionGral.java:52)

Error: 210118 19:53:38Error en la conexion a WebService
	 java.net.ConnectException: Connection refused: connect
		org.apache.axis.AxisFault.makeFault(AxisFault.java:101)
		org.apache.axis.transport.http.HTTPSender.invoke(HTTPSender.java:154)
		org.apache.axis.strategies.InvocationStrategy.visit(InvocationStrategy.java:32)
		org.apache.axis.SimpleChain.doVisiting(SimpleChain.java:118)
		org.apache.axis.SimpleChain.invoke(SimpleChain.java:83)
		org.apache.axis.client.AxisClient.invoke(AxisClient.java:165)
		org.apache.axis.client.Call.invokeEngine(Call.java:2784)
		org.apache.axis.client.Call.invoke(Call.java:2767)
		org.apache.axis.client.Call.invoke(Call.java:2443)
		org.apache.axis.client.Call.invoke(Call.java:2366)
		org.apache.axis.client.Call.invoke(Call.java:1812)
		com.pos.Pos.PosWSPortBindingStubSinc.muestraEstadoSinc(PosWSPortBindingStubSinc.java:164)
		com.pos.apl.SincronizacionGral.run(SincronizacionGral.java:52)

Error: 210118 19:53:55Error en la conexion a WebService
	 java.net.ConnectException: Connection refused: connect
		org.apache.axis.AxisFault.makeFault(AxisFault.java:101)
		org.apache.axis.transport.http.HTTPSender.invoke(HTTPSender.java:154)
		org.apache.axis.strategies.InvocationStrategy.visit(InvocationStrategy.java:32)
		org.apache.axis.SimpleChain.doVisiting(SimpleChain.java:118)
		org.apache.axis.SimpleChain.invoke(SimpleChain.java:83)
		org.apache.axis.client.AxisClient.invoke(AxisClient.java:165)
		org.apache.axis.client.Call.invokeEngine(Call.java:2784)
		org.apache.axis.client.Call.invoke(Call.java:2767)
		org.apache.axis.client.Call.invoke(Call.java:2443)
		org.apache.axis.client.Call.invoke(Call.java:2366)
		org.apache.axis.client.Call.invoke(Call.java:1812)
		com.pos.Pos.PosWSPortBindingStubSinc.muestraEstadoSinc(PosWSPortBindingStubSinc.java:164)
		com.pos.apl.SincronizacionGral.run(SincronizacionGral.java:52)

Error: 210118 19:54:16Error en la conexion a WebService
	 java.net.ConnectException: Connection refused: connect
		org.apache.axis.AxisFault.makeFault(AxisFault.java:101)
		org.apache.axis.transport.http.HTTPSender.invoke(HTTPSender.java:154)
		org.apache.axis.strategies.InvocationStrategy.visit(InvocationStrategy.java:32)
		org.apache.axis.SimpleChain.doVisiting(SimpleChain.java:118)
		org.apache.axis.SimpleChain.invoke(SimpleChain.java:83)
		org.apache.axis.client.AxisClient.invoke(AxisClient.java:165)
		org.apache.axis.client.Call.invokeEngine(Call.java:2784)
		org.apache.axis.client.Call.invoke(Call.java:2767)
		org.apache.axis.client.Call.invoke(Call.java:2443)
		org.apache.axis.client.Call.invoke(Call.java:2366)
		org.apache.axis.client.Call.invoke(Call.java:1812)
		com.pos.Pos.PosWSPortBindingStubSinc.muestraEstadoSinc(PosWSPortBindingStubSinc.java:164)
		com.pos.apl.SincronizacionGral.run(SincronizacionGral.java:52)

Error: 210118 19:54:30Error en la conexion a WebService
	 java.net.ConnectException: Connection refused: connect
		org.apache.axis.AxisFault.makeFault(AxisFault.java:101)
		org.apache.axis.transport.http.HTTPSender.invoke(HTTPSender.java:154)
		org.apache.axis.strategies.InvocationStrategy.visit(InvocationStrategy.java:32)
		org.apache.axis.SimpleChain.doVisiting(SimpleChain.java:118)
		org.apache.axis.SimpleChain.invoke(SimpleChain.java:83)
		org.apache.axis.client.AxisClient.invoke(AxisClient.java:165)
		org.apache.axis.client.Call.invokeEngine(Call.java:2784)
		org.apache.axis.client.Call.invoke(Call.java:2767)
		org.apache.axis.client.Call.invoke(Call.java:2443)
		org.apache.axis.client.Call.invoke(Call.java:2366)
		org.apache.axis.client.Call.invoke(Call.java:1812)
		com.pos.Pos.PosWSPortBindingStubSinc.muestraEstadoSinc(PosWSPortBindingStubSinc.java:164)
		com.pos.apl.SincronizacionGral.run(SincronizacionGral.java:52)

Error: 210118 19:54:43Error en la conexion a WebService
	 java.net.ConnectException: Connection refused: connect
		org.apache.axis.AxisFault.makeFault(AxisFault.java:101)
		org.apache.axis.transport.http.HTTPSender.invoke(HTTPSender.java:154)
		org.apache.axis.strategies.InvocationStrategy.visit(InvocationStrategy.java:32)
		org.apache.axis.SimpleChain.doVisiting(SimpleChain.java:118)
		org.apache.axis.SimpleChain.invoke(SimpleChain.java:83)
		org.apache.axis.client.AxisClient.invoke(AxisClient.java:165)
		org.apache.axis.client.Call.invokeEngine(Call.java:2784)
		org.apache.axis.client.Call.invoke(Call.java:2767)
		org.apache.axis.client.Call.invoke(Call.java:2443)
		org.apache.axis.client.Call.invoke(Call.java:2366)
		org.apache.axis.client.Call.invoke(Call.java:1812)
		com.pos.Pos.PosWSPortBindingStubSinc.muestraEstadoSinc(PosWSPortBindingStubSinc.java:164)
		com.pos.apl.SincronizacionGral.run(SincronizacionGral.java:52)

Error: 210118 19:54:57Error en la conexion a WebService
	 java.net.ConnectException: Connection refused: connect
		org.apache.axis.AxisFault.makeFault(AxisFault.java:101)
		org.apache.axis.transport.http.HTTPSender.invoke(HTTPSender.java:154)
		org.apache.axis.strategies.InvocationStrategy.visit(InvocationStrategy.java:32)
		org.apache.axis.SimpleChain.doVisiting(SimpleChain.java:118)
		org.apache.axis.SimpleChain.invoke(SimpleChain.java:83)
		org.apache.axis.client.AxisClient.invoke(AxisClient.java:165)
		org.apache.axis.client.Call.invokeEngine(Call.java:2784)
		org.apache.axis.client.Call.invoke(Call.java:2767)
		org.apache.axis.client.Call.invoke(Call.java:2443)
		org.apache.axis.client.Call.invoke(Call.java:2366)
		org.apache.axis.client.Call.invoke(Call.java:1812)
		com.pos.Pos.PosWSPortBindingStubSinc.muestraEstadoSinc(PosWSPortBindingStubSinc.java:164)
		com.pos.apl.SincronizacionGral.run(SincronizacionGral.java:52)

Error: 210118 19:55:11Error en la conexion a WebService
	 java.net.ConnectException: Connection refused: connect
		org.apache.axis.AxisFault.makeFault(AxisFault.java:101)
		org.apache.axis.transport.http.HTTPSender.invoke(HTTPSender.java:154)
		org.apache.axis.strategies.InvocationStrategy.visit(InvocationStrategy.java:32)
		org.apache.axis.SimpleChain.doVisiting(SimpleChain.java:118)
		org.apache.axis.SimpleChain.invoke(SimpleChain.java:83)
		org.apache.axis.client.AxisClient.invoke(AxisClient.java:165)
		org.apache.axis.client.Call.invokeEngine(Call.java:2784)
		org.apache.axis.client.Call.invoke(Call.java:2767)
		org.apache.axis.client.Call.invoke(Call.java:2443)
		org.apache.axis.client.Call.invoke(Call.java:2366)
		org.apache.axis.client.Call.invoke(Call.java:1812)
		com.pos.Pos.PosWSPortBindingStubSinc.muestraEstadoSinc(PosWSPortBindingStubSinc.java:164)
		com.pos.apl.SincronizacionGral.run(SincronizacionGral.java:52)

Error: 210118 19:55:24Error en la conexion a WebService
	 java.net.ConnectException: Connection refused: connect
		org.apache.axis.AxisFault.makeFault(AxisFault.java:101)
		org.apache.axis.transport.http.HTTPSender.invoke(HTTPSender.java:154)
		org.apache.axis.strategies.InvocationStrategy.visit(InvocationStrategy.java:32)
		org.apache.axis.SimpleChain.doVisiting(SimpleChain.java:118)
		org.apache.axis.SimpleChain.invoke(SimpleChain.java:83)
		org.apache.axis.client.AxisClient.invoke(AxisClient.java:165)
		org.apache.axis.client.Call.invokeEngine(Call.java:2784)
		org.apache.axis.client.Call.invoke(Call.java:2767)
		org.apache.axis.client.Call.invoke(Call.java:2443)
		org.apache.axis.client.Call.invoke(Call.java:2366)
		org.apache.axis.client.Call.invoke(Call.java:1812)
		com.pos.Pos.PosWSPortBindingStubSinc.muestraEstadoSinc(PosWSPortBindingStubSinc.java:164)
		com.pos.apl.SincronizacionGral.run(SincronizacionGral.java:52)

Error: 210118 19:55:38Error en la conexion a WebService
	 java.net.ConnectException: Connection refused: connect
		org.apache.axis.AxisFault.makeFault(AxisFault.java:101)
		org.apache.axis.transport.http.HTTPSender.invoke(HTTPSender.java:154)
		org.apache.axis.strategies.InvocationStrategy.visit(InvocationStrategy.java:32)
		org.apache.axis.SimpleChain.doVisiting(SimpleChain.java:118)
		org.apache.axis.SimpleChain.invoke(SimpleChain.java:83)
		org.apache.axis.client.AxisClient.invoke(AxisClient.java:165)
		org.apache.axis.client.Call.invokeEngine(Call.java:2784)
		org.apache.axis.client.Call.invoke(Call.java:2767)
		org.apache.axis.client.Call.invoke(Call.java:2443)
		org.apache.axis.client.Call.invoke(Call.java:2366)
		org.apache.axis.client.Call.invoke(Call.java:1812)
		com.pos.Pos.PosWSPortBindingStubSinc.muestraEstadoSinc(PosWSPortBindingStubSinc.java:164)
		com.pos.apl.SincronizacionGral.run(SincronizacionGral.java:52)

Error: 210118 19:55:54Error en la conexion a WebService
	 java.net.ConnectException: Connection refused: connect
		org.apache.axis.AxisFault.makeFault(AxisFault.java:101)
		org.apache.axis.transport.http.HTTPSender.invoke(HTTPSender.java:154)
		org.apache.axis.strategies.InvocationStrategy.visit(InvocationStrategy.java:32)
		org.apache.axis.SimpleChain.doVisiting(SimpleChain.java:118)
		org.apache.axis.SimpleChain.invoke(SimpleChain.java:83)
		org.apache.axis.client.AxisClient.invoke(AxisClient.java:165)
		org.apache.axis.client.Call.invokeEngine(Call.java:2784)
		org.apache.axis.client.Call.invoke(Call.java:2767)
		org.apache.axis.client.Call.invoke(Call.java:2443)
		org.apache.axis.client.Call.invoke(Call.java:2366)
		org.apache.axis.client.Call.invoke(Call.java:1812)
		com.pos.Pos.PosWSPortBindingStubSinc.muestraEstadoSinc(PosWSPortBindingStubSinc.java:164)
		com.pos.apl.SincronizacionGral.run(SincronizacionGral.java:52)

Error: 210118 19:56:08Error en la conexion a WebService
	 java.net.ConnectException: Connection refused: connect
		org.apache.axis.AxisFault.makeFault(AxisFault.java:101)
		org.apache.axis.transport.http.HTTPSender.invoke(HTTPSender.java:154)
		org.apache.axis.strategies.InvocationStrategy.visit(InvocationStrategy.java:32)
		org.apache.axis.SimpleChain.doVisiting(SimpleChain.java:118)
		org.apache.axis.SimpleChain.invoke(SimpleChain.java:83)
		org.apache.axis.client.AxisClient.invoke(AxisClient.java:165)
		org.apache.axis.client.Call.invokeEngine(Call.java:2784)
		org.apache.axis.client.Call.invoke(Call.java:2767)
		org.apache.axis.client.Call.invoke(Call.java:2443)
		org.apache.axis.client.Call.invoke(Call.java:2366)
		org.apache.axis.client.Call.invoke(Call.java:1812)
		com.pos.Pos.PosWSPortBindingStubSinc.muestraEstadoSinc(PosWSPortBindingStubSinc.java:164)
		com.pos.apl.SincronizacionGral.run(SincronizacionGral.java:52)

Error: 210118 19:56:32Error en la conexion a WebService
	 java.net.ConnectException: Connection refused: connect
		org.apache.axis.AxisFault.makeFault(AxisFault.java:101)
		org.apache.axis.transport.http.HTTPSender.invoke(HTTPSender.java:154)
		org.apache.axis.strategies.InvocationStrategy.visit(InvocationStrategy.java:32)
		org.apache.axis.SimpleChain.doVisiting(SimpleChain.java:118)
		org.apache.axis.SimpleChain.invoke(SimpleChain.java:83)
		org.apache.axis.client.AxisClient.invoke(AxisClient.java:165)
		org.apache.axis.client.Call.invokeEngine(Call.java:2784)
		org.apache.axis.client.Call.invoke(Call.java:2767)
		org.apache.axis.client.Call.invoke(Call.java:2443)
		org.apache.axis.client.Call.invoke(Call.java:2366)
		org.apache.axis.client.Call.invoke(Call.java:1812)
		com.pos.Pos.PosWSPortBindingStubSinc.muestraEstadoSinc(PosWSPortBindingStubSinc.java:164)
		com.pos.apl.SincronizacionGral.run(SincronizacionGral.java:52)

Error: 210118 19:56:53Error en la conexion a WebService
	 java.net.ConnectException: Connection refused: connect
		org.apache.axis.AxisFault.makeFault(AxisFault.java:101)
		org.apache.axis.transport.http.HTTPSender.invoke(HTTPSender.java:154)
		org.apache.axis.strategies.InvocationStrategy.visit(InvocationStrategy.java:32)
		org.apache.axis.SimpleChain.doVisiting(SimpleChain.java:118)
		org.apache.axis.SimpleChain.invoke(SimpleChain.java:83)
		org.apache.axis.client.AxisClient.invoke(AxisClient.java:165)
		org.apache.axis.client.Call.invokeEngine(Call.java:2784)
		org.apache.axis.client.Call.invoke(Call.java:2767)
		org.apache.axis.client.Call.invoke(Call.java:2443)
		org.apache.axis.client.Call.invoke(Call.java:2366)
		org.apache.axis.client.Call.invoke(Call.java:1812)
		com.pos.Pos.PosWSPortBindingStubSinc.muestraEstadoSinc(PosWSPortBindingStubSinc.java:164)
		com.pos.apl.SincronizacionGral.run(SincronizacionGral.java:52)

Error: 210118 19:57:10Error en la conexion a WebService
	 java.net.ConnectException: Connection refused: connect
		org.apache.axis.AxisFault.makeFault(AxisFault.java:101)
		org.apache.axis.transport.http.HTTPSender.invoke(HTTPSender.java:154)
		org.apache.axis.strategies.InvocationStrategy.visit(InvocationStrategy.java:32)
		org.apache.axis.SimpleChain.doVisiting(SimpleChain.java:118)
		org.apache.axis.SimpleChain.invoke(SimpleChain.java:83)
		org.apache.axis.client.AxisClient.invoke(AxisClient.java:165)
		org.apache.axis.client.Call.invokeEngine(Call.java:2784)
		org.apache.axis.client.Call.invoke(Call.java:2767)
		org.apache.axis.client.Call.invoke(Call.java:2443)
		org.apache.axis.client.Call.invoke(Call.java:2366)
		org.apache.axis.client.Call.invoke(Call.java:1812)
		com.pos.Pos.PosWSPortBindingStubSinc.muestraEstadoSinc(PosWSPortBindingStubSinc.java:164)
		com.pos.apl.SincronizacionGral.run(SincronizacionGral.java:52)

Error: 210118 19:57:23Error en la conexion a WebService
	 java.net.ConnectException: Connection refused: connect
		org.apache.axis.AxisFault.makeFault(AxisFault.java:101)
		org.apache.axis.transport.http.HTTPSender.invoke(HTTPSender.java:154)
		org.apache.axis.strategies.InvocationStrategy.visit(InvocationStrategy.java:32)
		org.apache.axis.SimpleChain.doVisiting(SimpleChain.java:118)
		org.apache.axis.SimpleChain.invoke(SimpleChain.java:83)
		org.apache.axis.client.AxisClient.invoke(AxisClient.java:165)
		org.apache.axis.client.Call.invokeEngine(Call.java:2784)
		org.apache.axis.client.Call.invoke(Call.java:2767)
		org.apache.axis.client.Call.invoke(Call.java:2443)
		org.apache.axis.client.Call.invoke(Call.java:2366)
		org.apache.axis.client.Call.invoke(Call.java:1812)
		com.pos.Pos.PosWSPortBindingStubSinc.muestraEstadoSinc(PosWSPortBindingStubSinc.java:164)
		com.pos.apl.SincronizacionGral.run(SincronizacionGral.java:52)

Error: 210118 19:57:42Error en la conexion a WebService
	 java.net.ConnectException: Connection timed out: connect
		org.apache.axis.AxisFault.makeFault(AxisFault.java:101)
		org.apache.axis.transport.http.HTTPSender.invoke(HTTPSender.java:154)
		org.apache.axis.strategies.InvocationStrategy.visit(InvocationStrategy.java:32)
		org.apache.axis.SimpleChain.doVisiting(SimpleChain.java:118)
		org.apache.axis.SimpleChain.invoke(SimpleChain.java:83)
		org.apache.axis.client.AxisClient.invoke(AxisClient.java:165)
		org.apache.axis.client.Call.invokeEngine(Call.java:2784)
		org.apache.axis.client.Call.invoke(Call.java:2767)
		org.apache.axis.client.Call.invoke(Call.java:2443)
		org.apache.axis.client.Call.invoke(Call.java:2366)
		org.apache.axis.client.Call.invoke(Call.java:1812)
		com.pos.Pos.PosWSPortBindingStubSinc.muestraEstadoSinc(PosWSPortBindingStubSinc.java:164)
		com.pos.apl.SincronizacionGral.run(SincronizacionGral.java:52)

Error: 210118 19:58:00Error en la conexion a WebService
	 java.net.ConnectException: Connection refused: connect
		org.apache.axis.AxisFault.makeFault(AxisFault.java:101)
		org.apache.axis.transport.http.HTTPSender.invoke(HTTPSender.java:154)
		org.apache.axis.strategies.InvocationStrategy.visit(InvocationStrategy.java:32)
		org.apache.axis.SimpleChain.doVisiting(SimpleChain.java:118)
		org.apache.axis.SimpleChain.invoke(SimpleChain.java:83)
		org.apache.axis.client.AxisClient.invoke(AxisClient.java:165)
		org.apache.axis.client.Call.invokeEngine(Call.java:2784)
		org.apache.axis.client.Call.invoke(Call.java:2767)
		org.apache.axis.client.Call.invoke(Call.java:2443)
		org.apache.axis.client.Call.invoke(Call.java:2366)
		org.apache.axis.client.Call.invoke(Call.java:1812)
		com.pos.Pos.PosWSPortBindingStubSinc.muestraEstadoSinc(PosWSPortBindingStubSinc.java:164)
		com.pos.apl.SincronizacionGral.run(SincronizacionGral.java:52)

Error: 210118 19:58:14Error en la conexion a WebService
	 java.net.ConnectException: Connection refused: connect
		org.apache.axis.AxisFault.makeFault(AxisFault.java:101)
		org.apache.axis.transport.http.HTTPSender.invoke(HTTPSender.java:154)
		org.apache.axis.strategies.InvocationStrategy.visit(InvocationStrategy.java:32)
		org.apache.axis.SimpleChain.doVisiting(SimpleChain.java:118)
		org.apache.axis.SimpleChain.invoke(SimpleChain.java:83)
		org.apache.axis.client.AxisClient.invoke(AxisClient.java:165)
		org.apache.axis.client.Call.invokeEngine(Call.java:2784)
		org.apache.axis.client.Call.invoke(Call.java:2767)
		org.apache.axis.client.Call.invoke(Call.java:2443)
		org.apache.axis.client.Call.invoke(Call.java:2366)
		org.apache.axis.client.Call.invoke(Call.java:1812)
		com.pos.Pos.PosWSPortBindingStubSinc.muestraEstadoSinc(PosWSPortBindingStubSinc.java:164)
		com.pos.apl.SincronizacionGral.run(SincronizacionGral.java:52)

Error: 210118 19:58:29Error en la conexion a WebService
	 java.net.ConnectException: Connection refused: connect
		org.apache.axis.AxisFault.makeFault(AxisFault.java:101)
		org.apache.axis.transport.http.HTTPSender.invoke(HTTPSender.java:154)
		org.apache.axis.strategies.InvocationStrategy.visit(InvocationStrategy.java:32)
		org.apache.axis.SimpleChain.doVisiting(SimpleChain.java:118)
		org.apache.axis.SimpleChain.invoke(SimpleChain.java:83)
		org.apache.axis.client.AxisClient.invoke(AxisClient.java:165)
		org.apache.axis.client.Call.invokeEngine(Call.java:2784)
		org.apache.axis.client.Call.invoke(Call.java:2767)
		org.apache.axis.client.Call.invoke(Call.java:2443)
		org.apache.axis.client.Call.invoke(Call.java:2366)
		org.apache.axis.client.Call.invoke(Call.java:1812)
		com.pos.Pos.PosWSPortBindingStubSinc.muestraEstadoSinc(PosWSPortBindingStubSinc.java:164)
		com.pos.apl.SincronizacionGral.run(SincronizacionGral.java:52)

Error: 210118 19:58:43Error en la conexion a WebService
	 java.net.ConnectException: Connection refused: connect
		org.apache.axis.AxisFault.makeFault(AxisFault.java:101)
		org.apache.axis.transport.http.HTTPSender.invoke(HTTPSender.java:154)
		org.apache.axis.strategies.InvocationStrategy.visit(InvocationStrategy.java:32)
		org.apache.axis.SimpleChain.doVisiting(SimpleChain.java:118)
		org.apache.axis.SimpleChain.invoke(SimpleChain.java:83)
		org.apache.axis.client.AxisClient.invoke(AxisClient.java:165)
		org.apache.axis.client.Call.invokeEngine(Call.java:2784)
		org.apache.axis.client.Call.invoke(Call.java:2767)
		org.apache.axis.client.Call.invoke(Call.java:2443)
		org.apache.axis.client.Call.invoke(Call.java:2366)
		org.apache.axis.client.Call.invoke(Call.java:1812)
		com.pos.Pos.PosWSPortBindingStubSinc.muestraEstadoSinc(PosWSPortBindingStubSinc.java:164)
		com.pos.apl.SincronizacionGral.run(SincronizacionGral.java:52)

Error: 210118 19:59:04Error en la conexion a WebService
	 java.net.ConnectException: Connection refused: connect
		org.apache.axis.AxisFault.makeFault(AxisFault.java:101)
		org.apache.axis.transport.http.HTTPSender.invoke(HTTPSender.java:154)
		org.apache.axis.strategies.InvocationStrategy.visit(InvocationStrategy.java:32)
		org.apache.axis.SimpleChain.doVisiting(SimpleChain.java:118)
		org.apache.axis.SimpleChain.invoke(SimpleChain.java:83)
		org.apache.axis.client.AxisClient.invoke(AxisClient.java:165)
		org.apache.axis.client.Call.invokeEngine(Call.java:2784)
		org.apache.axis.client.Call.invoke(Call.java:2767)
		org.apache.axis.client.Call.invoke(Call.java:2443)
		org.apache.axis.client.Call.invoke(Call.java:2366)
		org.apache.axis.client.Call.invoke(Call.java:1812)
		com.pos.Pos.PosWSPortBindingStubSinc.muestraEstadoSinc(PosWSPortBindingStubSinc.java:164)
		com.pos.apl.SincronizacionGral.run(SincronizacionGral.java:52)

Error: 210118 19:59:25Error en la conexion a WebService
	 java.net.ConnectException: Connection refused: connect
		org.apache.axis.AxisFault.makeFault(AxisFault.java:101)
		org.apache.axis.transport.http.HTTPSender.invoke(HTTPSender.java:154)
		org.apache.axis.strategies.InvocationStrategy.visit(InvocationStrategy.java:32)
		org.apache.axis.SimpleChain.doVisiting(SimpleChain.java:118)
		org.apache.axis.SimpleChain.invoke(SimpleChain.java:83)
		org.apache.axis.client.AxisClient.invoke(AxisClient.java:165)
		org.apache.axis.client.Call.invokeEngine(Call.java:2784)
		org.apache.axis.client.Call.invoke(Call.java:2767)
		org.apache.axis.client.Call.invoke(Call.java:2443)
		org.apache.axis.client.Call.invoke(Call.java:2366)
		org.apache.axis.client.Call.invoke(Call.java:1812)
		com.pos.Pos.PosWSPortBindingStubSinc.muestraEstadoSinc(PosWSPortBindingStubSinc.java:164)
		com.pos.apl.SincronizacionGral.run(SincronizacionGral.java:52)

Error: 210118 19:59:39Error en la conexion a WebService
	 java.net.ConnectException: Connection refused: connect
		org.apache.axis.AxisFault.makeFault(AxisFault.java:101)
		org.apache.axis.transport.http.HTTPSender.invoke(HTTPSender.java:154)
		org.apache.axis.strategies.InvocationStrategy.visit(InvocationStrategy.java:32)
		org.apache.axis.SimpleChain.doVisiting(SimpleChain.java:118)
		org.apache.axis.SimpleChain.invoke(SimpleChain.java:83)
		org.apache.axis.client.AxisClient.invoke(AxisClient.java:165)
		org.apache.axis.client.Call.invokeEngine(Call.java:2784)
		org.apache.axis.client.Call.invoke(Call.java:2767)
		org.apache.axis.client.Call.invoke(Call.java:2443)
		org.apache.axis.client.Call.invoke(Call.java:2366)
		org.apache.axis.client.Call.invoke(Call.java:1812)
		com.pos.Pos.PosWSPortBindingStubSinc.muestraEstadoSinc(PosWSPortBindingStubSinc.java:164)
		com.pos.apl.SincronizacionGral.run(SincronizacionGral.java:52)

Error: 210118 19:59:52Error en la conexion a WebService
	 java.net.ConnectException: Connection refused: connect
		org.apache.axis.AxisFault.makeFault(AxisFault.java:101)
		org.apache.axis.transport.http.HTTPSender.invoke(HTTPSender.java:154)
		org.apache.axis.strategies.InvocationStrategy.visit(InvocationStrategy.java:32)
		org.apache.axis.SimpleChain.doVisiting(SimpleChain.java:118)
		org.apache.axis.SimpleChain.invoke(SimpleChain.java:83)
		org.apache.axis.client.AxisClient.invoke(AxisClient.java:165)
		org.apache.axis.client.Call.invokeEngine(Call.java:2784)
		org.apache.axis.client.Call.invoke(Call.java:2767)
		org.apache.axis.client.Call.invoke(Call.java:2443)
		org.apache.axis.client.Call.invoke(Call.java:2366)
		org.apache.axis.client.Call.invoke(Call.java:1812)
		com.pos.Pos.PosWSPortBindingStubSinc.muestraEstadoSinc(PosWSPortBindingStubSinc.java:164)
		com.pos.apl.SincronizacionGral.run(SincronizacionGral.java:52)

Error: 210118 20:00:13Error en la conexion a WebService
	 java.net.ConnectException: Connection refused: connect
		org.apache.axis.AxisFault.makeFault(AxisFault.java:101)
		org.apache.axis.transport.http.HTTPSender.invoke(HTTPSender.java:154)
		org.apache.axis.strategies.InvocationStrategy.visit(InvocationStrategy.java:32)
		org.apache.axis.SimpleChain.doVisiting(SimpleChain.java:118)
		org.apache.axis.SimpleChain.invoke(SimpleChain.java:83)
		org.apache.axis.client.AxisClient.invoke(AxisClient.java:165)
		org.apache.axis.client.Call.invokeEngine(Call.java:2784)
		org.apache.axis.client.Call.invoke(Call.java:2767)
		org.apache.axis.client.Call.invoke(Call.java:2443)
		org.apache.axis.client.Call.invoke(Call.java:2366)
		org.apache.axis.client.Call.invoke(Call.java:1812)
		com.pos.Pos.PosWSPortBindingStubSinc.muestraEstadoSinc(PosWSPortBindingStubSinc.java:164)
		com.pos.apl.SincronizacionGral.run(SincronizacionGral.java:52)

