Error: 210118 19:35:57Error en la conexion a WebService
	 java.net.ConnectException: Connection timed out: connect
		org.apache.axis.AxisFault.makeFault(AxisFault.java:101)
		org.apache.axis.transport.http.HTTPSender.invoke(HTTPSender.java:154)
		org.apache.axis.strategies.InvocationStrategy.visit(InvocationStrategy.java:32)
		org.apache.axis.SimpleChain.doVisiting(SimpleChain.java:118)
		org.apache.axis.SimpleChain.invoke(SimpleChain.java:83)
		org.apache.axis.client.AxisClient.invoke(AxisClient.java:165)
		org.apache.axis.client.Call.invokeEngine(Call.java:2784)
		org.apache.axis.client.Call.invoke(Call.java:2767)
		org.apache.axis.client.Call.invoke(Call.java:2443)
		org.apache.axis.client.Call.invoke(Call.java:2366)
		org.apache.axis.client.Call.invoke(Call.java:1812)
		com.pos.Pos.PosWSPortBindingStubSinc.muestraEstadoSinc(PosWSPortBindingStubSinc.java:164)
		com.pos.apl.SincronizadorArticulo.run(SincronizadorArticulo.java:79)

Error: 210118 19:36:17Error en la conexion a WebService
	 java.net.ConnectException: Connection refused: connect
		org.apache.axis.AxisFault.makeFault(AxisFault.java:101)
		org.apache.axis.transport.http.HTTPSender.invoke(HTTPSender.java:154)
		org.apache.axis.strategies.InvocationStrategy.visit(InvocationStrategy.java:32)
		org.apache.axis.SimpleChain.doVisiting(SimpleChain.java:118)
		org.apache.axis.SimpleChain.invoke(SimpleChain.java:83)
		org.apache.axis.client.AxisClient.invoke(AxisClient.java:165)
		org.apache.axis.client.Call.invokeEngine(Call.java:2784)
		org.apache.axis.client.Call.invoke(Call.java:2767)
		org.apache.axis.client.Call.invoke(Call.java:2443)
		org.apache.axis.client.Call.invoke(Call.java:2366)
		org.apache.axis.client.Call.invoke(Call.java:1812)
		com.pos.Pos.PosWSPortBindingStubSinc.muestraEstadoSinc(PosWSPortBindingStubSinc.java:164)
		com.pos.apl.SincronizadorArticulo.run(SincronizadorArticulo.java:79)

Error: 210118 19:36:38Error en la conexion a WebService
	 java.net.ConnectException: Connection timed out: connect
		org.apache.axis.AxisFault.makeFault(AxisFault.java:101)
		org.apache.axis.transport.http.HTTPSender.invoke(HTTPSender.java:154)
		org.apache.axis.strategies.InvocationStrategy.visit(InvocationStrategy.java:32)
		org.apache.axis.SimpleChain.doVisiting(SimpleChain.java:118)
		org.apache.axis.SimpleChain.invoke(SimpleChain.java:83)
		org.apache.axis.client.AxisClient.invoke(AxisClient.java:165)
		org.apache.axis.client.Call.invokeEngine(Call.java:2784)
		org.apache.axis.client.Call.invoke(Call.java:2767)
		org.apache.axis.client.Call.invoke(Call.java:2443)
		org.apache.axis.client.Call.invoke(Call.java:2366)
		org.apache.axis.client.Call.invoke(Call.java:1812)
		com.pos.Pos.PosWSPortBindingStubSinc.muestraEstadoSinc(PosWSPortBindingStubSinc.java:164)
		com.pos.apl.SincronizadorArticulo.run(SincronizadorArticulo.java:79)

Error: 210118 19:36:52Error en la conexion a WebService
	 java.net.ConnectException: Connection refused: connect
		org.apache.axis.AxisFault.makeFault(AxisFault.java:101)
		org.apache.axis.transport.http.HTTPSender.invoke(HTTPSender.java:154)
		org.apache.axis.strategies.InvocationStrategy.visit(InvocationStrategy.java:32)
		org.apache.axis.SimpleChain.doVisiting(SimpleChain.java:118)
		org.apache.axis.SimpleChain.invoke(SimpleChain.java:83)
		org.apache.axis.client.AxisClient.invoke(AxisClient.java:165)
		org.apache.axis.client.Call.invokeEngine(Call.java:2784)
		org.apache.axis.client.Call.invoke(Call.java:2767)
		org.apache.axis.client.Call.invoke(Call.java:2443)
		org.apache.axis.client.Call.invoke(Call.java:2366)
		org.apache.axis.client.Call.invoke(Call.java:1812)
		com.pos.Pos.PosWSPortBindingStubSinc.muestraEstadoSinc(PosWSPortBindingStubSinc.java:164)
		com.pos.apl.SincronizadorArticulo.run(SincronizadorArticulo.java:79)

Error: 210118 19:37:08Error en la conexion a WebService
	 java.net.ConnectException: Connection refused: connect
		org.apache.axis.AxisFault.makeFault(AxisFault.java:101)
		org.apache.axis.transport.http.HTTPSender.invoke(HTTPSender.java:154)
		org.apache.axis.strategies.InvocationStrategy.visit(InvocationStrategy.java:32)
		org.apache.axis.SimpleChain.doVisiting(SimpleChain.java:118)
		org.apache.axis.SimpleChain.invoke(SimpleChain.java:83)
		org.apache.axis.client.AxisClient.invoke(AxisClient.java:165)
		org.apache.axis.client.Call.invokeEngine(Call.java:2784)
		org.apache.axis.client.Call.invoke(Call.java:2767)
		org.apache.axis.client.Call.invoke(Call.java:2443)
		org.apache.axis.client.Call.invoke(Call.java:2366)
		org.apache.axis.client.Call.invoke(Call.java:1812)
		com.pos.Pos.PosWSPortBindingStubSinc.muestraEstadoSinc(PosWSPortBindingStubSinc.java:164)
		com.pos.apl.SincronizadorArticulo.run(SincronizadorArticulo.java:79)

Error: 210118 19:37:22Error en la conexion a WebService
	 java.net.ConnectException: Connection refused: connect
		org.apache.axis.AxisFault.makeFault(AxisFault.java:101)
		org.apache.axis.transport.http.HTTPSender.invoke(HTTPSender.java:154)
		org.apache.axis.strategies.InvocationStrategy.visit(InvocationStrategy.java:32)
		org.apache.axis.SimpleChain.doVisiting(SimpleChain.java:118)
		org.apache.axis.SimpleChain.invoke(SimpleChain.java:83)
		org.apache.axis.client.AxisClient.invoke(AxisClient.java:165)
		org.apache.axis.client.Call.invokeEngine(Call.java:2784)
		org.apache.axis.client.Call.invoke(Call.java:2767)
		org.apache.axis.client.Call.invoke(Call.java:2443)
		org.apache.axis.client.Call.invoke(Call.java:2366)
		org.apache.axis.client.Call.invoke(Call.java:1812)
		com.pos.Pos.PosWSPortBindingStubSinc.muestraEstadoSinc(PosWSPortBindingStubSinc.java:164)
		com.pos.apl.SincronizadorArticulo.run(SincronizadorArticulo.java:79)

Error: 210118 19:37:35Error en la conexion a WebService
	 java.net.ConnectException: Connection refused: connect
		org.apache.axis.AxisFault.makeFault(AxisFault.java:101)
		org.apache.axis.transport.http.HTTPSender.invoke(HTTPSender.java:154)
		org.apache.axis.strategies.InvocationStrategy.visit(InvocationStrategy.java:32)
		org.apache.axis.SimpleChain.doVisiting(SimpleChain.java:118)
		org.apache.axis.SimpleChain.invoke(SimpleChain.java:83)
		org.apache.axis.client.AxisClient.invoke(AxisClient.java:165)
		org.apache.axis.client.Call.invokeEngine(Call.java:2784)
		org.apache.axis.client.Call.invoke(Call.java:2767)
		org.apache.axis.client.Call.invoke(Call.java:2443)
		org.apache.axis.client.Call.invoke(Call.java:2366)
		org.apache.axis.client.Call.invoke(Call.java:1812)
		com.pos.Pos.PosWSPortBindingStubSinc.muestraEstadoSinc(PosWSPortBindingStubSinc.java:164)
		com.pos.apl.SincronizadorArticulo.run(SincronizadorArticulo.java:79)

Error: 210118 19:37:49Error en la conexion a WebService
	 java.net.ConnectException: Connection refused: connect
		org.apache.axis.AxisFault.makeFault(AxisFault.java:101)
		org.apache.axis.transport.http.HTTPSender.invoke(HTTPSender.java:154)
		org.apache.axis.strategies.InvocationStrategy.visit(InvocationStrategy.java:32)
		org.apache.axis.SimpleChain.doVisiting(SimpleChain.java:118)
		org.apache.axis.SimpleChain.invoke(SimpleChain.java:83)
		org.apache.axis.client.AxisClient.invoke(AxisClient.java:165)
		org.apache.axis.client.Call.invokeEngine(Call.java:2784)
		org.apache.axis.client.Call.invoke(Call.java:2767)
		org.apache.axis.client.Call.invoke(Call.java:2443)
		org.apache.axis.client.Call.invoke(Call.java:2366)
		org.apache.axis.client.Call.invoke(Call.java:1812)
		com.pos.Pos.PosWSPortBindingStubSinc.muestraEstadoSinc(PosWSPortBindingStubSinc.java:164)
		com.pos.apl.SincronizadorArticulo.run(SincronizadorArticulo.java:79)

Error: 210118 19:38:02Error en la conexion a WebService
	 java.net.ConnectException: Connection refused: connect
		org.apache.axis.AxisFault.makeFault(AxisFault.java:101)
		org.apache.axis.transport.http.HTTPSender.invoke(HTTPSender.java:154)
		org.apache.axis.strategies.InvocationStrategy.visit(InvocationStrategy.java:32)
		org.apache.axis.SimpleChain.doVisiting(SimpleChain.java:118)
		org.apache.axis.SimpleChain.invoke(SimpleChain.java:83)
		org.apache.axis.client.AxisClient.invoke(AxisClient.java:165)
		org.apache.axis.client.Call.invokeEngine(Call.java:2784)
		org.apache.axis.client.Call.invoke(Call.java:2767)
		org.apache.axis.client.Call.invoke(Call.java:2443)
		org.apache.axis.client.Call.invoke(Call.java:2366)
		org.apache.axis.client.Call.invoke(Call.java:1812)
		com.pos.Pos.PosWSPortBindingStubSinc.muestraEstadoSinc(PosWSPortBindingStubSinc.java:164)
		com.pos.apl.SincronizadorArticulo.run(SincronizadorArticulo.java:79)

Error: 210118 19:38:16Error en la conexion a WebService
	 java.net.ConnectException: Connection refused: connect
		org.apache.axis.AxisFault.makeFault(AxisFault.java:101)
		org.apache.axis.transport.http.HTTPSender.invoke(HTTPSender.java:154)
		org.apache.axis.strategies.InvocationStrategy.visit(InvocationStrategy.java:32)
		org.apache.axis.SimpleChain.doVisiting(SimpleChain.java:118)
		org.apache.axis.SimpleChain.invoke(SimpleChain.java:83)
		org.apache.axis.client.AxisClient.invoke(AxisClient.java:165)
		org.apache.axis.client.Call.invokeEngine(Call.java:2784)
		org.apache.axis.client.Call.invoke(Call.java:2767)
		org.apache.axis.client.Call.invoke(Call.java:2443)
		org.apache.axis.client.Call.invoke(Call.java:2366)
		org.apache.axis.client.Call.invoke(Call.java:1812)
		com.pos.Pos.PosWSPortBindingStubSinc.muestraEstadoSinc(PosWSPortBindingStubSinc.java:164)
		com.pos.apl.SincronizadorArticulo.run(SincronizadorArticulo.java:79)

Error: 210118 19:38:30Error en la conexion a WebService
	 java.net.ConnectException: Connection refused: connect
		org.apache.axis.AxisFault.makeFault(AxisFault.java:101)
		org.apache.axis.transport.http.HTTPSender.invoke(HTTPSender.java:154)
		org.apache.axis.strategies.InvocationStrategy.visit(InvocationStrategy.java:32)
		org.apache.axis.SimpleChain.doVisiting(SimpleChain.java:118)
		org.apache.axis.SimpleChain.invoke(SimpleChain.java:83)
		org.apache.axis.client.AxisClient.invoke(AxisClient.java:165)
		org.apache.axis.client.Call.invokeEngine(Call.java:2784)
		org.apache.axis.client.Call.invoke(Call.java:2767)
		org.apache.axis.client.Call.invoke(Call.java:2443)
		org.apache.axis.client.Call.invoke(Call.java:2366)
		org.apache.axis.client.Call.invoke(Call.java:1812)
		com.pos.Pos.PosWSPortBindingStubSinc.muestraEstadoSinc(PosWSPortBindingStubSinc.java:164)
		com.pos.apl.SincronizadorArticulo.run(SincronizadorArticulo.java:79)

Error: 210118 19:38:49Error en la conexion a WebService
	 java.net.ConnectException: Connection timed out: connect
		org.apache.axis.AxisFault.makeFault(AxisFault.java:101)
		org.apache.axis.transport.http.HTTPSender.invoke(HTTPSender.java:154)
		org.apache.axis.strategies.InvocationStrategy.visit(InvocationStrategy.java:32)
		org.apache.axis.SimpleChain.doVisiting(SimpleChain.java:118)
		org.apache.axis.SimpleChain.invoke(SimpleChain.java:83)
		org.apache.axis.client.AxisClient.invoke(AxisClient.java:165)
		org.apache.axis.client.Call.invokeEngine(Call.java:2784)
		org.apache.axis.client.Call.invoke(Call.java:2767)
		org.apache.axis.client.Call.invoke(Call.java:2443)
		org.apache.axis.client.Call.invoke(Call.java:2366)
		org.apache.axis.client.Call.invoke(Call.java:1812)
		com.pos.Pos.PosWSPortBindingStubSinc.muestraEstadoSinc(PosWSPortBindingStubSinc.java:164)
		com.pos.apl.SincronizadorArticulo.run(SincronizadorArticulo.java:79)

Error: 210118 19:39:03Error en la conexion a WebService
	 java.net.ConnectException: Connection refused: connect
		org.apache.axis.AxisFault.makeFault(AxisFault.java:101)
		org.apache.axis.transport.http.HTTPSender.invoke(HTTPSender.java:154)
		org.apache.axis.strategies.InvocationStrategy.visit(InvocationStrategy.java:32)
		org.apache.axis.SimpleChain.doVisiting(SimpleChain.java:118)
		org.apache.axis.SimpleChain.invoke(SimpleChain.java:83)
		org.apache.axis.client.AxisClient.invoke(AxisClient.java:165)
		org.apache.axis.client.Call.invokeEngine(Call.java:2784)
		org.apache.axis.client.Call.invoke(Call.java:2767)
		org.apache.axis.client.Call.invoke(Call.java:2443)
		org.apache.axis.client.Call.invoke(Call.java:2366)
		org.apache.axis.client.Call.invoke(Call.java:1812)
		com.pos.Pos.PosWSPortBindingStubSinc.muestraEstadoSinc(PosWSPortBindingStubSinc.java:164)
		com.pos.apl.SincronizadorArticulo.run(SincronizadorArticulo.java:79)

Error: 210118 19:39:22Error en la conexion a WebService
	 java.net.ConnectException: Connection timed out: connect
		org.apache.axis.AxisFault.makeFault(AxisFault.java:101)
		org.apache.axis.transport.http.HTTPSender.invoke(HTTPSender.java:154)
		org.apache.axis.strategies.InvocationStrategy.visit(InvocationStrategy.java:32)
		org.apache.axis.SimpleChain.doVisiting(SimpleChain.java:118)
		org.apache.axis.SimpleChain.invoke(SimpleChain.java:83)
		org.apache.axis.client.AxisClient.invoke(AxisClient.java:165)
		org.apache.axis.client.Call.invokeEngine(Call.java:2784)
		org.apache.axis.client.Call.invoke(Call.java:2767)
		org.apache.axis.client.Call.invoke(Call.java:2443)
		org.apache.axis.client.Call.invoke(Call.java:2366)
		org.apache.axis.client.Call.invoke(Call.java:1812)
		com.pos.Pos.PosWSPortBindingStubSinc.muestraEstadoSinc(PosWSPortBindingStubSinc.java:164)
		com.pos.apl.SincronizadorArticulo.run(SincronizadorArticulo.java:79)

Error: 210118 19:39:53Error en la conexion a WebService
	 java.net.ConnectException: Connection timed out: connect
		org.apache.axis.AxisFault.makeFault(AxisFault.java:101)
		org.apache.axis.transport.http.HTTPSender.invoke(HTTPSender.java:154)
		org.apache.axis.strategies.InvocationStrategy.visit(InvocationStrategy.java:32)
		org.apache.axis.SimpleChain.doVisiting(SimpleChain.java:118)
		org.apache.axis.SimpleChain.invoke(SimpleChain.java:83)
		org.apache.axis.client.AxisClient.invoke(AxisClient.java:165)
		org.apache.axis.client.Call.invokeEngine(Call.java:2784)
		org.apache.axis.client.Call.invoke(Call.java:2767)
		org.apache.axis.client.Call.invoke(Call.java:2443)
		org.apache.axis.client.Call.invoke(Call.java:2366)
		org.apache.axis.client.Call.invoke(Call.java:1812)
		com.pos.Pos.PosWSPortBindingStubSinc.muestraEstadoSinc(PosWSPortBindingStubSinc.java:164)
		com.pos.apl.SincronizadorArticulo.run(SincronizadorArticulo.java:79)

Error: 210118 19:40:15Error en la conexion a WebService
	 java.net.ConnectException: Connection timed out: connect
		org.apache.axis.AxisFault.makeFault(AxisFault.java:101)
		org.apache.axis.transport.http.HTTPSender.invoke(HTTPSender.java:154)
		org.apache.axis.strategies.InvocationStrategy.visit(InvocationStrategy.java:32)
		org.apache.axis.SimpleChain.doVisiting(SimpleChain.java:118)
		org.apache.axis.SimpleChain.invoke(SimpleChain.java:83)
		org.apache.axis.client.AxisClient.invoke(AxisClient.java:165)
		org.apache.axis.client.Call.invokeEngine(Call.java:2784)
		org.apache.axis.client.Call.invoke(Call.java:2767)
		org.apache.axis.client.Call.invoke(Call.java:2443)
		org.apache.axis.client.Call.invoke(Call.java:2366)
		org.apache.axis.client.Call.invoke(Call.java:1812)
		com.pos.Pos.PosWSPortBindingStubSinc.muestraEstadoSinc(PosWSPortBindingStubSinc.java:164)
		com.pos.apl.SincronizadorArticulo.run(SincronizadorArticulo.java:79)

Error: 210118 19:40:29Error en la conexion a WebService
	 java.net.ConnectException: Connection refused: connect
		org.apache.axis.AxisFault.makeFault(AxisFault.java:101)
		org.apache.axis.transport.http.HTTPSender.invoke(HTTPSender.java:154)
		org.apache.axis.strategies.InvocationStrategy.visit(InvocationStrategy.java:32)
		org.apache.axis.SimpleChain.doVisiting(SimpleChain.java:118)
		org.apache.axis.SimpleChain.invoke(SimpleChain.java:83)
		org.apache.axis.client.AxisClient.invoke(AxisClient.java:165)
		org.apache.axis.client.Call.invokeEngine(Call.java:2784)
		org.apache.axis.client.Call.invoke(Call.java:2767)
		org.apache.axis.client.Call.invoke(Call.java:2443)
		org.apache.axis.client.Call.invoke(Call.java:2366)
		org.apache.axis.client.Call.invoke(Call.java:1812)
		com.pos.Pos.PosWSPortBindingStubSinc.muestraEstadoSinc(PosWSPortBindingStubSinc.java:164)
		com.pos.apl.SincronizadorArticulo.run(SincronizadorArticulo.java:79)

Error: 210118 19:40:51Error en la conexion a WebService
	 java.net.ConnectException: Connection timed out: connect
		org.apache.axis.AxisFault.makeFault(AxisFault.java:101)
		org.apache.axis.transport.http.HTTPSender.invoke(HTTPSender.java:154)
		org.apache.axis.strategies.InvocationStrategy.visit(InvocationStrategy.java:32)
		org.apache.axis.SimpleChain.doVisiting(SimpleChain.java:118)
		org.apache.axis.SimpleChain.invoke(SimpleChain.java:83)
		org.apache.axis.client.AxisClient.invoke(AxisClient.java:165)
		org.apache.axis.client.Call.invokeEngine(Call.java:2784)
		org.apache.axis.client.Call.invoke(Call.java:2767)
		org.apache.axis.client.Call.invoke(Call.java:2443)
		org.apache.axis.client.Call.invoke(Call.java:2366)
		org.apache.axis.client.Call.invoke(Call.java:1812)
		com.pos.Pos.PosWSPortBindingStubSinc.muestraEstadoSinc(PosWSPortBindingStubSinc.java:164)
		com.pos.apl.SincronizadorArticulo.run(SincronizadorArticulo.java:79)

Error: 210118 19:41:04Error en la conexion a WebService
	 java.net.ConnectException: Connection refused: connect
		org.apache.axis.AxisFault.makeFault(AxisFault.java:101)
		org.apache.axis.transport.http.HTTPSender.invoke(HTTPSender.java:154)
		org.apache.axis.strategies.InvocationStrategy.visit(InvocationStrategy.java:32)
		org.apache.axis.SimpleChain.doVisiting(SimpleChain.java:118)
		org.apache.axis.SimpleChain.invoke(SimpleChain.java:83)
		org.apache.axis.client.AxisClient.invoke(AxisClient.java:165)
		org.apache.axis.client.Call.invokeEngine(Call.java:2784)
		org.apache.axis.client.Call.invoke(Call.java:2767)
		org.apache.axis.client.Call.invoke(Call.java:2443)
		org.apache.axis.client.Call.invoke(Call.java:2366)
		org.apache.axis.client.Call.invoke(Call.java:1812)
		com.pos.Pos.PosWSPortBindingStubSinc.muestraEstadoSinc(PosWSPortBindingStubSinc.java:164)
		com.pos.apl.SincronizadorArticulo.run(SincronizadorArticulo.java:79)

Error: 210118 19:41:19Error en la conexion a WebService
	 java.net.ConnectException: Connection refused: connect
		org.apache.axis.AxisFault.makeFault(AxisFault.java:101)
		org.apache.axis.transport.http.HTTPSender.invoke(HTTPSender.java:154)
		org.apache.axis.strategies.InvocationStrategy.visit(InvocationStrategy.java:32)
		org.apache.axis.SimpleChain.doVisiting(SimpleChain.java:118)
		org.apache.axis.SimpleChain.invoke(SimpleChain.java:83)
		org.apache.axis.client.AxisClient.invoke(AxisClient.java:165)
		org.apache.axis.client.Call.invokeEngine(Call.java:2784)
		org.apache.axis.client.Call.invoke(Call.java:2767)
		org.apache.axis.client.Call.invoke(Call.java:2443)
		org.apache.axis.client.Call.invoke(Call.java:2366)
		org.apache.axis.client.Call.invoke(Call.java:1812)
		com.pos.Pos.PosWSPortBindingStubSinc.muestraEstadoSinc(PosWSPortBindingStubSinc.java:164)
		com.pos.apl.SincronizadorArticulo.run(SincronizadorArticulo.java:79)

Error: 210118 19:41:32Error en la conexion a WebService
	 java.net.ConnectException: Connection refused: connect
		org.apache.axis.AxisFault.makeFault(AxisFault.java:101)
		org.apache.axis.transport.http.HTTPSender.invoke(HTTPSender.java:154)
		org.apache.axis.strategies.InvocationStrategy.visit(InvocationStrategy.java:32)
		org.apache.axis.SimpleChain.doVisiting(SimpleChain.java:118)
		org.apache.axis.SimpleChain.invoke(SimpleChain.java:83)
		org.apache.axis.client.AxisClient.invoke(AxisClient.java:165)
		org.apache.axis.client.Call.invokeEngine(Call.java:2784)
		org.apache.axis.client.Call.invoke(Call.java:2767)
		org.apache.axis.client.Call.invoke(Call.java:2443)
		org.apache.axis.client.Call.invoke(Call.java:2366)
		org.apache.axis.client.Call.invoke(Call.java:1812)
		com.pos.Pos.PosWSPortBindingStubSinc.muestraEstadoSinc(PosWSPortBindingStubSinc.java:164)
		com.pos.apl.SincronizadorArticulo.run(SincronizadorArticulo.java:79)

Error: 210118 19:41:52Error en la conexion a WebService
	 java.net.ConnectException: Connection timed out: connect
		org.apache.axis.AxisFault.makeFault(AxisFault.java:101)
		org.apache.axis.transport.http.HTTPSender.invoke(HTTPSender.java:154)
		org.apache.axis.strategies.InvocationStrategy.visit(InvocationStrategy.java:32)
		org.apache.axis.SimpleChain.doVisiting(SimpleChain.java:118)
		org.apache.axis.SimpleChain.invoke(SimpleChain.java:83)
		org.apache.axis.client.AxisClient.invoke(AxisClient.java:165)
		org.apache.axis.client.Call.invokeEngine(Call.java:2784)
		org.apache.axis.client.Call.invoke(Call.java:2767)
		org.apache.axis.client.Call.invoke(Call.java:2443)
		org.apache.axis.client.Call.invoke(Call.java:2366)
		org.apache.axis.client.Call.invoke(Call.java:1812)
		com.pos.Pos.PosWSPortBindingStubSinc.muestraEstadoSinc(PosWSPortBindingStubSinc.java:164)
		com.pos.apl.SincronizadorArticulo.run(SincronizadorArticulo.java:79)

Error: 210118 19:44:02Error en la conexion a WebService
	 java.net.ConnectException: Connection timed out: connect
		org.apache.axis.AxisFault.makeFault(AxisFault.java:101)
		org.apache.axis.transport.http.HTTPSender.invoke(HTTPSender.java:154)
		org.apache.axis.strategies.InvocationStrategy.visit(InvocationStrategy.java:32)
		org.apache.axis.SimpleChain.doVisiting(SimpleChain.java:118)
		org.apache.axis.SimpleChain.invoke(SimpleChain.java:83)
		org.apache.axis.client.AxisClient.invoke(AxisClient.java:165)
		org.apache.axis.client.Call.invokeEngine(Call.java:2784)
		org.apache.axis.client.Call.invoke(Call.java:2767)
		org.apache.axis.client.Call.invoke(Call.java:2443)
		org.apache.axis.client.Call.invoke(Call.java:2366)
		org.apache.axis.client.Call.invoke(Call.java:1812)
		com.pos.Pos.PosWSPortBindingStubSinc.muestraEstadoSinc(PosWSPortBindingStubSinc.java:164)
		com.pos.apl.SincronizadorArticulo.run(SincronizadorArticulo.java:79)

Error: 210118 19:44:24Error en la conexion a WebService
	 java.net.ConnectException: Connection refused: connect
		org.apache.axis.AxisFault.makeFault(AxisFault.java:101)
		org.apache.axis.transport.http.HTTPSender.invoke(HTTPSender.java:154)
		org.apache.axis.strategies.InvocationStrategy.visit(InvocationStrategy.java:32)
		org.apache.axis.SimpleChain.doVisiting(SimpleChain.java:118)
		org.apache.axis.SimpleChain.invoke(SimpleChain.java:83)
		org.apache.axis.client.AxisClient.invoke(AxisClient.java:165)
		org.apache.axis.client.Call.invokeEngine(Call.java:2784)
		org.apache.axis.client.Call.invoke(Call.java:2767)
		org.apache.axis.client.Call.invoke(Call.java:2443)
		org.apache.axis.client.Call.invoke(Call.java:2366)
		org.apache.axis.client.Call.invoke(Call.java:1812)
		com.pos.Pos.PosWSPortBindingStubSinc.muestraEstadoSinc(PosWSPortBindingStubSinc.java:164)
		com.pos.apl.SincronizadorArticulo.run(SincronizadorArticulo.java:79)

Error: 210118 19:44:39Error en la conexion a WebService
	 java.net.ConnectException: Connection refused: connect
		org.apache.axis.AxisFault.makeFault(AxisFault.java:101)
		org.apache.axis.transport.http.HTTPSender.invoke(HTTPSender.java:154)
		org.apache.axis.strategies.InvocationStrategy.visit(InvocationStrategy.java:32)
		org.apache.axis.SimpleChain.doVisiting(SimpleChain.java:118)
		org.apache.axis.SimpleChain.invoke(SimpleChain.java:83)
		org.apache.axis.client.AxisClient.invoke(AxisClient.java:165)
		org.apache.axis.client.Call.invokeEngine(Call.java:2784)
		org.apache.axis.client.Call.invoke(Call.java:2767)
		org.apache.axis.client.Call.invoke(Call.java:2443)
		org.apache.axis.client.Call.invoke(Call.java:2366)
		org.apache.axis.client.Call.invoke(Call.java:1812)
		com.pos.Pos.PosWSPortBindingStubSinc.muestraEstadoSinc(PosWSPortBindingStubSinc.java:164)
		com.pos.apl.SincronizadorArticulo.run(SincronizadorArticulo.java:79)

Error: 210118 19:45:06Error en la conexion a WebService
	 java.net.ConnectException: Connection timed out: connect
		org.apache.axis.AxisFault.makeFault(AxisFault.java:101)
		org.apache.axis.transport.http.HTTPSender.invoke(HTTPSender.java:154)
		org.apache.axis.strategies.InvocationStrategy.visit(InvocationStrategy.java:32)
		org.apache.axis.SimpleChain.doVisiting(SimpleChain.java:118)
		org.apache.axis.SimpleChain.invoke(SimpleChain.java:83)
		org.apache.axis.client.AxisClient.invoke(AxisClient.java:165)
		org.apache.axis.client.Call.invokeEngine(Call.java:2784)
		org.apache.axis.client.Call.invoke(Call.java:2767)
		org.apache.axis.client.Call.invoke(Call.java:2443)
		org.apache.axis.client.Call.invoke(Call.java:2366)
		org.apache.axis.client.Call.invoke(Call.java:1812)
		com.pos.Pos.PosWSPortBindingStubSinc.muestraEstadoSinc(PosWSPortBindingStubSinc.java:164)
		com.pos.apl.SincronizadorArticulo.run(SincronizadorArticulo.java:79)

Error: 210118 19:45:25Error en la conexion a WebService
	 java.net.ConnectException: Connection timed out: connect
		org.apache.axis.AxisFault.makeFault(AxisFault.java:101)
		org.apache.axis.transport.http.HTTPSender.invoke(HTTPSender.java:154)
		org.apache.axis.strategies.InvocationStrategy.visit(InvocationStrategy.java:32)
		org.apache.axis.SimpleChain.doVisiting(SimpleChain.java:118)
		org.apache.axis.SimpleChain.invoke(SimpleChain.java:83)
		org.apache.axis.client.AxisClient.invoke(AxisClient.java:165)
		org.apache.axis.client.Call.invokeEngine(Call.java:2784)
		org.apache.axis.client.Call.invoke(Call.java:2767)
		org.apache.axis.client.Call.invoke(Call.java:2443)
		org.apache.axis.client.Call.invoke(Call.java:2366)
		org.apache.axis.client.Call.invoke(Call.java:1812)
		com.pos.Pos.PosWSPortBindingStubSinc.muestraEstadoSinc(PosWSPortBindingStubSinc.java:164)
		com.pos.apl.SincronizadorArticulo.run(SincronizadorArticulo.java:79)

Error: 210118 19:45:39Error en la conexion a WebService
	 java.net.ConnectException: Connection refused: connect
		org.apache.axis.AxisFault.makeFault(AxisFault.java:101)
		org.apache.axis.transport.http.HTTPSender.invoke(HTTPSender.java:154)
		org.apache.axis.strategies.InvocationStrategy.visit(InvocationStrategy.java:32)
		org.apache.axis.SimpleChain.doVisiting(SimpleChain.java:118)
		org.apache.axis.SimpleChain.invoke(SimpleChain.java:83)
		org.apache.axis.client.AxisClient.invoke(AxisClient.java:165)
		org.apache.axis.client.Call.invokeEngine(Call.java:2784)
		org.apache.axis.client.Call.invoke(Call.java:2767)
		org.apache.axis.client.Call.invoke(Call.java:2443)
		org.apache.axis.client.Call.invoke(Call.java:2366)
		org.apache.axis.client.Call.invoke(Call.java:1812)
		com.pos.Pos.PosWSPortBindingStubSinc.muestraEstadoSinc(PosWSPortBindingStubSinc.java:164)
		com.pos.apl.SincronizadorArticulo.run(SincronizadorArticulo.java:79)

Error: 210118 19:45:55Error en la conexion a WebService
	 java.net.ConnectException: Connection refused: connect
		org.apache.axis.AxisFault.makeFault(AxisFault.java:101)
		org.apache.axis.transport.http.HTTPSender.invoke(HTTPSender.java:154)
		org.apache.axis.strategies.InvocationStrategy.visit(InvocationStrategy.java:32)
		org.apache.axis.SimpleChain.doVisiting(SimpleChain.java:118)
		org.apache.axis.SimpleChain.invoke(SimpleChain.java:83)
		org.apache.axis.client.AxisClient.invoke(AxisClient.java:165)
		org.apache.axis.client.Call.invokeEngine(Call.java:2784)
		org.apache.axis.client.Call.invoke(Call.java:2767)
		org.apache.axis.client.Call.invoke(Call.java:2443)
		org.apache.axis.client.Call.invoke(Call.java:2366)
		org.apache.axis.client.Call.invoke(Call.java:1812)
		com.pos.Pos.PosWSPortBindingStubSinc.muestraEstadoSinc(PosWSPortBindingStubSinc.java:164)
		com.pos.apl.SincronizadorArticulo.run(SincronizadorArticulo.java:79)

Error: 210118 19:46:09Error en la conexion a WebService
	 java.net.ConnectException: Connection refused: connect
		org.apache.axis.AxisFault.makeFault(AxisFault.java:101)
		org.apache.axis.transport.http.HTTPSender.invoke(HTTPSender.java:154)
		org.apache.axis.strategies.InvocationStrategy.visit(InvocationStrategy.java:32)
		org.apache.axis.SimpleChain.doVisiting(SimpleChain.java:118)
		org.apache.axis.SimpleChain.invoke(SimpleChain.java:83)
		org.apache.axis.client.AxisClient.invoke(AxisClient.java:165)
		org.apache.axis.client.Call.invokeEngine(Call.java:2784)
		org.apache.axis.client.Call.invoke(Call.java:2767)
		org.apache.axis.client.Call.invoke(Call.java:2443)
		org.apache.axis.client.Call.invoke(Call.java:2366)
		org.apache.axis.client.Call.invoke(Call.java:1812)
		com.pos.Pos.PosWSPortBindingStubSinc.muestraEstadoSinc(PosWSPortBindingStubSinc.java:164)
		com.pos.apl.SincronizadorArticulo.run(SincronizadorArticulo.java:79)

Error: 210118 19:46:33Error en la conexion a WebService
	 java.net.ConnectException: Connection refused: connect
		org.apache.axis.AxisFault.makeFault(AxisFault.java:101)
		org.apache.axis.transport.http.HTTPSender.invoke(HTTPSender.java:154)
		org.apache.axis.strategies.InvocationStrategy.visit(InvocationStrategy.java:32)
		org.apache.axis.SimpleChain.doVisiting(SimpleChain.java:118)
		org.apache.axis.SimpleChain.invoke(SimpleChain.java:83)
		org.apache.axis.client.AxisClient.invoke(AxisClient.java:165)
		org.apache.axis.client.Call.invokeEngine(Call.java:2784)
		org.apache.axis.client.Call.invoke(Call.java:2767)
		org.apache.axis.client.Call.invoke(Call.java:2443)
		org.apache.axis.client.Call.invoke(Call.java:2366)
		org.apache.axis.client.Call.invoke(Call.java:1812)
		com.pos.Pos.PosWSPortBindingStubSinc.muestraEstadoSinc(PosWSPortBindingStubSinc.java:164)
		com.pos.apl.SincronizadorArticulo.run(SincronizadorArticulo.java:79)

Error: 210118 19:46:52Error en la conexion a WebService
	 java.net.ConnectException: Connection timed out: connect
		org.apache.axis.AxisFault.makeFault(AxisFault.java:101)
		org.apache.axis.transport.http.HTTPSender.invoke(HTTPSender.java:154)
		org.apache.axis.strategies.InvocationStrategy.visit(InvocationStrategy.java:32)
		org.apache.axis.SimpleChain.doVisiting(SimpleChain.java:118)
		org.apache.axis.SimpleChain.invoke(SimpleChain.java:83)
		org.apache.axis.client.AxisClient.invoke(AxisClient.java:165)
		org.apache.axis.client.Call.invokeEngine(Call.java:2784)
		org.apache.axis.client.Call.invoke(Call.java:2767)
		org.apache.axis.client.Call.invoke(Call.java:2443)
		org.apache.axis.client.Call.invoke(Call.java:2366)
		org.apache.axis.client.Call.invoke(Call.java:1812)
		com.pos.Pos.PosWSPortBindingStubSinc.muestraEstadoSinc(PosWSPortBindingStubSinc.java:164)
		com.pos.apl.SincronizadorArticulo.run(SincronizadorArticulo.java:79)

Error: 210118 19:47:12Error en la conexion a WebService
	 java.net.ConnectException: Connection timed out: connect
		org.apache.axis.AxisFault.makeFault(AxisFault.java:101)
		org.apache.axis.transport.http.HTTPSender.invoke(HTTPSender.java:154)
		org.apache.axis.strategies.InvocationStrategy.visit(InvocationStrategy.java:32)
		org.apache.axis.SimpleChain.doVisiting(SimpleChain.java:118)
		org.apache.axis.SimpleChain.invoke(SimpleChain.java:83)
		org.apache.axis.client.AxisClient.invoke(AxisClient.java:165)
		org.apache.axis.client.Call.invokeEngine(Call.java:2784)
		org.apache.axis.client.Call.invoke(Call.java:2767)
		org.apache.axis.client.Call.invoke(Call.java:2443)
		org.apache.axis.client.Call.invoke(Call.java:2366)
		org.apache.axis.client.Call.invoke(Call.java:1812)
		com.pos.Pos.PosWSPortBindingStubSinc.muestraEstadoSinc(PosWSPortBindingStubSinc.java:164)
		com.pos.apl.SincronizadorArticulo.run(SincronizadorArticulo.java:79)

Error: 210118 19:47:35Error en la conexion a WebService
	 java.net.ConnectException: Connection timed out: connect
		org.apache.axis.AxisFault.makeFault(AxisFault.java:101)
		org.apache.axis.transport.http.HTTPSender.invoke(HTTPSender.java:154)
		org.apache.axis.strategies.InvocationStrategy.visit(InvocationStrategy.java:32)
		org.apache.axis.SimpleChain.doVisiting(SimpleChain.java:118)
		org.apache.axis.SimpleChain.invoke(SimpleChain.java:83)
		org.apache.axis.client.AxisClient.invoke(AxisClient.java:165)
		org.apache.axis.client.Call.invokeEngine(Call.java:2784)
		org.apache.axis.client.Call.invoke(Call.java:2767)
		org.apache.axis.client.Call.invoke(Call.java:2443)
		org.apache.axis.client.Call.invoke(Call.java:2366)
		org.apache.axis.client.Call.invoke(Call.java:1812)
		com.pos.Pos.PosWSPortBindingStubSinc.muestraEstadoSinc(PosWSPortBindingStubSinc.java:164)
		com.pos.apl.SincronizadorArticulo.run(SincronizadorArticulo.java:79)

Error: 210118 19:47:53Error en la conexion a WebService
	 java.net.ConnectException: Connection refused: connect
		org.apache.axis.AxisFault.makeFault(AxisFault.java:101)
		org.apache.axis.transport.http.HTTPSender.invoke(HTTPSender.java:154)
		org.apache.axis.strategies.InvocationStrategy.visit(InvocationStrategy.java:32)
		org.apache.axis.SimpleChain.doVisiting(SimpleChain.java:118)
		org.apache.axis.SimpleChain.invoke(SimpleChain.java:83)
		org.apache.axis.client.AxisClient.invoke(AxisClient.java:165)
		org.apache.axis.client.Call.invokeEngine(Call.java:2784)
		org.apache.axis.client.Call.invoke(Call.java:2767)
		org.apache.axis.client.Call.invoke(Call.java:2443)
		org.apache.axis.client.Call.invoke(Call.java:2366)
		org.apache.axis.client.Call.invoke(Call.java:1812)
		com.pos.Pos.PosWSPortBindingStubSinc.muestraEstadoSinc(PosWSPortBindingStubSinc.java:164)
		com.pos.apl.SincronizadorArticulo.run(SincronizadorArticulo.java:79)

Error: 210118 19:48:07Error en la conexion a WebService
	 java.net.ConnectException: Connection refused: connect
		org.apache.axis.AxisFault.makeFault(AxisFault.java:101)
		org.apache.axis.transport.http.HTTPSender.invoke(HTTPSender.java:154)
		org.apache.axis.strategies.InvocationStrategy.visit(InvocationStrategy.java:32)
		org.apache.axis.SimpleChain.doVisiting(SimpleChain.java:118)
		org.apache.axis.SimpleChain.invoke(SimpleChain.java:83)
		org.apache.axis.client.AxisClient.invoke(AxisClient.java:165)
		org.apache.axis.client.Call.invokeEngine(Call.java:2784)
		org.apache.axis.client.Call.invoke(Call.java:2767)
		org.apache.axis.client.Call.invoke(Call.java:2443)
		org.apache.axis.client.Call.invoke(Call.java:2366)
		org.apache.axis.client.Call.invoke(Call.java:1812)
		com.pos.Pos.PosWSPortBindingStubSinc.muestraEstadoSinc(PosWSPortBindingStubSinc.java:164)
		com.pos.apl.SincronizadorArticulo.run(SincronizadorArticulo.java:79)

Error: 210118 19:48:37Error en la conexion a WebService
	 java.net.ConnectException: Connection timed out: connect
		org.apache.axis.AxisFault.makeFault(AxisFault.java:101)
		org.apache.axis.transport.http.HTTPSender.invoke(HTTPSender.java:154)
		org.apache.axis.strategies.InvocationStrategy.visit(InvocationStrategy.java:32)
		org.apache.axis.SimpleChain.doVisiting(SimpleChain.java:118)
		org.apache.axis.SimpleChain.invoke(SimpleChain.java:83)
		org.apache.axis.client.AxisClient.invoke(AxisClient.java:165)
		org.apache.axis.client.Call.invokeEngine(Call.java:2784)
		org.apache.axis.client.Call.invoke(Call.java:2767)
		org.apache.axis.client.Call.invoke(Call.java:2443)
		org.apache.axis.client.Call.invoke(Call.java:2366)
		org.apache.axis.client.Call.invoke(Call.java:1812)
		com.pos.Pos.PosWSPortBindingStubSinc.muestraEstadoSinc(PosWSPortBindingStubSinc.java:164)
		com.pos.apl.SincronizadorArticulo.run(SincronizadorArticulo.java:79)

Error: 210118 19:49:01Error en la conexion a WebService
	 java.net.ConnectException: Connection refused: connect
		org.apache.axis.AxisFault.makeFault(AxisFault.java:101)
		org.apache.axis.transport.http.HTTPSender.invoke(HTTPSender.java:154)
		org.apache.axis.strategies.InvocationStrategy.visit(InvocationStrategy.java:32)
		org.apache.axis.SimpleChain.doVisiting(SimpleChain.java:118)
		org.apache.axis.SimpleChain.invoke(SimpleChain.java:83)
		org.apache.axis.client.AxisClient.invoke(AxisClient.java:165)
		org.apache.axis.client.Call.invokeEngine(Call.java:2784)
		org.apache.axis.client.Call.invoke(Call.java:2767)
		org.apache.axis.client.Call.invoke(Call.java:2443)
		org.apache.axis.client.Call.invoke(Call.java:2366)
		org.apache.axis.client.Call.invoke(Call.java:1812)
		com.pos.Pos.PosWSPortBindingStubSinc.muestraEstadoSinc(PosWSPortBindingStubSinc.java:164)
		com.pos.apl.SincronizadorArticulo.run(SincronizadorArticulo.java:79)

Error: 210118 19:49:20Error en la conexion a WebService
	 java.net.ConnectException: Connection timed out: connect
		org.apache.axis.AxisFault.makeFault(AxisFault.java:101)
		org.apache.axis.transport.http.HTTPSender.invoke(HTTPSender.java:154)
		org.apache.axis.strategies.InvocationStrategy.visit(InvocationStrategy.java:32)
		org.apache.axis.SimpleChain.doVisiting(SimpleChain.java:118)
		org.apache.axis.SimpleChain.invoke(SimpleChain.java:83)
		org.apache.axis.client.AxisClient.invoke(AxisClient.java:165)
		org.apache.axis.client.Call.invokeEngine(Call.java:2784)
		org.apache.axis.client.Call.invoke(Call.java:2767)
		org.apache.axis.client.Call.invoke(Call.java:2443)
		org.apache.axis.client.Call.invoke(Call.java:2366)
		org.apache.axis.client.Call.invoke(Call.java:1812)
		com.pos.Pos.PosWSPortBindingStubSinc.muestraEstadoSinc(PosWSPortBindingStubSinc.java:164)
		com.pos.apl.SincronizadorArticulo.run(SincronizadorArticulo.java:79)

Error: 210118 19:49:39Error en la conexion a WebService
	 java.net.ConnectException: Connection refused: connect
		org.apache.axis.AxisFault.makeFault(AxisFault.java:101)
		org.apache.axis.transport.http.HTTPSender.invoke(HTTPSender.java:154)
		org.apache.axis.strategies.InvocationStrategy.visit(InvocationStrategy.java:32)
		org.apache.axis.SimpleChain.doVisiting(SimpleChain.java:118)
		org.apache.axis.SimpleChain.invoke(SimpleChain.java:83)
		org.apache.axis.client.AxisClient.invoke(AxisClient.java:165)
		org.apache.axis.client.Call.invokeEngine(Call.java:2784)
		org.apache.axis.client.Call.invoke(Call.java:2767)
		org.apache.axis.client.Call.invoke(Call.java:2443)
		org.apache.axis.client.Call.invoke(Call.java:2366)
		org.apache.axis.client.Call.invoke(Call.java:1812)
		com.pos.Pos.PosWSPortBindingStubSinc.muestraEstadoSinc(PosWSPortBindingStubSinc.java:164)
		com.pos.apl.SincronizadorArticulo.run(SincronizadorArticulo.java:79)

Error: 210118 19:49:56Error en la conexion a WebService
	 java.net.ConnectException: Connection refused: connect
		org.apache.axis.AxisFault.makeFault(AxisFault.java:101)
		org.apache.axis.transport.http.HTTPSender.invoke(HTTPSender.java:154)
		org.apache.axis.strategies.InvocationStrategy.visit(InvocationStrategy.java:32)
		org.apache.axis.SimpleChain.doVisiting(SimpleChain.java:118)
		org.apache.axis.SimpleChain.invoke(SimpleChain.java:83)
		org.apache.axis.client.AxisClient.invoke(AxisClient.java:165)
		org.apache.axis.client.Call.invokeEngine(Call.java:2784)
		org.apache.axis.client.Call.invoke(Call.java:2767)
		org.apache.axis.client.Call.invoke(Call.java:2443)
		org.apache.axis.client.Call.invoke(Call.java:2366)
		org.apache.axis.client.Call.invoke(Call.java:1812)
		com.pos.Pos.PosWSPortBindingStubSinc.muestraEstadoSinc(PosWSPortBindingStubSinc.java:164)
		com.pos.apl.SincronizadorArticulo.run(SincronizadorArticulo.java:79)

Error: 210118 19:50:11Error en la conexion a WebService
	 java.net.ConnectException: Connection refused: connect
		org.apache.axis.AxisFault.makeFault(AxisFault.java:101)
		org.apache.axis.transport.http.HTTPSender.invoke(HTTPSender.java:154)
		org.apache.axis.strategies.InvocationStrategy.visit(InvocationStrategy.java:32)
		org.apache.axis.SimpleChain.doVisiting(SimpleChain.java:118)
		org.apache.axis.SimpleChain.invoke(SimpleChain.java:83)
		org.apache.axis.client.AxisClient.invoke(AxisClient.java:165)
		org.apache.axis.client.Call.invokeEngine(Call.java:2784)
		org.apache.axis.client.Call.invoke(Call.java:2767)
		org.apache.axis.client.Call.invoke(Call.java:2443)
		org.apache.axis.client.Call.invoke(Call.java:2366)
		org.apache.axis.client.Call.invoke(Call.java:1812)
		com.pos.Pos.PosWSPortBindingStubSinc.muestraEstadoSinc(PosWSPortBindingStubSinc.java:164)
		com.pos.apl.SincronizadorArticulo.run(SincronizadorArticulo.java:79)

Error: 210118 19:50:24Error en la conexion a WebService
	 java.net.ConnectException: Connection refused: connect
		org.apache.axis.AxisFault.makeFault(AxisFault.java:101)
		org.apache.axis.transport.http.HTTPSender.invoke(HTTPSender.java:154)
		org.apache.axis.strategies.InvocationStrategy.visit(InvocationStrategy.java:32)
		org.apache.axis.SimpleChain.doVisiting(SimpleChain.java:118)
		org.apache.axis.SimpleChain.invoke(SimpleChain.java:83)
		org.apache.axis.client.AxisClient.invoke(AxisClient.java:165)
		org.apache.axis.client.Call.invokeEngine(Call.java:2784)
		org.apache.axis.client.Call.invoke(Call.java:2767)
		org.apache.axis.client.Call.invoke(Call.java:2443)
		org.apache.axis.client.Call.invoke(Call.java:2366)
		org.apache.axis.client.Call.invoke(Call.java:1812)
		com.pos.Pos.PosWSPortBindingStubSinc.muestraEstadoSinc(PosWSPortBindingStubSinc.java:164)
		com.pos.apl.SincronizadorArticulo.run(SincronizadorArticulo.java:79)

Error: 210118 19:50:38Error en la conexion a WebService
	 java.net.ConnectException: Connection refused: connect
		org.apache.axis.AxisFault.makeFault(AxisFault.java:101)
		org.apache.axis.transport.http.HTTPSender.invoke(HTTPSender.java:154)
		org.apache.axis.strategies.InvocationStrategy.visit(InvocationStrategy.java:32)
		org.apache.axis.SimpleChain.doVisiting(SimpleChain.java:118)
		org.apache.axis.SimpleChain.invoke(SimpleChain.java:83)
		org.apache.axis.client.AxisClient.invoke(AxisClient.java:165)
		org.apache.axis.client.Call.invokeEngine(Call.java:2784)
		org.apache.axis.client.Call.invoke(Call.java:2767)
		org.apache.axis.client.Call.invoke(Call.java:2443)
		org.apache.axis.client.Call.invoke(Call.java:2366)
		org.apache.axis.client.Call.invoke(Call.java:1812)
		com.pos.Pos.PosWSPortBindingStubSinc.muestraEstadoSinc(PosWSPortBindingStubSinc.java:164)
		com.pos.apl.SincronizadorArticulo.run(SincronizadorArticulo.java:79)

Error: 210118 19:50:59Error en la conexion a WebService
	 java.net.ConnectException: Connection timed out: connect
		org.apache.axis.AxisFault.makeFault(AxisFault.java:101)
		org.apache.axis.transport.http.HTTPSender.invoke(HTTPSender.java:154)
		org.apache.axis.strategies.InvocationStrategy.visit(InvocationStrategy.java:32)
		org.apache.axis.SimpleChain.doVisiting(SimpleChain.java:118)
		org.apache.axis.SimpleChain.invoke(SimpleChain.java:83)
		org.apache.axis.client.AxisClient.invoke(AxisClient.java:165)
		org.apache.axis.client.Call.invokeEngine(Call.java:2784)
		org.apache.axis.client.Call.invoke(Call.java:2767)
		org.apache.axis.client.Call.invoke(Call.java:2443)
		org.apache.axis.client.Call.invoke(Call.java:2366)
		org.apache.axis.client.Call.invoke(Call.java:1812)
		com.pos.Pos.PosWSPortBindingStubSinc.muestraEstadoSinc(PosWSPortBindingStubSinc.java:164)
		com.pos.apl.SincronizadorArticulo.run(SincronizadorArticulo.java:79)

Error: 210118 19:51:16Error en la conexion a WebService
	 java.net.ConnectException: Connection refused: connect
		org.apache.axis.AxisFault.makeFault(AxisFault.java:101)
		org.apache.axis.transport.http.HTTPSender.invoke(HTTPSender.java:154)
		org.apache.axis.strategies.InvocationStrategy.visit(InvocationStrategy.java:32)
		org.apache.axis.SimpleChain.doVisiting(SimpleChain.java:118)
		org.apache.axis.SimpleChain.invoke(SimpleChain.java:83)
		org.apache.axis.client.AxisClient.invoke(AxisClient.java:165)
		org.apache.axis.client.Call.invokeEngine(Call.java:2784)
		org.apache.axis.client.Call.invoke(Call.java:2767)
		org.apache.axis.client.Call.invoke(Call.java:2443)
		org.apache.axis.client.Call.invoke(Call.java:2366)
		org.apache.axis.client.Call.invoke(Call.java:1812)
		com.pos.Pos.PosWSPortBindingStubSinc.muestraEstadoSinc(PosWSPortBindingStubSinc.java:164)
		com.pos.apl.SincronizadorArticulo.run(SincronizadorArticulo.java:79)

Error: 210118 19:51:37Error en la conexion a WebService
	 java.net.ConnectException: Connection timed out: connect
		org.apache.axis.AxisFault.makeFault(AxisFault.java:101)
		org.apache.axis.transport.http.HTTPSender.invoke(HTTPSender.java:154)
		org.apache.axis.strategies.InvocationStrategy.visit(InvocationStrategy.java:32)
		org.apache.axis.SimpleChain.doVisiting(SimpleChain.java:118)
		org.apache.axis.SimpleChain.invoke(SimpleChain.java:83)
		org.apache.axis.client.AxisClient.invoke(AxisClient.java:165)
		org.apache.axis.client.Call.invokeEngine(Call.java:2784)
		org.apache.axis.client.Call.invoke(Call.java:2767)
		org.apache.axis.client.Call.invoke(Call.java:2443)
		org.apache.axis.client.Call.invoke(Call.java:2366)
		org.apache.axis.client.Call.invoke(Call.java:1812)
		com.pos.Pos.PosWSPortBindingStubSinc.muestraEstadoSinc(PosWSPortBindingStubSinc.java:164)
		com.pos.apl.SincronizadorArticulo.run(SincronizadorArticulo.java:79)

Error: 210118 19:51:57Error en la conexion a WebService
	 java.net.ConnectException: Connection timed out: connect
		org.apache.axis.AxisFault.makeFault(AxisFault.java:101)
		org.apache.axis.transport.http.HTTPSender.invoke(HTTPSender.java:154)
		org.apache.axis.strategies.InvocationStrategy.visit(InvocationStrategy.java:32)
		org.apache.axis.SimpleChain.doVisiting(SimpleChain.java:118)
		org.apache.axis.SimpleChain.invoke(SimpleChain.java:83)
		org.apache.axis.client.AxisClient.invoke(AxisClient.java:165)
		org.apache.axis.client.Call.invokeEngine(Call.java:2784)
		org.apache.axis.client.Call.invoke(Call.java:2767)
		org.apache.axis.client.Call.invoke(Call.java:2443)
		org.apache.axis.client.Call.invoke(Call.java:2366)
		org.apache.axis.client.Call.invoke(Call.java:1812)
		com.pos.Pos.PosWSPortBindingStubSinc.muestraEstadoSinc(PosWSPortBindingStubSinc.java:164)
		com.pos.apl.SincronizadorArticulo.run(SincronizadorArticulo.java:79)

Error: 210118 19:52:12Error en la conexion a WebService
	 java.net.ConnectException: Connection refused: connect
		org.apache.axis.AxisFault.makeFault(AxisFault.java:101)
		org.apache.axis.transport.http.HTTPSender.invoke(HTTPSender.java:154)
		org.apache.axis.strategies.InvocationStrategy.visit(InvocationStrategy.java:32)
		org.apache.axis.SimpleChain.doVisiting(SimpleChain.java:118)
		org.apache.axis.SimpleChain.invoke(SimpleChain.java:83)
		org.apache.axis.client.AxisClient.invoke(AxisClient.java:165)
		org.apache.axis.client.Call.invokeEngine(Call.java:2784)
		org.apache.axis.client.Call.invoke(Call.java:2767)
		org.apache.axis.client.Call.invoke(Call.java:2443)
		org.apache.axis.client.Call.invoke(Call.java:2366)
		org.apache.axis.client.Call.invoke(Call.java:1812)
		com.pos.Pos.PosWSPortBindingStubSinc.muestraEstadoSinc(PosWSPortBindingStubSinc.java:164)
		com.pos.apl.SincronizadorArticulo.run(SincronizadorArticulo.java:79)

Error: 210118 19:52:27Error en la conexion a WebService
	 java.net.ConnectException: Connection refused: connect
		org.apache.axis.AxisFault.makeFault(AxisFault.java:101)
		org.apache.axis.transport.http.HTTPSender.invoke(HTTPSender.java:154)
		org.apache.axis.strategies.InvocationStrategy.visit(InvocationStrategy.java:32)
		org.apache.axis.SimpleChain.doVisiting(SimpleChain.java:118)
		org.apache.axis.SimpleChain.invoke(SimpleChain.java:83)
		org.apache.axis.client.AxisClient.invoke(AxisClient.java:165)
		org.apache.axis.client.Call.invokeEngine(Call.java:2784)
		org.apache.axis.client.Call.invoke(Call.java:2767)
		org.apache.axis.client.Call.invoke(Call.java:2443)
		org.apache.axis.client.Call.invoke(Call.java:2366)
		org.apache.axis.client.Call.invoke(Call.java:1812)
		com.pos.Pos.PosWSPortBindingStubSinc.muestraEstadoSinc(PosWSPortBindingStubSinc.java:164)
		com.pos.apl.SincronizadorArticulo.run(SincronizadorArticulo.java:79)

Error: 210118 19:52:46Error en la conexion a WebService
	 java.net.ConnectException: Connection timed out: connect
		org.apache.axis.AxisFault.makeFault(AxisFault.java:101)
		org.apache.axis.transport.http.HTTPSender.invoke(HTTPSender.java:154)
		org.apache.axis.strategies.InvocationStrategy.visit(InvocationStrategy.java:32)
		org.apache.axis.SimpleChain.doVisiting(SimpleChain.java:118)
		org.apache.axis.SimpleChain.invoke(SimpleChain.java:83)
		org.apache.axis.client.AxisClient.invoke(AxisClient.java:165)
		org.apache.axis.client.Call.invokeEngine(Call.java:2784)
		org.apache.axis.client.Call.invoke(Call.java:2767)
		org.apache.axis.client.Call.invoke(Call.java:2443)
		org.apache.axis.client.Call.invoke(Call.java:2366)
		org.apache.axis.client.Call.invoke(Call.java:1812)
		com.pos.Pos.PosWSPortBindingStubSinc.muestraEstadoSinc(PosWSPortBindingStubSinc.java:164)
		com.pos.apl.SincronizadorArticulo.run(SincronizadorArticulo.java:79)

Error: 210118 19:53:00Error en la conexion a WebService
	 java.net.ConnectException: Connection refused: connect
		org.apache.axis.AxisFault.makeFault(AxisFault.java:101)
		org.apache.axis.transport.http.HTTPSender.invoke(HTTPSender.java:154)
		org.apache.axis.strategies.InvocationStrategy.visit(InvocationStrategy.java:32)
		org.apache.axis.SimpleChain.doVisiting(SimpleChain.java:118)
		org.apache.axis.SimpleChain.invoke(SimpleChain.java:83)
		org.apache.axis.client.AxisClient.invoke(AxisClient.java:165)
		org.apache.axis.client.Call.invokeEngine(Call.java:2784)
		org.apache.axis.client.Call.invoke(Call.java:2767)
		org.apache.axis.client.Call.invoke(Call.java:2443)
		org.apache.axis.client.Call.invoke(Call.java:2366)
		org.apache.axis.client.Call.invoke(Call.java:1812)
		com.pos.Pos.PosWSPortBindingStubSinc.muestraEstadoSinc(PosWSPortBindingStubSinc.java:164)
		com.pos.apl.SincronizadorArticulo.run(SincronizadorArticulo.java:79)

Error: 210118 19:53:14Error en la conexion a WebService
	 java.net.ConnectException: Connection refused: connect
		org.apache.axis.AxisFault.makeFault(AxisFault.java:101)
		org.apache.axis.transport.http.HTTPSender.invoke(HTTPSender.java:154)
		org.apache.axis.strategies.InvocationStrategy.visit(InvocationStrategy.java:32)
		org.apache.axis.SimpleChain.doVisiting(SimpleChain.java:118)
		org.apache.axis.SimpleChain.invoke(SimpleChain.java:83)
		org.apache.axis.client.AxisClient.invoke(AxisClient.java:165)
		org.apache.axis.client.Call.invokeEngine(Call.java:2784)
		org.apache.axis.client.Call.invoke(Call.java:2767)
		org.apache.axis.client.Call.invoke(Call.java:2443)
		org.apache.axis.client.Call.invoke(Call.java:2366)
		org.apache.axis.client.Call.invoke(Call.java:1812)
		com.pos.Pos.PosWSPortBindingStubSinc.muestraEstadoSinc(PosWSPortBindingStubSinc.java:164)
		com.pos.apl.SincronizadorArticulo.run(SincronizadorArticulo.java:79)

Error: 210118 19:53:35Error en la conexion a WebService
	 java.net.ConnectException: Connection timed out: connect
		org.apache.axis.AxisFault.makeFault(AxisFault.java:101)
		org.apache.axis.transport.http.HTTPSender.invoke(HTTPSender.java:154)
		org.apache.axis.strategies.InvocationStrategy.visit(InvocationStrategy.java:32)
		org.apache.axis.SimpleChain.doVisiting(SimpleChain.java:118)
		org.apache.axis.SimpleChain.invoke(SimpleChain.java:83)
		org.apache.axis.client.AxisClient.invoke(AxisClient.java:165)
		org.apache.axis.client.Call.invokeEngine(Call.java:2784)
		org.apache.axis.client.Call.invoke(Call.java:2767)
		org.apache.axis.client.Call.invoke(Call.java:2443)
		org.apache.axis.client.Call.invoke(Call.java:2366)
		org.apache.axis.client.Call.invoke(Call.java:1812)
		com.pos.Pos.PosWSPortBindingStubSinc.muestraEstadoSinc(PosWSPortBindingStubSinc.java:164)
		com.pos.apl.SincronizadorArticulo.run(SincronizadorArticulo.java:79)

Error: 210118 19:53:48Error en la conexion a WebService
	 java.net.ConnectException: Connection refused: connect
		org.apache.axis.AxisFault.makeFault(AxisFault.java:101)
		org.apache.axis.transport.http.HTTPSender.invoke(HTTPSender.java:154)
		org.apache.axis.strategies.InvocationStrategy.visit(InvocationStrategy.java:32)
		org.apache.axis.SimpleChain.doVisiting(SimpleChain.java:118)
		org.apache.axis.SimpleChain.invoke(SimpleChain.java:83)
		org.apache.axis.client.AxisClient.invoke(AxisClient.java:165)
		org.apache.axis.client.Call.invokeEngine(Call.java:2784)
		org.apache.axis.client.Call.invoke(Call.java:2767)
		org.apache.axis.client.Call.invoke(Call.java:2443)
		org.apache.axis.client.Call.invoke(Call.java:2366)
		org.apache.axis.client.Call.invoke(Call.java:1812)
		com.pos.Pos.PosWSPortBindingStubSinc.muestraEstadoSinc(PosWSPortBindingStubSinc.java:164)
		com.pos.apl.SincronizadorArticulo.run(SincronizadorArticulo.java:79)

Error: 210118 19:54:02Error en la conexion a WebService
	 java.net.ConnectException: Connection refused: connect
		org.apache.axis.AxisFault.makeFault(AxisFault.java:101)
		org.apache.axis.transport.http.HTTPSender.invoke(HTTPSender.java:154)
		org.apache.axis.strategies.InvocationStrategy.visit(InvocationStrategy.java:32)
		org.apache.axis.SimpleChain.doVisiting(SimpleChain.java:118)
		org.apache.axis.SimpleChain.invoke(SimpleChain.java:83)
		org.apache.axis.client.AxisClient.invoke(AxisClient.java:165)
		org.apache.axis.client.Call.invokeEngine(Call.java:2784)
		org.apache.axis.client.Call.invoke(Call.java:2767)
		org.apache.axis.client.Call.invoke(Call.java:2443)
		org.apache.axis.client.Call.invoke(Call.java:2366)
		org.apache.axis.client.Call.invoke(Call.java:1812)
		com.pos.Pos.PosWSPortBindingStubSinc.muestraEstadoSinc(PosWSPortBindingStubSinc.java:164)
		com.pos.apl.SincronizadorArticulo.run(SincronizadorArticulo.java:79)

Error: 210118 19:54:15Error en la conexion a WebService
	 java.net.ConnectException: Connection refused: connect
		org.apache.axis.AxisFault.makeFault(AxisFault.java:101)
		org.apache.axis.transport.http.HTTPSender.invoke(HTTPSender.java:154)
		org.apache.axis.strategies.InvocationStrategy.visit(InvocationStrategy.java:32)
		org.apache.axis.SimpleChain.doVisiting(SimpleChain.java:118)
		org.apache.axis.SimpleChain.invoke(SimpleChain.java:83)
		org.apache.axis.client.AxisClient.invoke(AxisClient.java:165)
		org.apache.axis.client.Call.invokeEngine(Call.java:2784)
		org.apache.axis.client.Call.invoke(Call.java:2767)
		org.apache.axis.client.Call.invoke(Call.java:2443)
		org.apache.axis.client.Call.invoke(Call.java:2366)
		org.apache.axis.client.Call.invoke(Call.java:1812)
		com.pos.Pos.PosWSPortBindingStubSinc.muestraEstadoSinc(PosWSPortBindingStubSinc.java:164)
		com.pos.apl.SincronizadorArticulo.run(SincronizadorArticulo.java:79)

Error: 210118 19:54:31Error en la conexion a WebService
	 java.net.ConnectException: Connection refused: connect
		org.apache.axis.AxisFault.makeFault(AxisFault.java:101)
		org.apache.axis.transport.http.HTTPSender.invoke(HTTPSender.java:154)
		org.apache.axis.strategies.InvocationStrategy.visit(InvocationStrategy.java:32)
		org.apache.axis.SimpleChain.doVisiting(SimpleChain.java:118)
		org.apache.axis.SimpleChain.invoke(SimpleChain.java:83)
		org.apache.axis.client.AxisClient.invoke(AxisClient.java:165)
		org.apache.axis.client.Call.invokeEngine(Call.java:2784)
		org.apache.axis.client.Call.invoke(Call.java:2767)
		org.apache.axis.client.Call.invoke(Call.java:2443)
		org.apache.axis.client.Call.invoke(Call.java:2366)
		org.apache.axis.client.Call.invoke(Call.java:1812)
		com.pos.Pos.PosWSPortBindingStubSinc.muestraEstadoSinc(PosWSPortBindingStubSinc.java:164)
		com.pos.apl.SincronizadorArticulo.run(SincronizadorArticulo.java:79)

Error: 210118 19:54:44Error en la conexion a WebService
	 java.net.ConnectException: Connection refused: connect
		org.apache.axis.AxisFault.makeFault(AxisFault.java:101)
		org.apache.axis.transport.http.HTTPSender.invoke(HTTPSender.java:154)
		org.apache.axis.strategies.InvocationStrategy.visit(InvocationStrategy.java:32)
		org.apache.axis.SimpleChain.doVisiting(SimpleChain.java:118)
		org.apache.axis.SimpleChain.invoke(SimpleChain.java:83)
		org.apache.axis.client.AxisClient.invoke(AxisClient.java:165)
		org.apache.axis.client.Call.invokeEngine(Call.java:2784)
		org.apache.axis.client.Call.invoke(Call.java:2767)
		org.apache.axis.client.Call.invoke(Call.java:2443)
		org.apache.axis.client.Call.invoke(Call.java:2366)
		org.apache.axis.client.Call.invoke(Call.java:1812)
		com.pos.Pos.PosWSPortBindingStubSinc.muestraEstadoSinc(PosWSPortBindingStubSinc.java:164)
		com.pos.apl.SincronizadorArticulo.run(SincronizadorArticulo.java:79)

Error: 210118 19:55:01Error en la conexion a WebService
	 java.net.ConnectException: Connection refused: connect
		org.apache.axis.AxisFault.makeFault(AxisFault.java:101)
		org.apache.axis.transport.http.HTTPSender.invoke(HTTPSender.java:154)
		org.apache.axis.strategies.InvocationStrategy.visit(InvocationStrategy.java:32)
		org.apache.axis.SimpleChain.doVisiting(SimpleChain.java:118)
		org.apache.axis.SimpleChain.invoke(SimpleChain.java:83)
		org.apache.axis.client.AxisClient.invoke(AxisClient.java:165)
		org.apache.axis.client.Call.invokeEngine(Call.java:2784)
		org.apache.axis.client.Call.invoke(Call.java:2767)
		org.apache.axis.client.Call.invoke(Call.java:2443)
		org.apache.axis.client.Call.invoke(Call.java:2366)
		org.apache.axis.client.Call.invoke(Call.java:1812)
		com.pos.Pos.PosWSPortBindingStubSinc.muestraEstadoSinc(PosWSPortBindingStubSinc.java:164)
		com.pos.apl.SincronizadorArticulo.run(SincronizadorArticulo.java:79)

Error: 210118 19:55:25Error en la conexion a WebService
	 java.net.ConnectException: Connection refused: connect
		org.apache.axis.AxisFault.makeFault(AxisFault.java:101)
		org.apache.axis.transport.http.HTTPSender.invoke(HTTPSender.java:154)
		org.apache.axis.strategies.InvocationStrategy.visit(InvocationStrategy.java:32)
		org.apache.axis.SimpleChain.doVisiting(SimpleChain.java:118)
		org.apache.axis.SimpleChain.invoke(SimpleChain.java:83)
		org.apache.axis.client.AxisClient.invoke(AxisClient.java:165)
		org.apache.axis.client.Call.invokeEngine(Call.java:2784)
		org.apache.axis.client.Call.invoke(Call.java:2767)
		org.apache.axis.client.Call.invoke(Call.java:2443)
		org.apache.axis.client.Call.invoke(Call.java:2366)
		org.apache.axis.client.Call.invoke(Call.java:1812)
		com.pos.Pos.PosWSPortBindingStubSinc.muestraEstadoSinc(PosWSPortBindingStubSinc.java:164)
		com.pos.apl.SincronizadorArticulo.run(SincronizadorArticulo.java:79)

Error: 210118 19:55:44Error en la conexion a WebService
	 java.net.ConnectException: Connection timed out: connect
		org.apache.axis.AxisFault.makeFault(AxisFault.java:101)
		org.apache.axis.transport.http.HTTPSender.invoke(HTTPSender.java:154)
		org.apache.axis.strategies.InvocationStrategy.visit(InvocationStrategy.java:32)
		org.apache.axis.SimpleChain.doVisiting(SimpleChain.java:118)
		org.apache.axis.SimpleChain.invoke(SimpleChain.java:83)
		org.apache.axis.client.AxisClient.invoke(AxisClient.java:165)
		org.apache.axis.client.Call.invokeEngine(Call.java:2784)
		org.apache.axis.client.Call.invoke(Call.java:2767)
		org.apache.axis.client.Call.invoke(Call.java:2443)
		org.apache.axis.client.Call.invoke(Call.java:2366)
		org.apache.axis.client.Call.invoke(Call.java:1812)
		com.pos.Pos.PosWSPortBindingStubSinc.muestraEstadoSinc(PosWSPortBindingStubSinc.java:164)
		com.pos.apl.SincronizadorArticulo.run(SincronizadorArticulo.java:79)

Error: 210118 19:55:58Error en la conexion a WebService
	 java.net.ConnectException: Connection refused: connect
		org.apache.axis.AxisFault.makeFault(AxisFault.java:101)
		org.apache.axis.transport.http.HTTPSender.invoke(HTTPSender.java:154)
		org.apache.axis.strategies.InvocationStrategy.visit(InvocationStrategy.java:32)
		org.apache.axis.SimpleChain.doVisiting(SimpleChain.java:118)
		org.apache.axis.SimpleChain.invoke(SimpleChain.java:83)
		org.apache.axis.client.AxisClient.invoke(AxisClient.java:165)
		org.apache.axis.client.Call.invokeEngine(Call.java:2784)
		org.apache.axis.client.Call.invoke(Call.java:2767)
		org.apache.axis.client.Call.invoke(Call.java:2443)
		org.apache.axis.client.Call.invoke(Call.java:2366)
		org.apache.axis.client.Call.invoke(Call.java:1812)
		com.pos.Pos.PosWSPortBindingStubSinc.muestraEstadoSinc(PosWSPortBindingStubSinc.java:164)
		com.pos.apl.SincronizadorArticulo.run(SincronizadorArticulo.java:79)

Error: 210118 19:56:18Error en la conexion a WebService
	 java.net.ConnectException: Connection refused: connect
		org.apache.axis.AxisFault.makeFault(AxisFault.java:101)
		org.apache.axis.transport.http.HTTPSender.invoke(HTTPSender.java:154)
		org.apache.axis.strategies.InvocationStrategy.visit(InvocationStrategy.java:32)
		org.apache.axis.SimpleChain.doVisiting(SimpleChain.java:118)
		org.apache.axis.SimpleChain.invoke(SimpleChain.java:83)
		org.apache.axis.client.AxisClient.invoke(AxisClient.java:165)
		org.apache.axis.client.Call.invokeEngine(Call.java:2784)
		org.apache.axis.client.Call.invoke(Call.java:2767)
		org.apache.axis.client.Call.invoke(Call.java:2443)
		org.apache.axis.client.Call.invoke(Call.java:2366)
		org.apache.axis.client.Call.invoke(Call.java:1812)
		com.pos.Pos.PosWSPortBindingStubSinc.muestraEstadoSinc(PosWSPortBindingStubSinc.java:164)
		com.pos.apl.SincronizadorArticulo.run(SincronizadorArticulo.java:79)

Error: 210118 19:56:38Error en la conexion a WebService
	 java.net.ConnectException: Connection timed out: connect
		org.apache.axis.AxisFault.makeFault(AxisFault.java:101)
		org.apache.axis.transport.http.HTTPSender.invoke(HTTPSender.java:154)
		org.apache.axis.strategies.InvocationStrategy.visit(InvocationStrategy.java:32)
		org.apache.axis.SimpleChain.doVisiting(SimpleChain.java:118)
		org.apache.axis.SimpleChain.invoke(SimpleChain.java:83)
		org.apache.axis.client.AxisClient.invoke(AxisClient.java:165)
		org.apache.axis.client.Call.invokeEngine(Call.java:2784)
		org.apache.axis.client.Call.invoke(Call.java:2767)
		org.apache.axis.client.Call.invoke(Call.java:2443)
		org.apache.axis.client.Call.invoke(Call.java:2366)
		org.apache.axis.client.Call.invoke(Call.java:1812)
		com.pos.Pos.PosWSPortBindingStubSinc.muestraEstadoSinc(PosWSPortBindingStubSinc.java:164)
		com.pos.apl.SincronizadorArticulo.run(SincronizadorArticulo.java:79)

Error: 210118 19:56:57Error en la conexion a WebService
	 java.net.ConnectException: Connection timed out: connect
		org.apache.axis.AxisFault.makeFault(AxisFault.java:101)
		org.apache.axis.transport.http.HTTPSender.invoke(HTTPSender.java:154)
		org.apache.axis.strategies.InvocationStrategy.visit(InvocationStrategy.java:32)
		org.apache.axis.SimpleChain.doVisiting(SimpleChain.java:118)
		org.apache.axis.SimpleChain.invoke(SimpleChain.java:83)
		org.apache.axis.client.AxisClient.invoke(AxisClient.java:165)
		org.apache.axis.client.Call.invokeEngine(Call.java:2784)
		org.apache.axis.client.Call.invoke(Call.java:2767)
		org.apache.axis.client.Call.invoke(Call.java:2443)
		org.apache.axis.client.Call.invoke(Call.java:2366)
		org.apache.axis.client.Call.invoke(Call.java:1812)
		com.pos.Pos.PosWSPortBindingStubSinc.muestraEstadoSinc(PosWSPortBindingStubSinc.java:164)
		com.pos.apl.SincronizadorArticulo.run(SincronizadorArticulo.java:79)

Error: 210118 19:57:16Error en la conexion a WebService
	 java.net.ConnectException: Connection timed out: connect
		org.apache.axis.AxisFault.makeFault(AxisFault.java:101)
		org.apache.axis.transport.http.HTTPSender.invoke(HTTPSender.java:154)
		org.apache.axis.strategies.InvocationStrategy.visit(InvocationStrategy.java:32)
		org.apache.axis.SimpleChain.doVisiting(SimpleChain.java:118)
		org.apache.axis.SimpleChain.invoke(SimpleChain.java:83)
		org.apache.axis.client.AxisClient.invoke(AxisClient.java:165)
		org.apache.axis.client.Call.invokeEngine(Call.java:2784)
		org.apache.axis.client.Call.invoke(Call.java:2767)
		org.apache.axis.client.Call.invoke(Call.java:2443)
		org.apache.axis.client.Call.invoke(Call.java:2366)
		org.apache.axis.client.Call.invoke(Call.java:1812)
		com.pos.Pos.PosWSPortBindingStubSinc.muestraEstadoSinc(PosWSPortBindingStubSinc.java:164)
		com.pos.apl.SincronizadorArticulo.run(SincronizadorArticulo.java:79)

Error: 210118 19:57:30Error en la conexion a WebService
	 java.net.ConnectException: Connection refused: connect
		org.apache.axis.AxisFault.makeFault(AxisFault.java:101)
		org.apache.axis.transport.http.HTTPSender.invoke(HTTPSender.java:154)
		org.apache.axis.strategies.InvocationStrategy.visit(InvocationStrategy.java:32)
		org.apache.axis.SimpleChain.doVisiting(SimpleChain.java:118)
		org.apache.axis.SimpleChain.invoke(SimpleChain.java:83)
		org.apache.axis.client.AxisClient.invoke(AxisClient.java:165)
		org.apache.axis.client.Call.invokeEngine(Call.java:2784)
		org.apache.axis.client.Call.invoke(Call.java:2767)
		org.apache.axis.client.Call.invoke(Call.java:2443)
		org.apache.axis.client.Call.invoke(Call.java:2366)
		org.apache.axis.client.Call.invoke(Call.java:1812)
		com.pos.Pos.PosWSPortBindingStubSinc.muestraEstadoSinc(PosWSPortBindingStubSinc.java:164)
		com.pos.apl.SincronizadorArticulo.run(SincronizadorArticulo.java:79)

Error: 210118 19:57:46Error en la conexion a WebService
	 java.net.ConnectException: Connection refused: connect
		org.apache.axis.AxisFault.makeFault(AxisFault.java:101)
		org.apache.axis.transport.http.HTTPSender.invoke(HTTPSender.java:154)
		org.apache.axis.strategies.InvocationStrategy.visit(InvocationStrategy.java:32)
		org.apache.axis.SimpleChain.doVisiting(SimpleChain.java:118)
		org.apache.axis.SimpleChain.invoke(SimpleChain.java:83)
		org.apache.axis.client.AxisClient.invoke(AxisClient.java:165)
		org.apache.axis.client.Call.invokeEngine(Call.java:2784)
		org.apache.axis.client.Call.invoke(Call.java:2767)
		org.apache.axis.client.Call.invoke(Call.java:2443)
		org.apache.axis.client.Call.invoke(Call.java:2366)
		org.apache.axis.client.Call.invoke(Call.java:1812)
		com.pos.Pos.PosWSPortBindingStubSinc.muestraEstadoSinc(PosWSPortBindingStubSinc.java:164)
		com.pos.apl.SincronizadorArticulo.run(SincronizadorArticulo.java:79)

Error: 210118 19:58:00Error en la conexion a WebService
	 java.net.ConnectException: Connection refused: connect
		org.apache.axis.AxisFault.makeFault(AxisFault.java:101)
		org.apache.axis.transport.http.HTTPSender.invoke(HTTPSender.java:154)
		org.apache.axis.strategies.InvocationStrategy.visit(InvocationStrategy.java:32)
		org.apache.axis.SimpleChain.doVisiting(SimpleChain.java:118)
		org.apache.axis.SimpleChain.invoke(SimpleChain.java:83)
		org.apache.axis.client.AxisClient.invoke(AxisClient.java:165)
		org.apache.axis.client.Call.invokeEngine(Call.java:2784)
		org.apache.axis.client.Call.invoke(Call.java:2767)
		org.apache.axis.client.Call.invoke(Call.java:2443)
		org.apache.axis.client.Call.invoke(Call.java:2366)
		org.apache.axis.client.Call.invoke(Call.java:1812)
		com.pos.Pos.PosWSPortBindingStubSinc.muestraEstadoSinc(PosWSPortBindingStubSinc.java:164)
		com.pos.apl.SincronizadorArticulo.run(SincronizadorArticulo.java:79)

Error: 210118 19:58:13Error en la conexion a WebService
	 java.net.ConnectException: Connection refused: connect
		org.apache.axis.AxisFault.makeFault(AxisFault.java:101)
		org.apache.axis.transport.http.HTTPSender.invoke(HTTPSender.java:154)
		org.apache.axis.strategies.InvocationStrategy.visit(InvocationStrategy.java:32)
		org.apache.axis.SimpleChain.doVisiting(SimpleChain.java:118)
		org.apache.axis.SimpleChain.invoke(SimpleChain.java:83)
		org.apache.axis.client.AxisClient.invoke(AxisClient.java:165)
		org.apache.axis.client.Call.invokeEngine(Call.java:2784)
		org.apache.axis.client.Call.invoke(Call.java:2767)
		org.apache.axis.client.Call.invoke(Call.java:2443)
		org.apache.axis.client.Call.invoke(Call.java:2366)
		org.apache.axis.client.Call.invoke(Call.java:1812)
		com.pos.Pos.PosWSPortBindingStubSinc.muestraEstadoSinc(PosWSPortBindingStubSinc.java:164)
		com.pos.apl.SincronizadorArticulo.run(SincronizadorArticulo.java:79)

Error: 210118 19:58:27Error en la conexion a WebService
	 java.net.ConnectException: Connection refused: connect
		org.apache.axis.AxisFault.makeFault(AxisFault.java:101)
		org.apache.axis.transport.http.HTTPSender.invoke(HTTPSender.java:154)
		org.apache.axis.strategies.InvocationStrategy.visit(InvocationStrategy.java:32)
		org.apache.axis.SimpleChain.doVisiting(SimpleChain.java:118)
		org.apache.axis.SimpleChain.invoke(SimpleChain.java:83)
		org.apache.axis.client.AxisClient.invoke(AxisClient.java:165)
		org.apache.axis.client.Call.invokeEngine(Call.java:2784)
		org.apache.axis.client.Call.invoke(Call.java:2767)
		org.apache.axis.client.Call.invoke(Call.java:2443)
		org.apache.axis.client.Call.invoke(Call.java:2366)
		org.apache.axis.client.Call.invoke(Call.java:1812)
		com.pos.Pos.PosWSPortBindingStubSinc.muestraEstadoSinc(PosWSPortBindingStubSinc.java:164)
		com.pos.apl.SincronizadorArticulo.run(SincronizadorArticulo.java:79)

Error: 210118 19:58:42Error en la conexion a WebService
	 java.net.ConnectException: Connection refused: connect
		org.apache.axis.AxisFault.makeFault(AxisFault.java:101)
		org.apache.axis.transport.http.HTTPSender.invoke(HTTPSender.java:154)
		org.apache.axis.strategies.InvocationStrategy.visit(InvocationStrategy.java:32)
		org.apache.axis.SimpleChain.doVisiting(SimpleChain.java:118)
		org.apache.axis.SimpleChain.invoke(SimpleChain.java:83)
		org.apache.axis.client.AxisClient.invoke(AxisClient.java:165)
		org.apache.axis.client.Call.invokeEngine(Call.java:2784)
		org.apache.axis.client.Call.invoke(Call.java:2767)
		org.apache.axis.client.Call.invoke(Call.java:2443)
		org.apache.axis.client.Call.invoke(Call.java:2366)
		org.apache.axis.client.Call.invoke(Call.java:1812)
		com.pos.Pos.PosWSPortBindingStubSinc.muestraEstadoSinc(PosWSPortBindingStubSinc.java:164)
		com.pos.apl.SincronizadorArticulo.run(SincronizadorArticulo.java:79)

Error: 210118 19:58:55Error en la conexion a WebService
	 java.net.ConnectException: Connection refused: connect
		org.apache.axis.AxisFault.makeFault(AxisFault.java:101)
		org.apache.axis.transport.http.HTTPSender.invoke(HTTPSender.java:154)
		org.apache.axis.strategies.InvocationStrategy.visit(InvocationStrategy.java:32)
		org.apache.axis.SimpleChain.doVisiting(SimpleChain.java:118)
		org.apache.axis.SimpleChain.invoke(SimpleChain.java:83)
		org.apache.axis.client.AxisClient.invoke(AxisClient.java:165)
		org.apache.axis.client.Call.invokeEngine(Call.java:2784)
		org.apache.axis.client.Call.invoke(Call.java:2767)
		org.apache.axis.client.Call.invoke(Call.java:2443)
		org.apache.axis.client.Call.invoke(Call.java:2366)
		org.apache.axis.client.Call.invoke(Call.java:1812)
		com.pos.Pos.PosWSPortBindingStubSinc.muestraEstadoSinc(PosWSPortBindingStubSinc.java:164)
		com.pos.apl.SincronizadorArticulo.run(SincronizadorArticulo.java:79)

Error: 210118 19:59:16Error en la conexion a WebService
	 java.net.ConnectException: Connection refused: connect
		org.apache.axis.AxisFault.makeFault(AxisFault.java:101)
		org.apache.axis.transport.http.HTTPSender.invoke(HTTPSender.java:154)
		org.apache.axis.strategies.InvocationStrategy.visit(InvocationStrategy.java:32)
		org.apache.axis.SimpleChain.doVisiting(SimpleChain.java:118)
		org.apache.axis.SimpleChain.invoke(SimpleChain.java:83)
		org.apache.axis.client.AxisClient.invoke(AxisClient.java:165)
		org.apache.axis.client.Call.invokeEngine(Call.java:2784)
		org.apache.axis.client.Call.invoke(Call.java:2767)
		org.apache.axis.client.Call.invoke(Call.java:2443)
		org.apache.axis.client.Call.invoke(Call.java:2366)
		org.apache.axis.client.Call.invoke(Call.java:1812)
		com.pos.Pos.PosWSPortBindingStubSinc.muestraEstadoSinc(PosWSPortBindingStubSinc.java:164)
		com.pos.apl.SincronizadorArticulo.run(SincronizadorArticulo.java:79)

Error: 210118 19:59:47Error en la conexion a WebService
	 java.net.ConnectException: Connection timed out: connect
		org.apache.axis.AxisFault.makeFault(AxisFault.java:101)
		org.apache.axis.transport.http.HTTPSender.invoke(HTTPSender.java:154)
		org.apache.axis.strategies.InvocationStrategy.visit(InvocationStrategy.java:32)
		org.apache.axis.SimpleChain.doVisiting(SimpleChain.java:118)
		org.apache.axis.SimpleChain.invoke(SimpleChain.java:83)
		org.apache.axis.client.AxisClient.invoke(AxisClient.java:165)
		org.apache.axis.client.Call.invokeEngine(Call.java:2784)
		org.apache.axis.client.Call.invoke(Call.java:2767)
		org.apache.axis.client.Call.invoke(Call.java:2443)
		org.apache.axis.client.Call.invoke(Call.java:2366)
		org.apache.axis.client.Call.invoke(Call.java:1812)
		com.pos.Pos.PosWSPortBindingStubSinc.muestraEstadoSinc(PosWSPortBindingStubSinc.java:164)
		com.pos.apl.SincronizadorArticulo.run(SincronizadorArticulo.java:79)

Error: 210118 20:00:01Error en la conexion a WebService
	 java.net.ConnectException: Connection refused: connect
		org.apache.axis.AxisFault.makeFault(AxisFault.java:101)
		org.apache.axis.transport.http.HTTPSender.invoke(HTTPSender.java:154)
		org.apache.axis.strategies.InvocationStrategy.visit(InvocationStrategy.java:32)
		org.apache.axis.SimpleChain.doVisiting(SimpleChain.java:118)
		org.apache.axis.SimpleChain.invoke(SimpleChain.java:83)
		org.apache.axis.client.AxisClient.invoke(AxisClient.java:165)
		org.apache.axis.client.Call.invokeEngine(Call.java:2784)
		org.apache.axis.client.Call.invoke(Call.java:2767)
		org.apache.axis.client.Call.invoke(Call.java:2443)
		org.apache.axis.client.Call.invoke(Call.java:2366)
		org.apache.axis.client.Call.invoke(Call.java:1812)
		com.pos.Pos.PosWSPortBindingStubSinc.muestraEstadoSinc(PosWSPortBindingStubSinc.java:164)
		com.pos.apl.SincronizadorArticulo.run(SincronizadorArticulo.java:79)

Error: 210118 20:00:21Error en la conexion a WebService
	 java.net.ConnectException: Connection refused: connect
		org.apache.axis.AxisFault.makeFault(AxisFault.java:101)
		org.apache.axis.transport.http.HTTPSender.invoke(HTTPSender.java:154)
		org.apache.axis.strategies.InvocationStrategy.visit(InvocationStrategy.java:32)
		org.apache.axis.SimpleChain.doVisiting(SimpleChain.java:118)
		org.apache.axis.SimpleChain.invoke(SimpleChain.java:83)
		org.apache.axis.client.AxisClient.invoke(AxisClient.java:165)
		org.apache.axis.client.Call.invokeEngine(Call.java:2784)
		org.apache.axis.client.Call.invoke(Call.java:2767)
		org.apache.axis.client.Call.invoke(Call.java:2443)
		org.apache.axis.client.Call.invoke(Call.java:2366)
		org.apache.axis.client.Call.invoke(Call.java:1812)
		com.pos.Pos.PosWSPortBindingStubSinc.muestraEstadoSinc(PosWSPortBindingStubSinc.java:164)
		com.pos.apl.SincronizadorArticulo.run(SincronizadorArticulo.java:79)

